07/01 18:03:09 LoadMOThread started
07/01 18:03:11 Load total sucessfull count :0
     first time count   : 0
     reload failed count: 0
07/01 18:03:21 Load total sucessfull count :0
     first time count   : 0
     reload failed count: 0
07/01 18:03:31 Load total sucessfull count :0
     first time count   : 0
     reload failed count: 0
07/01 18:03:41 Load total sucessfull count :0
     first time count   : 0
     reload failed count: 0
07/01 18:03:51 Load total sucessfull count :0
     first time count   : 0
     reload failed count: 0
07/01 18:04:01 Load total sucessfull count :0
     first time count   : 0
     reload failed count: 0
07/01 18:04:11 Load total sucessfull count :0
     first time count   : 0
     reload failed count: 0
07/01 18:04:21 Load total sucessfull count :0
     first time count   : 0
     reload failed count: 0
07/01 18:04:31 Load total sucessfull count :0
     first time count   : 0
     reload failed count: 0
07/01 18:04:41 Load total sucessfull count :0
     first time count   : 0
     reload failed count: 0
07/01 18:04:51 Load total sucessfull count :0
     first time count   : 0
     reload failed count: 0
07/01 18:05:01 Load total sucessfull count :0
     first time count   : 0
     reload failed count: 0
07/01 18:05:11 Load total sucessfull count :0
     first time count   : 0
     reload failed count: 0
07/01 18:05:21 Load total sucessfull count :0
     first time count   : 0
     reload failed count: 0
07/01 18:05:31 Load total sucessfull count :0
     first time count   : 0
     reload failed count: 0
07/01 18:05:41 Load total sucessfull count :0
     first time count   : 0
     reload failed count: 0
07/01 18:05:51 Load total sucessfull count :0
     first time count   : 0
     reload failed count: 0
07/01 18:06:01 Load total sucessfull count :0
     first time count   : 0
     reload failed count: 0
07/01 18:06:11 Load total sucessfull count :0
     first time count   : 0
     reload failed count: 0
07/01 18:06:21 LoadMOThread stopped
07/01 18:06:21 LoadMOThread started
07/01 18:06:21 Load total sucessfull count :0
     first time count   : 0
     reload failed count: 0
07/01 18:06:31 Load total sucessfull count :0
     first time count   : 0
     reload failed count: 0
07/01 18:06:41 Load total sucessfull count :0
     first time count   : 0
     reload failed count: 0
07/01 18:06:51 Load total sucessfull count :0
     first time count   : 0
     reload failed count: 0
07/01 18:07:01 Load total sucessfull count :0
     first time count   : 0
     reload failed count: 0
07/01 18:07:11 Load total sucessfull count :0
     first time count   : 0
     reload failed count: 0
07/01 18:07:21 Load total sucessfull count :0
     first time count   : 0
     reload failed count: 0
07/01 18:07:31 Load total sucessfull count :0
     first time count   : 0
     reload failed count: 0
07/01 18:07:41 Load total sucessfull count :0
     first time count   : 0
     reload failed count: 0
07/01 18:07:51 Load total sucessfull count :0
     first time count   : 0
     reload failed count: 0
07/01 18:08:01 Load total sucessfull count :0
     first time count   : 0
     reload failed count: 0
07/01 18:08:11 Load total sucessfull count :0
     first time count   : 0
     reload failed count: 0
07/01 18:08:21 Load total sucessfull count :0
     first time count   : 0
     reload failed count: 0
07/01 18:08:31 Load total sucessfull count :0
     first time count   : 0
     reload failed count: 0
07/01 18:08:41 Load total sucessfull count :0
     first time count   : 0
     reload failed count: 0
07/01 18:08:51 Load total sucessfull count :0
     first time count   : 0
     reload failed count: 0
07/01 18:09:01 Load total sucessfull count :0
     first time count   : 0
     reload failed count: 0
07/01 18:09:11 Load total sucessfull count :0
     first time count   : 0
     reload failed count: 0
07/01 18:09:21 Load total sucessfull count :0
     first time count   : 0
     reload failed count: 0
07/01 18:09:31 Load total sucessfull count :0
     first time count   : 0
     reload failed count: 0
07/01 18:09:41 Load total sucessfull count :0
     first time count   : 0
     reload failed count: 0
07/01 18:09:51 Load total sucessfull count :0
     first time count   : 0
     reload failed count: 0
07/01 18:10:01 Load total sucessfull count :0
     first time count   : 0
     reload failed count: 0
07/01 18:10:11 Load total sucessfull count :0
     first time count   : 0
     reload failed count: 0
07/01 18:10:21 Load total sucessfull count :0
     first time count   : 0
     reload failed count: 0
07/01 18:10:31 Load total sucessfull count :0
     first time count   : 0
     reload failed count: 0
07/01 18:10:41 Load total sucessfull count :0
     first time count   : 0
     reload failed count: 0
07/01 18:10:51 Load total sucessfull count :0
     first time count   : 0
     reload failed count: 0
07/01 18:11:01 Load total sucessfull count :0
     first time count   : 0
     reload failed count: 0
07/01 18:11:11 Load total sucessfull count :0
     first time count   : 0
     reload failed count: 0
07/01 18:11:21 Load total sucessfull count :0
     first time count   : 0
     reload failed count: 0
07/01 18:11:31 Load total sucessfull count :0
     first time count   : 0
     reload failed count: 0
07/01 18:11:41 Load total sucessfull count :0
     first time count   : 0
     reload failed count: 0
07/01 18:11:52 Load total sucessfull count :0
     first time count   : 0
     reload failed count: 0
07/01 18:12:02 Load total sucessfull count :0
     first time count   : 0
     reload failed count: 0
07/01 18:12:12 Load total sucessfull count :0
     first time count   : 0
     reload failed count: 0
07/01 18:12:22 Load total sucessfull count :0
     first time count   : 0
     reload failed count: 0
07/01 18:12:32 Load total sucessfull count :0
     first time count   : 0
     reload failed count: 0
07/01 18:12:42 Load total sucessfull count :0
     first time count   : 0
     reload failed count: 0
07/01 18:12:52 Load total sucessfull count :0
     first time count   : 0
     reload failed count: 0
07/01 18:13:02 Load total sucessfull count :0
     first time count   : 0
     reload failed count: 0
07/01 18:13:12 Load total sucessfull count :0
     first time count   : 0
     reload failed count: 0
07/01 18:13:22 Load total sucessfull count :0
     first time count   : 0
     reload failed count: 0
07/01 18:13:32 Load total sucessfull count :0
     first time count   : 0
     reload failed count: 0
07/01 18:13:42 Load total sucessfull count :0
     first time count   : 0
     reload failed count: 0
07/01 18:13:52 Load total sucessfull count :0
     first time count   : 0
     reload failed count: 0
07/01 18:14:02 Load total sucessfull count :0
     first time count   : 0
     reload failed count: 0
07/01 18:14:12 Load total sucessfull count :0
     first time count   : 0
     reload failed count: 0
07/01 18:14:22 Load total sucessfull count :0
     first time count   : 0
     reload failed count: 0
07/01 18:14:32 Load total sucessfull count :0
     first time count   : 0
     reload failed count: 0
07/01 18:14:42 Load total sucessfull count :0
     first time count   : 0
     reload failed count: 0
07/01 18:14:52 Load total sucessfull count :0
     first time count   : 0
     reload failed count: 0
07/01 18:15:02 Load total sucessfull count :0
     first time count   : 0
     reload failed count: 0
07/01 18:15:12 Load total sucessfull count :0
     first time count   : 0
     reload failed count: 0
07/01 18:15:22 Load total sucessfull count :0
     first time count   : 0
     reload failed count: 0
07/01 18:15:32 Load total sucessfull count :0
     first time count   : 0
     reload failed count: 0
07/01 18:15:42 Load total sucessfull count :0
     first time count   : 0
     reload failed count: 0
07/01 18:15:52 Load total sucessfull count :0
     first time count   : 0
     reload failed count: 0
07/01 18:16:02 Load total sucessfull count :0
     first time count   : 0
     reload failed count: 0
07/01 18:16:12 Load total sucessfull count :0
     first time count   : 0
     reload failed count: 0
07/01 18:16:22 Load total sucessfull count :0
     first time count   : 0
     reload failed count: 0
07/01 18:16:32 Load total sucessfull count :0
     first time count   : 0
     reload failed count: 0
07/01 18:16:42 Load total sucessfull count :0
     first time count   : 0
     reload failed count: 0
07/01 18:16:52 Load total sucessfull count :0
     first time count   : 0
     reload failed count: 0
07/01 18:17:02 Load total sucessfull count :0
     first time count   : 0
     reload failed count: 0
07/01 18:17:12 Load total sucessfull count :0
     first time count   : 0
     reload failed count: 0
07/01 18:17:22 Load total sucessfull count :0
     first time count   : 0
     reload failed count: 0
07/01 18:17:32 Load total sucessfull count :0
     first time count   : 0
     reload failed count: 0
07/01 18:17:42 Load total sucessfull count :0
     first time count   : 0
     reload failed count: 0
07/01 18:17:52 Load total sucessfull count :0
     first time count   : 0
     reload failed count: 0
07/01 18:18:02 Load total sucessfull count :0
     first time count   : 0
     reload failed count: 0
07/01 18:18:12 Load total sucessfull count :0
     first time count   : 0
     reload failed count: 0
07/01 18:18:22 Load total sucessfull count :0
     first time count   : 0
     reload failed count: 0
07/01 18:18:32 Load total sucessfull count :0
     first time count   : 0
     reload failed count: 0
07/01 18:18:42 Load total sucessfull count :0
     first time count   : 0
     reload failed count: 0
07/01 18:18:52 Load total sucessfull count :0
     first time count   : 0
     reload failed count: 0
07/01 18:19:02 Load total sucessfull count :0
     first time count   : 0
     reload failed count: 0
07/01 18:19:12 Load total sucessfull count :0
     first time count   : 0
     reload failed count: 0
07/01 18:19:22 Load total sucessfull count :0
     first time count   : 0
     reload failed count: 0
07/01 18:19:32 Load total sucessfull count :0
     first time count   : 0
     reload failed count: 0
07/01 18:19:42 Load total sucessfull count :0
     first time count   : 0
     reload failed count: 0
07/01 18:19:52 Load total sucessfull count :0
     first time count   : 0
     reload failed count: 0
07/01 18:20:02 Load total sucessfull count :0
     first time count   : 0
     reload failed count: 0
07/01 18:20:12 Load total sucessfull count :0
     first time count   : 0
     reload failed count: 0
07/01 18:20:22 Load total sucessfull count :0
     first time count   : 0
     reload failed count: 0
07/01 18:20:32 Load total sucessfull count :0
     first time count   : 0
     reload failed count: 0
07/01 18:20:42 Load total sucessfull count :0
     first time count   : 0
     reload failed count: 0
07/01 18:20:52 Load total sucessfull count :0
     first time count   : 0
     reload failed count: 0
07/01 18:21:02 Load total sucessfull count :0
     first time count   : 0
     reload failed count: 0
07/01 18:21:12 Load total sucessfull count :0
     first time count   : 0
     reload failed count: 0
07/01 18:21:22 Load total sucessfull count :0
     first time count   : 0
     reload failed count: 0
07/01 18:21:32 Load total sucessfull count :0
     first time count   : 0
     reload failed count: 0
07/01 18:21:42 Load total sucessfull count :0
     first time count   : 0
     reload failed count: 0
07/01 18:21:52 Load total sucessfull count :0
     first time count   : 0
     reload failed count: 0
07/01 18:22:02 Load total sucessfull count :0
     first time count   : 0
     reload failed count: 0
07/01 18:22:12 Load total sucessfull count :0
     first time count   : 0
     reload failed count: 0
07/01 18:22:22 Load total sucessfull count :0
     first time count   : 0
     reload failed count: 0
07/01 18:22:32 Load total sucessfull count :0
     first time count   : 0
     reload failed count: 0
07/01 18:22:42 Load total sucessfull count :0
     first time count   : 0
     reload failed count: 0
07/01 18:22:52 Load total sucessfull count :0
     first time count   : 0
     reload failed count: 0
07/01 18:23:02 Load total sucessfull count :0
     first time count   : 0
     reload failed count: 0
07/01 18:23:12 Load total sucessfull count :0
     first time count   : 0
     reload failed count: 0
07/01 18:23:22 Load total sucessfull count :0
     first time count   : 0
     reload failed count: 0
07/01 18:23:32 Load total sucessfull count :0
     first time count   : 0
     reload failed count: 0
07/01 18:23:42 Load total sucessfull count :0
     first time count   : 0
     reload failed count: 0
07/01 18:23:52 Load total sucessfull count :0
     first time count   : 0
     reload failed count: 0
07/01 18:24:02 Load total sucessfull count :0
     first time count   : 0
     reload failed count: 0
07/01 18:24:12 Load total sucessfull count :0
     first time count   : 0
     reload failed count: 0
07/01 18:24:22 Load total sucessfull count :0
     first time count   : 0
     reload failed count: 0
07/01 18:24:32 Load total sucessfull count :0
     first time count   : 0
     reload failed count: 0
07/01 18:24:42 Load total sucessfull count :0
     first time count   : 0
     reload failed count: 0
07/01 18:24:52 Load total sucessfull count :0
     first time count   : 0
     reload failed count: 0
07/01 18:25:02 Load total sucessfull count :0
     first time count   : 0
     reload failed count: 0
07/01 18:25:12 Load total sucessfull count :0
     first time count   : 0
     reload failed count: 0
07/01 18:25:22 Load total sucessfull count :0
     first time count   : 0
     reload failed count: 0
07/01 18:25:32 Load total sucessfull count :0
     first time count   : 0
     reload failed count: 0
07/01 18:25:42 Load total sucessfull count :0
     first time count   : 0
     reload failed count: 0
07/01 18:25:52 Load total sucessfull count :0
     first time count   : 0
     reload failed count: 0
07/01 18:26:02 Load total sucessfull count :0
     first time count   : 0
     reload failed count: 0
07/01 18:26:12 Load total sucessfull count :0
     first time count   : 0
     reload failed count: 0
07/01 18:26:22 Load total sucessfull count :0
     first time count   : 0
     reload failed count: 0
07/01 18:26:32 Load total sucessfull count :0
     first time count   : 0
     reload failed count: 0
07/01 18:26:42 Load total sucessfull count :0
     first time count   : 0
     reload failed count: 0
07/01 18:26:52 Load total sucessfull count :0
     first time count   : 0
     reload failed count: 0
07/01 18:27:02 Load total sucessfull count :0
     first time count   : 0
     reload failed count: 0
07/01 18:27:12 Load total sucessfull count :0
     first time count   : 0
     reload failed count: 0
07/01 18:27:22 Load total sucessfull count :0
     first time count   : 0
     reload failed count: 0
07/01 18:27:32 Load total sucessfull count :0
     first time count   : 0
     reload failed count: 0
07/01 18:27:42 Load total sucessfull count :0
     first time count   : 0
     reload failed count: 0
07/01 18:27:52 Load total sucessfull count :0
     first time count   : 0
     reload failed count: 0
07/01 18:28:02 Load total sucessfull count :0
     first time count   : 0
     reload failed count: 0
07/01 18:28:12 Load total sucessfull count :0
     first time count   : 0
     reload failed count: 0
07/01 18:28:22 Load total sucessfull count :0
     first time count   : 0
     reload failed count: 0
07/01 18:28:32 Load total sucessfull count :0
     first time count   : 0
     reload failed count: 0
07/01 18:28:42 Load total sucessfull count :0
     first time count   : 0
     reload failed count: 0
07/01 18:28:52 Load total sucessfull count :0
     first time count   : 0
     reload failed count: 0
07/01 18:29:02 Load total sucessfull count :0
     first time count   : 0
     reload failed count: 0
07/01 18:29:12 Load total sucessfull count :0
     first time count   : 0
     reload failed count: 0
07/01 18:29:22 Load total sucessfull count :0
     first time count   : 0
     reload failed count: 0
07/01 18:29:32 Load total sucessfull count :0
     first time count   : 0
     reload failed count: 0
07/01 18:29:42 Load total sucessfull count :0
     first time count   : 0
     reload failed count: 0
07/01 18:29:52 Load total sucessfull count :0
     first time count   : 0
     reload failed count: 0
07/01 18:30:02 Load total sucessfull count :0
     first time count   : 0
     reload failed count: 0
07/01 18:30:12 Load total sucessfull count :0
     first time count   : 0
     reload failed count: 0
07/01 18:30:22 Load total sucessfull count :0
     first time count   : 0
     reload failed count: 0
07/01 18:30:32 Load total sucessfull count :0
     first time count   : 0
     reload failed count: 0
07/01 18:30:42 Load total sucessfull count :0
     first time count   : 0
     reload failed count: 0
07/01 18:30:52 Load total sucessfull count :0
     first time count   : 0
     reload failed count: 0
07/01 18:31:02 Load total sucessfull count :0
     first time count   : 0
     reload failed count: 0
07/01 18:31:12 Load total sucessfull count :0
     first time count   : 0
     reload failed count: 0
07/01 18:31:22 Load total sucessfull count :0
     first time count   : 0
     reload failed count: 0
07/01 18:31:32 Load total sucessfull count :0
     first time count   : 0
     reload failed count: 0
07/01 18:31:42 Load total sucessfull count :0
     first time count   : 0
     reload failed count: 0
07/01 18:31:52 Load total sucessfull count :0
     first time count   : 0
     reload failed count: 0
07/01 18:32:02 Load total sucessfull count :0
     first time count   : 0
     reload failed count: 0
07/01 18:32:12 Load total sucessfull count :0
     first time count   : 0
     reload failed count: 0
07/01 18:32:22 Load total sucessfull count :0
     first time count   : 0
     reload failed count: 0
07/01 18:32:32 Load total sucessfull count :0
     first time count   : 0
     reload failed count: 0
07/01 18:32:42 Load total sucessfull count :0
     first time count   : 0
     reload failed count: 0
07/01 18:32:52 Load total sucessfull count :0
     first time count   : 0
     reload failed count: 0
07/01 18:33:02 Load total sucessfull count :0
     first time count   : 0
     reload failed count: 0
07/01 18:33:12 Load total sucessfull count :0
     first time count   : 0
     reload failed count: 0
07/01 18:33:22 Load total sucessfull count :0
     first time count   : 0
     reload failed count: 0
07/01 18:33:32 Load total sucessfull count :0
     first time count   : 0
     reload failed count: 0
07/01 18:33:42 Load total sucessfull count :0
     first time count   : 0
     reload failed count: 0
07/01 18:33:52 Load total sucessfull count :0
     first time count   : 0
     reload failed count: 0
07/01 18:34:02 Load total sucessfull count :0
     first time count   : 0
     reload failed count: 0
07/01 18:34:12 Load total sucessfull count :0
     first time count   : 0
     reload failed count: 0
07/01 18:34:22 Load total sucessfull count :0
     first time count   : 0
     reload failed count: 0
07/01 18:34:32 Load total sucessfull count :0
     first time count   : 0
     reload failed count: 0
07/01 18:34:42 Load total sucessfull count :0
     first time count   : 0
     reload failed count: 0
07/01 18:34:52 Load total sucessfull count :0
     first time count   : 0
     reload failed count: 0
07/01 18:35:02 Load total sucessfull count :0
     first time count   : 0
     reload failed count: 0
07/01 18:35:12 Load total sucessfull count :0
     first time count   : 0
     reload failed count: 0
07/01 18:35:22 Load total sucessfull count :0
     first time count   : 0
     reload failed count: 0
07/01 18:35:32 Load total sucessfull count :0
     first time count   : 0
     reload failed count: 0
07/01 18:35:42 Load total sucessfull count :0
     first time count   : 0
     reload failed count: 0
07/01 18:35:52 Load total sucessfull count :0
     first time count   : 0
     reload failed count: 0
07/01 18:36:02 Load total sucessfull count :0
     first time count   : 0
     reload failed count: 0
07/01 18:36:12 Load total sucessfull count :0
     first time count   : 0
     reload failed count: 0
07/01 18:36:22 Load total sucessfull count :0
     first time count   : 0
     reload failed count: 0
07/01 18:36:32 Load total sucessfull count :0
     first time count   : 0
     reload failed count: 0
07/01 18:36:42 Load total sucessfull count :0
     first time count   : 0
     reload failed count: 0
07/01 18:36:52 Load total sucessfull count :0
     first time count   : 0
     reload failed count: 0
07/01 18:37:02 Load total sucessfull count :0
     first time count   : 0
     reload failed count: 0
07/01 18:37:12 Load total sucessfull count :0
     first time count   : 0
     reload failed count: 0
07/01 18:37:22 Load total sucessfull count :0
     first time count   : 0
     reload failed count: 0
07/01 18:37:32 Load total sucessfull count :0
     first time count   : 0
     reload failed count: 0
07/01 18:37:42 Load total sucessfull count :0
     first time count   : 0
     reload failed count: 0
07/01 18:37:52 Load total sucessfull count :0
     first time count   : 0
     reload failed count: 0
07/01 18:38:02 Load total sucessfull count :0
     first time count   : 0
     reload failed count: 0
07/01 18:38:12 Load total sucessfull count :0
     first time count   : 0
     reload failed count: 0
07/01 18:38:22 Load total sucessfull count :0
     first time count   : 0
     reload failed count: 0
07/01 18:38:32 Load total sucessfull count :0
     first time count   : 0
     reload failed count: 0
07/01 18:38:42 Load total sucessfull count :0
     first time count   : 0
     reload failed count: 0
07/01 18:38:52 Load total sucessfull count :0
     first time count   : 0
     reload failed count: 0
07/01 18:39:02 Load total sucessfull count :0
     first time count   : 0
     reload failed count: 0
07/01 18:39:12 Load total sucessfull count :0
     first time count   : 0
     reload failed count: 0
07/01 18:39:22 Load total sucessfull count :0
     first time count   : 0
     reload failed count: 0
07/01 18:39:32 Load total sucessfull count :0
     first time count   : 0
     reload failed count: 0
07/01 18:39:42 Load total sucessfull count :0
     first time count   : 0
     reload failed count: 0
07/01 18:39:52 Load total sucessfull count :0
     first time count   : 0
     reload failed count: 0
07/01 18:40:02 Load total sucessfull count :0
     first time count   : 0
     reload failed count: 0
07/01 18:40:12 Load total sucessfull count :0
     first time count   : 0
     reload failed count: 0
07/01 18:40:22 Load total sucessfull count :0
     first time count   : 0
     reload failed count: 0
07/01 18:40:32 Load total sucessfull count :0
     first time count   : 0
     reload failed count: 0
07/01 18:40:42 Load total sucessfull count :0
     first time count   : 0
     reload failed count: 0
07/01 18:40:52 Load total sucessfull count :0
     first time count   : 0
     reload failed count: 0
07/01 18:41:02 Load total sucessfull count :0
     first time count   : 0
     reload failed count: 0
