12/11 11:18:00 <FONT color="#0033CC"><B>LoadMOThread started</B></FONT>
12/11 11:18:00 <FONT color="#0033CC"><B>AxisGateway started</B></FONT>
12/11 11:18:00 <FONT color="#0033CC"><B>MTProcessor started</B></FONT>
12/11 11:18:00 <FONT color="#0033CC"><B>SMSTransactionLogger started</B></FONT>
12/11 11:18:00 <FONT color="#0033CC"><B>ServicesInternalThread started</B></FONT>
12/11 11:18:01 <FONT color="#0033CC"><B>MOProcessor started</B></FONT>
12/11 11:18:01 <FONT color="#0033CC"><B>SynchronizeRequest started</B></FONT>
12/11 11:18:02 <FONT color="#0033CC"><B>LoadMTThread started</B></FONT>
12/11 11:18:03 <FONT color="#0033CC"><B>ACKMessageExpire started</B></FONT>
12/11 11:20:31 <FONT color="#2266CC"><U>User 'system' connected successfully</U></FONT>
12/11 11:20:32 <FONT color="#CC6622"><U>User 'system' disconnected</U></FONT>
12/11 11:20:49 <FONT color="#2266CC"><U>User 'system' connected successfully</U></FONT>
12/11 11:22:22 <FONT color="#0033CC"><B>LoadMOThread started</B></FONT>
12/11 11:22:22 <FONT color="#0033CC"><B>AxisGateway started</B></FONT>
12/11 11:22:22 <FONT color="#0033CC"><B>MTProcessor started</B></FONT>
12/11 11:22:22 <FONT color="#0033CC"><B>SMSTransactionLogger started</B></FONT>
12/11 11:22:22 <FONT color="#0033CC"><B>ServicesInternalThread started</B></FONT>
12/11 11:22:23 <FONT color="#0033CC"><B>MOProcessor started</B></FONT>
12/11 11:22:23 <FONT color="#0033CC"><B>SynchronizeRequest started</B></FONT>
12/11 11:22:24 <FONT color="#0033CC"><B>LoadMTThread started</B></FONT>
12/11 11:22:25 <FONT color="#0033CC"><B>ACKMessageExpire started</B></FONT>
12/11 11:22:28 <FONT color="#2266CC"><U>User 'system' connected successfully</U></FONT>
12/11 11:23:00 <FONT color="#0033CC"><B>LoadMOThread started</B></FONT>
12/11 11:23:00 <FONT color="#0033CC"><B>AxisGateway started</B></FONT>
12/11 11:23:00 <FONT color="#0033CC"><B>MTProcessor started</B></FONT>
12/11 11:23:00 <FONT color="#0033CC"><B>SMSTransactionLogger started</B></FONT>
12/11 11:23:00 <FONT color="#0033CC"><B>ServicesInternalThread started</B></FONT>
12/11 11:23:01 <FONT color="#0033CC"><B>MOProcessor started</B></FONT>
12/11 11:23:01 <FONT color="#0033CC"><B>SynchronizeRequest started</B></FONT>
12/11 11:23:02 <FONT color="#0033CC"><B>LoadMTThread started</B></FONT>
12/11 11:23:03 <FONT color="#0033CC"><B>ACKMessageExpire started</B></FONT>
12/11 11:23:08 <FONT color="#2266CC"><U>User 'system' connected successfully</U></FONT>
12/11 11:23:29 <FONT color="#0033CC"><B>ServicesInternalThread started</B></FONT>
12/11 11:23:29 <FONT color="#0033CC"><B>SMSTransactionLogger started</B></FONT>
12/11 11:23:29 <FONT color="#0033CC"><B>MTProcessor started</B></FONT>
12/11 11:23:29 <FONT color="#0033CC"><B>AxisGateway started</B></FONT>
12/11 11:23:29 <FONT color="#0033CC"><B>LoadMOThread started</B></FONT>
12/11 11:23:30 <FONT color="#0033CC"><B>MOProcessor started</B></FONT>
12/11 11:23:30 <FONT color="#0033CC"><B>SynchronizeRequest started</B></FONT>
12/11 11:23:30 <FONT color="#0033CC"><B>SMS LOCAL started</B></FONT>
12/11 11:23:31 <FONT color="#0033CC"><B>LoadMTThread started</B></FONT>
12/11 11:23:32 <FONT color="#0033CC"><B>ACKMessageExpire started</B></FONT>
12/11 11:23:32 <FONT color="#2266CC"><U>User 'system' connected successfully</U></FONT>
12/11 11:24:40 <FONT color="#0033CC"><B>SchedulerSynchronizedThread started</B></FONT>
12/11 11:25:35 User 'system' try to update parameter of thread 'SchedulerSynchronizedThread'
12/11 11:25:35 Parameter of thread 'SchedulerSynchronizedThread' updated
12/11 11:25:37 User 'system' try to stop thread 'SchedulerSynchronizedThread'
12/11 11:25:37 User 'system' try to start thread 'SchedulerSynchronizedThread'
12/11 11:25:38 <FONT color="#CC0033"><B>SchedulerSynchronizedThread stopped</B></FONT>
12/11 11:25:40 <FONT color="#0033CC"><B>SchedulerSynchronizedThread started</B></FONT>
12/11 11:40:35 User 'system' try to update parameter of thread 'SchedulerSynchronizedThread'
12/11 11:40:35 Parameter of thread 'SchedulerSynchronizedThread' updated
12/11 11:40:37 User 'system' try to stop thread 'SchedulerSynchronizedThread'
12/11 11:40:37 User 'system' try to start thread 'SchedulerSynchronizedThread'
12/11 11:40:41 <FONT color="#CC0033"><B>SchedulerSynchronizedThread stopped</B></FONT>
12/11 11:40:41 <FONT color="#0033CC"><B>SchedulerSynchronizedThread started</B></FONT>
12/11 11:54:12 User 'system' try to destroy thread 'SchedulerSynchronizedThread'
12/11 11:54:13 User 'system' try to start thread 'SchedulerSynchronizedThread'
12/11 11:54:14 <FONT color="#0033CC"><B>SchedulerSynchronizedThread started</B></FONT>
12/11 11:59:08 <FONT color="#0033CC"><B>LoadMOThread started</B></FONT>
12/11 11:59:08 <FONT color="#0033CC"><B>AxisGateway started</B></FONT>
12/11 11:59:08 <FONT color="#0033CC"><B>SMSTransactionLogger started</B></FONT>
12/11 11:59:08 <FONT color="#0033CC"><B>MTProcessor started</B></FONT>
12/11 11:59:08 <FONT color="#0033CC"><B>ServicesInternalThread started</B></FONT>
12/11 11:59:09 <FONT color="#0033CC"><B>MOProcessor started</B></FONT>
12/11 11:59:09 <FONT color="#0033CC"><B>SynchronizeRequest started</B></FONT>
12/11 11:59:09 <FONT color="#0033CC"><B>SchedulerSynchronizedThread started</B></FONT>
12/11 11:59:10 <FONT color="#2266CC"><U>User 'system' connected successfully</U></FONT>
12/11 11:59:10 <FONT color="#0033CC"><B>LoadMTThread started</B></FONT>
12/11 11:59:10 <FONT color="#0033CC"><B>SMS LOCAL started</B></FONT>
12/11 11:59:11 <FONT color="#0033CC"><B>ACKMessageExpire started</B></FONT>
12/11 12:08:36 <FONT color="#0033CC"><B>LoadMOThread started</B></FONT>
12/11 12:08:36 <FONT color="#0033CC"><B>ServicesInternalThread started</B></FONT>
12/11 12:08:36 <FONT color="#0033CC"><B>MTProcessor started</B></FONT>
12/11 12:08:36 <FONT color="#0033CC"><B>SMSTransactionLogger started</B></FONT>
12/11 12:08:36 <FONT color="#0033CC"><B>AxisGateway started</B></FONT>
12/11 12:08:37 <FONT color="#0033CC"><B>MOProcessor started</B></FONT>
12/11 12:08:37 <FONT color="#0033CC"><B>SynchronizeRequest started</B></FONT>
12/11 12:08:37 <FONT color="#0033CC"><B>SchedulerSynchronizedThread started</B></FONT>
12/11 12:08:38 <FONT color="#0033CC"><B>LoadMTThread started</B></FONT>
12/11 12:08:38 <FONT color="#0033CC"><B>SMS LOCAL started</B></FONT>
12/11 12:08:38 <FONT color="#2266CC"><U>User 'system' connected successfully</U></FONT>
12/11 12:08:39 <FONT color="#0033CC"><B>ACKMessageExpire started</B></FONT>
14/11 08:59:18 <FONT color="#0033CC"><B>SMS LOCAL started</B></FONT>
14/11 09:02:58 <FONT color="#0033CC"><B>GSM SMSC started</B></FONT>
14/11 09:03:36 <FONT color="#2266CC"><U>User 'system' connected successfully</U></FONT>
14/11 09:04:08 <FONT color="#0033CC"><B>LoadMOThread started</B></FONT>
14/11 09:04:09 <FONT color="#0033CC"><B>MOProcessor started</B></FONT>
14/11 09:04:09 <FONT color="#0033CC"><B>LoadMTThread started</B></FONT>
14/11 09:04:09 <FONT color="#0033CC"><B>SynchronizeRequest started</B></FONT>
14/11 09:04:09 <FONT color="#0033CC"><B>ACKMessageExpire started</B></FONT>
14/11 09:04:09 <FONT color="#0033CC"><B>SchedulerSynchronizedThread started</B></FONT>
14/11 09:04:10 <FONT color="#0033CC"><B>AxisGateway started</B></FONT>
14/11 09:04:10 <FONT color="#0033CC"><B>SMSTransactionLogger started</B></FONT>
14/11 09:04:11 <FONT color="#0033CC"><B>MTProcessor started</B></FONT>
14/11 09:04:12 <FONT color="#0033CC"><B>ServicesInternalThread started</B></FONT>
14/11 09:12:12 <FONT color="#0033CC"><B>LoadMOThread started</B></FONT>
14/11 09:12:12 <FONT color="#0033CC"><B>AxisGateway started</B></FONT>
14/11 09:12:12 <FONT color="#0033CC"><B>MTProcessor started</B></FONT>
14/11 09:12:12 <FONT color="#0033CC"><B>SMSTransactionLogger started</B></FONT>
14/11 09:12:12 <FONT color="#0033CC"><B>ServicesInternalThread started</B></FONT>
14/11 09:12:13 <FONT color="#0033CC"><B>MOProcessor started</B></FONT>
14/11 09:12:13 <FONT color="#0033CC"><B>SynchronizeRequest started</B></FONT>
14/11 09:12:13 <FONT color="#0033CC"><B>SchedulerSynchronizedThread started</B></FONT>
14/11 09:12:13 <FONT color="#0033CC"><B>GSM SMSC started</B></FONT>
14/11 09:12:14 <FONT color="#2266CC"><U>User 'system' connected successfully</U></FONT>
14/11 09:12:14 <FONT color="#0033CC"><B>LoadMTThread started</B></FONT>
14/11 09:12:14 <FONT color="#0033CC"><B>SMS LOCAL started</B></FONT>
14/11 09:12:15 <FONT color="#0033CC"><B>ACKMessageExpire started</B></FONT>
14/11 09:12:49 User 'system' try to update parameter of thread 'GSM SMSC'
14/11 09:12:49 Parameter of thread 'GSM SMSC' updated
14/11 09:12:51 User 'system' try to stop thread 'GSM SMSC'
14/11 09:12:51 User 'system' try to start thread 'GSM SMSC'
14/11 09:12:52 <FONT color="#CC0033"><B>GSM SMSC stopped</B></FONT>
14/11 09:12:54 <FONT color="#0033CC"><B>GSM SMSC started</B></FONT>
14/11 09:20:05 <FONT color="#0033CC"><B>LoadMOThread started</B></FONT>
14/11 09:20:05 <FONT color="#0033CC"><B>AxisGateway started</B></FONT>
14/11 09:20:05 <FONT color="#0033CC"><B>MTProcessor started</B></FONT>
14/11 09:20:05 <FONT color="#0033CC"><B>SMSTransactionLogger started</B></FONT>
14/11 09:20:05 <FONT color="#0033CC"><B>ServicesInternalThread started</B></FONT>
14/11 09:20:06 <FONT color="#0033CC"><B>MOProcessor started</B></FONT>
14/11 09:20:06 <FONT color="#0033CC"><B>SynchronizeRequest started</B></FONT>
14/11 09:20:06 <FONT color="#0033CC"><B>SchedulerSynchronizedThread started</B></FONT>
14/11 09:20:06 <FONT color="#0033CC"><B>GSM SMSC started</B></FONT>
14/11 09:20:07 <FONT color="#0033CC"><B>LoadMTThread started</B></FONT>
14/11 09:20:08 <FONT color="#0033CC"><B>SMS LOCAL started</B></FONT>
14/11 09:20:08 <FONT color="#0033CC"><B>ACKMessageExpire started</B></FONT>
14/11 09:20:12 <FONT color="#2266CC"><U>User 'system' connected successfully</U></FONT>
14/11 09:22:00 <FONT color="#0033CC"><B>LoadMOThread started</B></FONT>
14/11 09:22:00 <FONT color="#0033CC"><B>AxisGateway started</B></FONT>
14/11 09:22:00 <FONT color="#0033CC"><B>MTProcessor started</B></FONT>
14/11 09:22:01 <FONT color="#0033CC"><B>ServicesInternalThread started</B></FONT>
14/11 09:22:01 <FONT color="#0033CC"><B>SMSTransactionLogger started</B></FONT>
14/11 09:22:02 <FONT color="#0033CC"><B>MOProcessor started</B></FONT>
14/11 09:22:02 <FONT color="#0033CC"><B>SynchronizeRequest started</B></FONT>
14/11 09:22:02 <FONT color="#0033CC"><B>SchedulerSynchronizedThread started</B></FONT>
14/11 09:22:02 <FONT color="#0033CC"><B>GSM SMSC started</B></FONT>
14/11 09:22:02 <FONT color="#2266CC"><U>User 'system' connected successfully</U></FONT>
14/11 09:22:03 <FONT color="#0033CC"><B>LoadMTThread started</B></FONT>
14/11 09:22:03 <FONT color="#0033CC"><B>SMS LOCAL started</B></FONT>
14/11 09:22:04 <FONT color="#0033CC"><B>ACKMessageExpire started</B></FONT>
24/11 14:39:20 <FONT color="#0033CC"><B>LoadMOThread started</B></FONT>
24/11 14:39:21 <FONT color="#0033CC"><B>MOProcessor started</B></FONT>
24/11 14:39:22 <FONT color="#0033CC"><B>LoadMTThread started</B></FONT>
24/11 14:39:22 <FONT color="#0033CC"><B>SynchronizeRequest started</B></FONT>
24/11 14:39:22 <FONT color="#0033CC"><B>SchedulerSynchronizedThread started</B></FONT>
24/11 14:39:22 <FONT color="#0033CC"><B>ACKMessageExpire started</B></FONT>
24/11 14:39:23 <FONT color="#0033CC"><B>AxisGateway started</B></FONT>
24/11 14:39:23 <FONT color="#0033CC"><B>SMSTransactionLogger started</B></FONT>
24/11 14:39:23 <FONT color="#0033CC"><B>SMS LOCAL started</B></FONT>
24/11 14:39:24 <FONT color="#0033CC"><B>MTProcessor started</B></FONT>
24/11 14:39:24 <FONT color="#0033CC"><B>GSM SMSC started</B></FONT>
24/11 14:39:25 <FONT color="#0033CC"><B>ServicesInternalThread started</B></FONT>
24/11 14:39:53 <FONT color="#2266CC"><U>User 'system' connected successfully</U></FONT>
24/11 14:39:55 <FONT color="#CC6622"><U>User 'system' disconnected</U></FONT>
24/11 14:39:57 <FONT color="#2266CC"><U>User 'system' connected successfully</U></FONT>
24/11 14:41:02 <FONT color="#0033CC"><B>LoadMOThread started</B></FONT>
24/11 14:41:03 <FONT color="#0033CC"><B>MOProcessor started</B></FONT>
24/11 14:41:03 <FONT color="#0033CC"><B>LoadMTThread started</B></FONT>
24/11 14:41:03 <FONT color="#0033CC"><B>SynchronizeRequest started</B></FONT>
24/11 14:41:03 <FONT color="#0033CC"><B>ACKMessageExpire started</B></FONT>
24/11 14:41:03 <FONT color="#0033CC"><B>SchedulerSynchronizedThread started</B></FONT>
24/11 14:41:03 <FONT color="#0033CC"><B>GSM SMSC started</B></FONT>
24/11 14:41:04 <FONT color="#0033CC"><B>SMSTransactionLogger started</B></FONT>
24/11 14:41:04 <FONT color="#0033CC"><B>AxisGateway started</B></FONT>
24/11 14:41:04 <FONT color="#2266CC"><U>User 'system' connected successfully</U></FONT>
24/11 14:41:04 <FONT color="#0033CC"><B>SMS LOCAL started</B></FONT>
24/11 14:41:05 <FONT color="#0033CC"><B>MTProcessor started</B></FONT>
24/11 14:41:06 <FONT color="#0033CC"><B>ServicesInternalThread started</B></FONT>
24/11 14:44:37 <FONT color="#0033CC"><B>LoadMOThread started</B></FONT>
24/11 14:48:14 <FONT color="#0033CC"><B>ServicesInternalThread started</B></FONT>
24/11 14:48:14 <FONT color="#0033CC"><B>MTProcessor started</B></FONT>
24/11 14:48:14 <FONT color="#0033CC"><B>SMSTransactionLogger started</B></FONT>
24/11 14:48:14 <FONT color="#0033CC"><B>AxisGateway started</B></FONT>
24/11 14:48:14 <FONT color="#0033CC"><B>SchedulerSynchronizedThread started</B></FONT>
24/11 14:48:14 <FONT color="#0033CC"><B>SynchronizeRequest started</B></FONT>
24/11 14:48:14 <FONT color="#0033CC"><B>ACKMessageExpire started</B></FONT>
24/11 14:48:14 <FONT color="#0033CC"><B>LoadMTThread started</B></FONT>
24/11 14:48:14 <FONT color="#0033CC"><B>MOProcessor started</B></FONT>
24/11 14:48:16 <FONT color="#0033CC"><B>SMS LOCAL started</B></FONT>
24/11 14:48:17 <FONT color="#0033CC"><B>GSM SMSC started</B></FONT>
24/11 14:50:41 <FONT color="#2266CC"><U>User 'system' connected successfully</U></FONT>
24/11 14:55:36 <FONT color="#0033CC"><B>LoadMOThread started</B></FONT>
24/11 14:55:41 <FONT color="#0033CC"><B>ServicesInternalThread started</B></FONT>
24/11 14:55:41 <FONT color="#0033CC"><B>MTProcessor started</B></FONT>
24/11 14:55:41 <FONT color="#0033CC"><B>SMSTransactionLogger started</B></FONT>
24/11 14:55:41 <FONT color="#0033CC"><B>AxisGateway started</B></FONT>
24/11 14:55:41 <FONT color="#0033CC"><B>SchedulerSynchronizedThread started</B></FONT>
24/11 14:55:41 <FONT color="#0033CC"><B>ACKMessageExpire started</B></FONT>
24/11 14:55:41 <FONT color="#0033CC"><B>SynchronizeRequest started</B></FONT>
24/11 14:55:41 <FONT color="#0033CC"><B>LoadMTThread started</B></FONT>
24/11 14:55:41 <FONT color="#0033CC"><B>MOProcessor started</B></FONT>
24/11 14:55:41 <FONT color="#0033CC"><B>SMS LOCAL started</B></FONT>
24/11 14:55:42 <FONT color="#0033CC"><B>GSM SMSC started</B></FONT>
24/11 14:56:23 <FONT color="#2266CC"><U>User 'system' connected successfully</U></FONT>
24/11 15:00:28 <FONT color="#0033CC"><B>LoadMOThread started</B></FONT>
24/11 15:00:29 <FONT color="#0033CC"><B>ACKMessageExpire started</B></FONT>
24/11 15:00:29 <FONT color="#0033CC"><B>MOProcessor started</B></FONT>
24/11 15:00:29 <FONT color="#0033CC"><B>SynchronizeRequest started</B></FONT>
24/11 15:00:29 <FONT color="#0033CC"><B>LoadMTThread started</B></FONT>
24/11 15:00:29 <FONT color="#0033CC"><B>SchedulerSynchronizedThread started</B></FONT>
24/11 15:00:29 <FONT color="#0033CC"><B>GSM SMSC started</B></FONT>
24/11 15:00:30 <FONT color="#0033CC"><B>AxisGateway started</B></FONT>
24/11 15:00:30 <FONT color="#0033CC"><B>SMSTransactionLogger started</B></FONT>
24/11 15:00:30 <FONT color="#0033CC"><B>SMS LOCAL started</B></FONT>
24/11 15:00:31 <FONT color="#0033CC"><B>MTProcessor started</B></FONT>
24/11 15:00:32 <FONT color="#0033CC"><B>ServicesInternalThread started</B></FONT>
24/11 15:01:59 <FONT color="#0033CC"><B>LoadMOThread started</B></FONT>
24/11 15:02:00 <FONT color="#0033CC"><B>MOProcessor started</B></FONT>
24/11 15:02:00 <FONT color="#0033CC"><B>LoadMTThread started</B></FONT>
24/11 15:02:00 <FONT color="#0033CC"><B>SynchronizeRequest started</B></FONT>
24/11 15:02:00 <FONT color="#0033CC"><B>ACKMessageExpire started</B></FONT>
24/11 15:02:00 <FONT color="#0033CC"><B>SchedulerSynchronizedThread started</B></FONT>
24/11 15:02:01 <FONT color="#0033CC"><B>GSM SMSC started</B></FONT>
24/11 15:02:01 <FONT color="#0033CC"><B>AxisGateway started</B></FONT>
24/11 15:02:02 <FONT color="#0033CC"><B>SMSTransactionLogger started</B></FONT>
24/11 15:02:02 <FONT color="#0033CC"><B>SMS LOCAL started</B></FONT>
24/11 15:02:03 <FONT color="#0033CC"><B>MTProcessor started</B></FONT>
24/11 15:02:04 <FONT color="#0033CC"><B>ServicesInternalThread started</B></FONT>
24/11 15:02:33 <FONT color="#2266CC"><U>User 'system' connected successfully</U></FONT>
24/11 15:17:19 <FONT color="#0033CC"><B>LoadMOThread started</B></FONT>
24/11 15:17:20 <FONT color="#0033CC"><B>MOProcessor started</B></FONT>
24/11 15:17:20 <FONT color="#0033CC"><B>LoadMTThread started</B></FONT>
24/11 15:17:20 <FONT color="#0033CC"><B>SynchronizeRequest started</B></FONT>
24/11 15:17:20 <FONT color="#0033CC"><B>ACKMessageExpire started</B></FONT>
24/11 15:17:20 <FONT color="#0033CC"><B>SchedulerSynchronizedThread started</B></FONT>
24/11 15:17:20 <FONT color="#0033CC"><B>GSM SMSC started</B></FONT>
24/11 15:17:21 <FONT color="#0033CC"><B>AxisGateway started</B></FONT>
24/11 15:17:21 <FONT color="#0033CC"><B>SMSTransactionLogger started</B></FONT>
24/11 15:17:21 <FONT color="#0033CC"><B>SMS LOCAL started</B></FONT>
24/11 15:17:22 <FONT color="#0033CC"><B>MTProcessor started</B></FONT>
24/11 15:17:23 <FONT color="#0033CC"><B>ServicesInternalThread started</B></FONT>
24/11 15:17:41 <FONT color="#2266CC"><U>User 'system' connected successfully</U></FONT>
24/11 15:22:26 <FONT color="#CC6622"><U>User 'system' disconnected</U></FONT>
24/11 15:23:36 <FONT color="#2266CC"><U>User 'system' connected successfully</U></FONT>
24/11 15:35:56 <FONT color="#0033CC"><B>LoadMOThread started</B></FONT>
24/11 15:35:57 <FONT color="#0033CC"><B>MOProcessor started</B></FONT>
24/11 15:35:57 <FONT color="#0033CC"><B>LoadMTThread started</B></FONT>
24/11 15:35:57 <FONT color="#0033CC"><B>ACKMessageExpire started</B></FONT>
24/11 15:35:57 <FONT color="#0033CC"><B>SynchronizeRequest started</B></FONT>
24/11 15:35:57 <FONT color="#0033CC"><B>SchedulerSynchronizedThread started</B></FONT>
24/11 15:35:58 <FONT color="#0033CC"><B>GSM SMSC started</B></FONT>
24/11 15:35:59 <FONT color="#0033CC"><B>AxisGateway started</B></FONT>
24/11 15:35:59 <FONT color="#0033CC"><B>SMSTransactionLogger started</B></FONT>
24/11 15:35:59 <FONT color="#0033CC"><B>SMS LOCAL started</B></FONT>
24/11 15:36:00 <FONT color="#0033CC"><B>MTProcessor started</B></FONT>
24/11 15:36:01 <FONT color="#0033CC"><B>ServicesInternalThread started</B></FONT>
24/11 15:38:38 <FONT color="#0033CC"><B>LoadMOThread started</B></FONT>
24/11 15:38:38 <FONT color="#0033CC"><B>ServicesInternalThread started</B></FONT>
24/11 15:38:38 <FONT color="#0033CC"><B>SMSTransactionLogger started</B></FONT>
24/11 15:38:38 <FONT color="#0033CC"><B>MTProcessor started</B></FONT>
24/11 15:38:38 <FONT color="#0033CC"><B>AxisGateway started</B></FONT>
24/11 15:38:39 <FONT color="#0033CC"><B>MOProcessor started</B></FONT>
24/11 15:38:39 <FONT color="#0033CC"><B>SynchronizeRequest started</B></FONT>
24/11 15:38:40 <FONT color="#0033CC"><B>LoadMTThread started</B></FONT>
24/11 15:38:40 <FONT color="#0033CC"><B>SchedulerSynchronizedThread started</B></FONT>
24/11 15:38:41 <FONT color="#0033CC"><B>GSM SMSC started</B></FONT>
24/11 15:38:42 <FONT color="#0033CC"><B>ACKMessageExpire started</B></FONT>
24/11 15:38:43 <FONT color="#0033CC"><B>SMS LOCAL started</B></FONT>
26/11 11:57:47 <FONT color="#0033CC"><B>LoadMOThread started</B></FONT>
26/11 11:57:48 <FONT color="#0033CC"><B>MOProcessor started</B></FONT>
26/11 11:57:50 <FONT color="#0033CC"><B>AxisGateway started</B></FONT>
26/11 11:57:50 <FONT color="#0033CC"><B>MTProcessor started</B></FONT>
26/11 11:57:50 <FONT color="#0033CC"><B>SMSTransactionLogger started</B></FONT>
26/11 11:57:50 <FONT color="#0033CC"><B>ServicesInternalThread started</B></FONT>
26/11 11:57:51 <FONT color="#0033CC"><B>ACKMessageExpire started</B></FONT>
26/11 11:57:51 <FONT color="#0033CC"><B>LoadMTThread started</B></FONT>
26/11 11:57:52 <FONT color="#0033CC"><B>SynchronizeRequest started</B></FONT>
26/11 11:57:52 <FONT color="#0033CC"><B>SMS LOCAL started</B></FONT>
26/11 11:57:53 <FONT color="#0033CC"><B>SchedulerSynchronizedThread started</B></FONT>
26/11 11:57:54 <FONT color="#0033CC"><B>GSM SMSC started</B></FONT>
28/11 12:03:31 <FONT color="#0033CC"><B>LoadMOThread started</B></FONT>
28/11 12:03:32 <FONT color="#0033CC"><B>MOProcessor started</B></FONT>
28/11 12:03:33 <FONT color="#0033CC"><B>AxisGateway started</B></FONT>
28/11 12:03:33 <FONT color="#0033CC"><B>MTProcessor started</B></FONT>
28/11 12:03:33 <FONT color="#0033CC"><B>SMSTransactionLogger started</B></FONT>
28/11 12:03:33 <FONT color="#0033CC"><B>ServicesInternalThread started</B></FONT>
28/11 12:03:34 <FONT color="#0033CC"><B>ACKMessageExpire started</B></FONT>
28/11 12:03:34 <FONT color="#0033CC"><B>LoadMTThread started</B></FONT>
28/11 12:03:35 <FONT color="#0033CC"><B>SynchronizeRequest started</B></FONT>
28/11 12:03:35 <FONT color="#0033CC"><B>SMS LOCAL started</B></FONT>
28/11 12:03:36 <FONT color="#0033CC"><B>SchedulerSynchronizedThread started</B></FONT>
28/11 12:03:37 <FONT color="#0033CC"><B>GSM SMSC started</B></FONT>
28/11 12:05:26 <FONT color="#2266CC"><U>User 'system' connected successfully</U></FONT>
28/11 12:17:52 User 'system' try to update parameter of thread 'SMS LOCAL'
28/11 12:17:52 Parameter of thread 'SMS LOCAL' updated
28/11 12:17:53 User 'system' try to stop thread 'SMS LOCAL'
28/11 12:17:53 User 'system' try to start thread 'SMS LOCAL'
28/11 12:17:54 <FONT color="#CC0033"><B>SMS LOCAL stopped</B></FONT>
28/11 12:17:55 <FONT color="#0033CC"><B>SMS LOCAL started</B></FONT>
01/12 09:23:44 <FONT color="#0033CC"><B>LoadMOThread started</B></FONT>
01/12 09:23:45 <FONT color="#0033CC"><B>MOProcessor started</B></FONT>
01/12 09:23:46 <FONT color="#0033CC"><B>AxisGateway started</B></FONT>
01/12 09:23:46 <FONT color="#0033CC"><B>MTProcessor started</B></FONT>
01/12 09:23:46 <FONT color="#0033CC"><B>SMSTransactionLogger started</B></FONT>
01/12 09:23:46 <FONT color="#0033CC"><B>ServicesInternalThread started</B></FONT>
01/12 09:23:47 <FONT color="#0033CC"><B>ACKMessageExpire started</B></FONT>
01/12 09:23:47 <FONT color="#0033CC"><B>LoadMTThread started</B></FONT>
01/12 09:23:48 <FONT color="#0033CC"><B>SynchronizeRequest started</B></FONT>
01/12 09:23:48 <FONT color="#0033CC"><B>SMS LOCAL started</B></FONT>
01/12 09:23:49 <FONT color="#0033CC"><B>SchedulerSynchronizedThread started</B></FONT>
01/12 09:23:50 <FONT color="#0033CC"><B>GSM SMSC started</B></FONT>
01/12 09:29:14 <FONT color="#0033CC"><B>LoadMOThread started</B></FONT>
01/12 09:29:15 <FONT color="#0033CC"><B>MOProcessor started</B></FONT>
01/12 09:29:15 <FONT color="#0033CC"><B>LoadMTThread started</B></FONT>
01/12 09:29:15 <FONT color="#0033CC"><B>SynchronizeRequest started</B></FONT>
01/12 09:29:15 <FONT color="#0033CC"><B>ACKMessageExpire started</B></FONT>
01/12 09:29:15 <FONT color="#0033CC"><B>SchedulerSynchronizedThread started</B></FONT>
01/12 09:29:15 <FONT color="#0033CC"><B>GSM SMSC started</B></FONT>
01/12 09:29:16 <FONT color="#0033CC"><B>AxisGateway started</B></FONT>
01/12 09:29:16 <FONT color="#0033CC"><B>SMSTransactionLogger started</B></FONT>
01/12 09:29:16 <FONT color="#0033CC"><B>SMS LOCAL started</B></FONT>
01/12 09:29:17 <FONT color="#0033CC"><B>MTProcessor started</B></FONT>
01/12 09:29:18 <FONT color="#0033CC"><B>ServicesInternalThread started</B></FONT>
01/12 09:30:28 <FONT color="#2266CC"><U>User 'system' connected successfully</U></FONT>
01/12 09:48:46 <FONT color="#0033CC"><B>LoadMOThread started</B></FONT>
01/12 09:48:47 <FONT color="#0033CC"><B>MOProcessor started</B></FONT>
01/12 09:48:47 <FONT color="#0033CC"><B>SynchronizeRequest started</B></FONT>
01/12 09:48:47 <FONT color="#0033CC"><B>LoadMTThread started</B></FONT>
01/12 09:48:47 <FONT color="#0033CC"><B>ACKMessageExpire started</B></FONT>
01/12 09:48:47 <FONT color="#0033CC"><B>SchedulerSynchronizedThread started</B></FONT>
01/12 09:48:47 <FONT color="#0033CC"><B>GSM SMSC started</B></FONT>
01/12 09:48:48 <FONT color="#0033CC"><B>AxisGateway started</B></FONT>
01/12 09:48:48 <FONT color="#0033CC"><B>SMSTransactionLogger started</B></FONT>
01/12 09:48:48 <FONT color="#2266CC"><U>User 'system' connected successfully</U></FONT>
01/12 09:48:48 <FONT color="#0033CC"><B>SMS LOCAL started</B></FONT>
01/12 09:48:49 <FONT color="#0033CC"><B>MTProcessor started</B></FONT>
01/12 09:48:50 <FONT color="#0033CC"><B>ServicesInternalThread started</B></FONT>
03/12 07:16:49 <FONT color="#0033CC"><B>LoadMOThread started</B></FONT>
03/12 07:16:50 <FONT color="#0033CC"><B>MOProcessor started</B></FONT>
03/12 07:16:55 <FONT color="#0033CC"><B>AxisGateway started</B></FONT>
03/12 07:16:56 <FONT color="#0033CC"><B>LoadMTThread started</B></FONT>
03/12 07:16:56 <FONT color="#0033CC"><B>SynchronizeRequest started</B></FONT>
03/12 07:16:57 <FONT color="#0033CC"><B>MTProcessor started</B></FONT>
03/12 07:16:57 <FONT color="#0033CC"><B>SchedulerSynchronizedThread started</B></FONT>
03/12 07:16:57 <FONT color="#0033CC"><B>ACKMessageExpire started</B></FONT>
03/12 07:16:58 <FONT color="#0033CC"><B>SMSTransactionLogger started</B></FONT>
03/12 07:16:59 <FONT color="#0033CC"><B>ServicesInternalThread started</B></FONT>
03/12 07:17:37 <FONT color="#2266CC"><U>User 'system' connected successfully</U></FONT>
03/12 07:17:39 <FONT color="#0033CC"><B>SMSC Connection 01 started</B></FONT>
03/12 07:19:18 <FONT color="#0033CC"><B>LoadMOThread started</B></FONT>
03/12 07:19:54 <FONT color="#0033CC"><B>ServicesInternalThread started</B></FONT>
03/12 07:19:54 <FONT color="#0033CC"><B>MTProcessor started</B></FONT>
03/12 07:19:54 <FONT color="#0033CC"><B>SMSTransactionLogger started</B></FONT>
03/12 07:19:54 <FONT color="#0033CC"><B>AxisGateway started</B></FONT>
03/12 07:19:54 <FONT color="#2266CC"><U>User 'system' connected successfully</U></FONT>
03/12 07:19:54 <FONT color="#0033CC"><B>SynchronizeRequest started</B></FONT>
03/12 07:19:54 <FONT color="#0033CC"><B>SchedulerSynchronizedThread started</B></FONT>
03/12 07:19:54 <FONT color="#0033CC"><B>ACKMessageExpire started</B></FONT>
03/12 07:19:54 <FONT color="#0033CC"><B>LoadMTThread started</B></FONT>
03/12 07:19:54 <FONT color="#0033CC"><B>MOProcessor started</B></FONT>
03/12 07:19:56 <FONT color="#0033CC"><B>SMSC Connection 01 started</B></FONT>
03/12 07:26:29 <FONT color="#0033CC"><B>esme_smsc started</B></FONT>
03/12 17:57:13 <FONT color="#0033CC"><B>LoadMOThread started</B></FONT>
03/12 17:57:14 <FONT color="#0033CC"><B>MOProcessor started</B></FONT>
03/12 17:57:16 <FONT color="#0033CC"><B>AxisGateway started</B></FONT>
03/12 17:57:16 <FONT color="#0033CC"><B>MTProcessor started</B></FONT>
03/12 17:57:17 <FONT color="#2266CC"><U>User 'system' connected successfully</U></FONT>
03/12 17:57:17 <FONT color="#0033CC"><B>SMSTransactionLogger started</B></FONT>
03/12 17:57:17 <FONT color="#0033CC"><B>ServicesInternalThread started</B></FONT>
03/12 17:57:17 <FONT color="#0033CC"><B>LoadMTThread started</B></FONT>
03/12 17:57:18 <FONT color="#CC6622"><U>User 'system' disconnected</U></FONT>
03/12 17:57:18 <FONT color="#0033CC"><B>SchedulerSynchronizedThread started</B></FONT>
03/12 17:57:18 <FONT color="#0033CC"><B>SynchronizeRequest started</B></FONT>
03/12 17:57:19 <FONT color="#0033CC"><B>ACKMessageExpire started</B></FONT>
03/12 17:57:20 <FONT color="#2266CC"><U>User 'system' connected successfully</U></FONT>
03/12 17:57:20 <FONT color="#0033CC"><B>SMSC_Demo_01 started</B></FONT>
03/12 17:59:39 User 'system' try to update parameter of thread 'SMSC_Demo_02'
03/12 17:59:39 Parameter of thread 'SMSC_Demo_02' updated
03/12 17:59:41 User 'system' try to start thread 'SMSC_Demo_02'
03/12 17:59:42 <FONT color="#0033CC"><B>SMSC_Demo_02 started</B></FONT>
03/12 18:00:01 User 'system' try to update parameter of thread 'SMSC_Demo_02'
03/12 18:00:01 Parameter of thread 'SMSC_Demo_02' updated
03/12 18:00:03 User 'system' try to stop thread 'SMSC_Demo_01'
03/12 18:00:03 <FONT color="#CC0033"><B>SMSC_Demo_01 stopped</B></FONT>
03/12 18:00:05 User 'system' try to stop thread 'SMSC_Demo_02'
03/12 18:00:05 User 'system' try to start thread 'SMSC_Demo_02'
03/12 18:00:37 User 'system' try to destroy thread 'SMSC_Demo_02'
03/12 18:00:38 User 'system' try to start thread 'SMSC_Demo_02'
03/12 18:00:38 <FONT color="#0033CC"><B>SMSC_Demo_02 started</B></FONT>
03/12 18:08:57 <FONT color="#0033CC"><B>LoadMOThread started</B></FONT>
03/12 18:08:57 <FONT color="#0033CC"><B>AxisGateway started</B></FONT>
03/12 18:08:58 <FONT color="#0033CC"><B>MTProcessor started</B></FONT>
03/12 18:08:58 <FONT color="#0033CC"><B>SMSTransactionLogger started</B></FONT>
03/12 18:08:58 <FONT color="#0033CC"><B>ServicesInternalThread started</B></FONT>
03/12 18:08:59 <FONT color="#0033CC"><B>MOProcessor started</B></FONT>
03/12 18:08:59 <FONT color="#0033CC"><B>SynchronizeRequest started</B></FONT>
03/12 18:08:59 <FONT color="#0033CC"><B>SchedulerSynchronizedThread started</B></FONT>
03/12 18:09:00 <FONT color="#0033CC"><B>LoadMTThread started</B></FONT>
03/12 18:09:00 <FONT color="#0033CC"><B>SMSC_Demo_01 started</B></FONT>
03/12 18:09:01 <FONT color="#0033CC"><B>ACKMessageExpire started</B></FONT>
03/12 18:09:01 <FONT color="#2266CC"><U>User 'system' connected successfully</U></FONT>
03/12 18:09:05 User 'system' try to start thread 'SMSC_Demo_02'
03/12 18:09:06 <FONT color="#0033CC"><B>SMSC_Demo_02 started</B></FONT>
03/12 18:09:07 User 'system' try to destroy thread 'SMSC_Demo_01'
03/12 18:38:22 <FONT color="#0033CC"><B>LoadMOThread started</B></FONT>
03/12 18:38:23 <FONT color="#0033CC"><B>MOProcessor started</B></FONT>
03/12 18:38:23 <FONT color="#0033CC"><B>LoadMTThread started</B></FONT>
03/12 18:38:23 <FONT color="#0033CC"><B>SynchronizeRequest started</B></FONT>
03/12 18:38:23 <FONT color="#0033CC"><B>ACKMessageExpire started</B></FONT>
03/12 18:38:23 <FONT color="#0033CC"><B>SchedulerSynchronizedThread started</B></FONT>
03/12 18:38:24 <FONT color="#2266CC"><U>User 'system' connected successfully</U></FONT>
03/12 18:38:24 <FONT color="#0033CC"><B>AxisGateway started</B></FONT>
03/12 18:38:24 <FONT color="#0033CC"><B>SMSTransactionLogger started</B></FONT>
03/12 18:38:24 <FONT color="#0033CC"><B>SMSC_Demo_01 started</B></FONT>
03/12 18:38:25 <FONT color="#0033CC"><B>MTProcessor started</B></FONT>
03/12 18:38:26 <FONT color="#0033CC"><B>ServicesInternalThread started</B></FONT>
03/12 18:38:29 User 'system' try to destroy thread 'SMSC_Demo_01'
03/12 18:38:34 User 'system' try to start thread 'SMSC_Demo_02'
03/12 18:38:34 <FONT color="#0033CC"><B>SMSC_Demo_02 started</B></FONT>
03/12 18:41:07 <FONT color="#0033CC"><B>LoadMOThread started</B></FONT>
03/12 18:41:09 <FONT color="#0033CC"><B>MOProcessor started</B></FONT>
03/12 18:41:09 <FONT color="#0033CC"><B>LoadMTThread started</B></FONT>
03/12 18:41:09 <FONT color="#0033CC"><B>SynchronizeRequest started</B></FONT>
03/12 18:41:09 <FONT color="#0033CC"><B>ACKMessageExpire started</B></FONT>
03/12 18:41:09 <FONT color="#0033CC"><B>SchedulerSynchronizedThread started</B></FONT>
03/12 18:41:10 <FONT color="#0033CC"><B>AxisGateway started</B></FONT>
03/12 18:41:10 <FONT color="#0033CC"><B>SMSTransactionLogger started</B></FONT>
03/12 18:41:10 <FONT color="#0033CC"><B>SMSC_Demo_01 started</B></FONT>
03/12 18:41:11 <FONT color="#0033CC"><B>MTProcessor started</B></FONT>
03/12 18:41:12 <FONT color="#0033CC"><B>ServicesInternalThread started</B></FONT>
03/12 18:41:14 <FONT color="#2266CC"><U>User 'system' connected successfully</U></FONT>
03/12 18:41:21 User 'system' try to update parameter of thread 'SMSC_Demo_01'
03/12 18:41:21 Parameter of thread 'SMSC_Demo_01' updated
03/12 18:41:25 User 'system' try to destroy thread 'SMSC_Demo_01'
03/12 18:41:26 User 'system' try to start thread 'SMSC_Demo_02'
03/12 18:41:27 <FONT color="#0033CC"><B>SMSC_Demo_02 started</B></FONT>
03/12 18:42:22 User 'system' try to update parameter of thread 'LoadMTThread'
03/12 18:42:22 Parameter of thread 'LoadMTThread' updated
03/12 18:42:23 User 'system' try to stop thread 'LoadMTThread'
03/12 18:42:23 User 'system' try to start thread 'LoadMTThread'
03/12 18:42:29 <FONT color="#CC0033"><B>LoadMTThread stopped</B></FONT>
03/12 18:42:30 <FONT color="#0033CC"><B>LoadMTThread started</B></FONT>
03/12 18:44:23 User 'system' try to start thread 'HTTPServer'
03/12 18:44:24 <FONT color="#0033CC"><B>HTTPServer started</B></FONT>
03/12 18:44:25 User 'system' try to start thread 'HTTPSenderManager'
03/12 18:44:26 <FONT color="#0033CC"><B>HTTPSenderManager started</B></FONT>
03/12 19:09:20 User 'system' try to update parameter of thread 'SMSC_Demo_02'
03/12 19:09:20 Parameter of thread 'SMSC_Demo_02' updated
03/12 19:10:07 User 'system' try to update parameter of thread 'SMSC_Demo_02'
03/12 19:10:07 Parameter of thread 'SMSC_Demo_02' updated
03/12 19:10:12 User 'system' try to stop thread 'SMSC_Demo_02'
03/12 19:10:12 User 'system' try to start thread 'SMSC_Demo_02'
03/12 19:10:14 <FONT color="#0033CC"><B>SMSC_Demo_02 started</B></FONT>
03/12 19:10:24 <FONT color="#CC0033"><B>SMSC_Demo_02 stopped</B></FONT>
03/12 19:10:48 <FONT color="#0033CC"><B>LoadMOThread started</B></FONT>
03/12 19:10:48 <FONT color="#0033CC"><B>MTProcessor started</B></FONT>
03/12 19:10:48 <FONT color="#0033CC"><B>AxisGateway started</B></FONT>
03/12 19:10:48 <FONT color="#0033CC"><B>SMSTransactionLogger started</B></FONT>
03/12 19:10:49 <FONT color="#0033CC"><B>MOProcessor started</B></FONT>
03/12 19:10:49 <FONT color="#0033CC"><B>ServicesInternalThread started</B></FONT>
03/12 19:10:49 <FONT color="#0033CC"><B>SynchronizeRequest started</B></FONT>
03/12 19:10:49 <FONT color="#2266CC"><U>User 'system' connected successfully</U></FONT>
03/12 19:10:50 <FONT color="#0033CC"><B>LoadMTThread started</B></FONT>
03/12 19:10:50 <FONT color="#0033CC"><B>SchedulerSynchronizedThread started</B></FONT>
03/12 19:10:51 <FONT color="#0033CC"><B>ACKMessageExpire started</B></FONT>
03/12 19:10:59 User 'system' try to start thread 'SMSC_Demo_02'
03/12 19:11:00 <FONT color="#0033CC"><B>SMSC_Demo_02 started</B></FONT>
03/12 19:11:06 User 'system' try to start thread 'HTTPServer'
03/12 19:11:07 <FONT color="#0033CC"><B>HTTPServer started</B></FONT>
03/12 19:11:08 User 'system' try to start thread 'HTTPSenderManager'
03/12 19:11:09 <FONT color="#0033CC"><B>HTTPSenderManager started</B></FONT>
03/12 19:18:33 <FONT color="#0033CC"><B>LoadMOThread started</B></FONT>
03/12 19:18:33 <FONT color="#0033CC"><B>AxisGateway started</B></FONT>
03/12 19:18:33 <FONT color="#0033CC"><B>MTProcessor started</B></FONT>
03/12 19:18:33 <FONT color="#0033CC"><B>ServicesInternalThread started</B></FONT>
03/12 19:18:33 <FONT color="#0033CC"><B>SMSTransactionLogger started</B></FONT>
03/12 19:18:34 <FONT color="#0033CC"><B>MOProcessor started</B></FONT>
03/12 19:18:34 <FONT color="#0033CC"><B>SynchronizeRequest started</B></FONT>
03/12 19:18:34 <FONT color="#0033CC"><B>SchedulerSynchronizedThread started</B></FONT>
03/12 19:18:35 <FONT color="#0033CC"><B>LoadMTThread started</B></FONT>
03/12 19:18:36 <FONT color="#0033CC"><B>ACKMessageExpire started</B></FONT>
03/12 19:18:38 <FONT color="#2266CC"><U>User 'system' connected successfully</U></FONT>
03/12 19:18:42 User 'system' try to start thread 'SMSC_Demo_02'
03/12 19:18:42 <FONT color="#0033CC"><B>SMSC_Demo_02 started</B></FONT>
03/12 19:37:09 <FONT color="#0033CC"><B>LoadMOThread started</B></FONT>
03/12 19:37:10 <FONT color="#0033CC"><B>MOProcessor started</B></FONT>
03/12 19:37:10 <FONT color="#0033CC"><B>LoadMTThread started</B></FONT>
03/12 19:37:10 <FONT color="#0033CC"><B>SynchronizeRequest started</B></FONT>
03/12 19:37:10 <FONT color="#0033CC"><B>ACKMessageExpire started</B></FONT>
03/12 19:37:10 <FONT color="#0033CC"><B>SchedulerSynchronizedThread started</B></FONT>
03/12 19:37:11 <FONT color="#0033CC"><B>SMSTransactionLogger started</B></FONT>
03/12 19:37:11 <FONT color="#0033CC"><B>AxisGateway started</B></FONT>
03/12 19:37:12 <FONT color="#0033CC"><B>MTProcessor started</B></FONT>
03/12 19:37:13 <FONT color="#0033CC"><B>ServicesInternalThread started</B></FONT>
03/12 19:37:19 <FONT color="#2266CC"><U>User 'system' connected successfully</U></FONT>
04/12 01:47:09 <FONT color="#0033CC"><B>LoadMOThread started</B></FONT>
04/12 01:47:10 <FONT color="#0033CC"><B>LoadMTThread started</B></FONT>
04/12 01:47:10 <FONT color="#0033CC"><B>MOProcessor started</B></FONT>
04/12 01:47:10 <FONT color="#0033CC"><B>SynchronizeRequest started</B></FONT>
04/12 01:47:10 <FONT color="#0033CC"><B>ACKMessageExpire started</B></FONT>
04/12 01:47:11 <FONT color="#0033CC"><B>SchedulerSynchronizedThread started</B></FONT>
04/12 01:47:11 <FONT color="#0033CC"><B>SMSTransactionLogger started</B></FONT>
04/12 01:47:11 <FONT color="#0033CC"><B>AxisGateway started</B></FONT>
04/12 01:47:12 <FONT color="#0033CC"><B>MTProcessor started</B></FONT>
04/12 01:47:13 <FONT color="#0033CC"><B>ServicesInternalThread started</B></FONT>
04/12 01:47:42 <FONT color="#0033CC"><B>SchedulerSynchronizedThreadEx started</B></FONT>
04/12 01:48:13 <FONT color="#2266CC"><U>User 'system' connected successfully</U></FONT>
04/12 01:49:00 User 'system' try to stop thread 'SchedulerSynchronizedThread'
04/12 01:49:02 <FONT color="#CC0033"><B>SchedulerSynchronizedThread stopped</B></FONT>
04/12 02:11:30 <FONT color="#0033CC"><B>LoadMOThread started</B></FONT>
04/12 02:11:31 <FONT color="#0033CC"><B>MOProcessor started</B></FONT>
04/12 02:11:31 <FONT color="#0033CC"><B>LoadMTThread started</B></FONT>
04/12 02:11:31 <FONT color="#0033CC"><B>SynchronizeRequest started</B></FONT>
04/12 02:11:31 <FONT color="#0033CC"><B>ACKMessageExpire started</B></FONT>
04/12 02:11:32 <FONT color="#2266CC"><U>User 'system' connected successfully</U></FONT>
04/12 02:11:32 <FONT color="#0033CC"><B>SMSTransactionLogger started</B></FONT>
04/12 02:11:32 <FONT color="#0033CC"><B>AxisGateway started</B></FONT>
04/12 02:11:33 <FONT color="#0033CC"><B>MTProcessor started</B></FONT>
04/12 02:11:34 <FONT color="#0033CC"><B>ServicesInternalThread started</B></FONT>
04/12 02:11:39 User 'system' try to start thread 'SchedulerSynchronizedThreadEx'
04/12 02:11:39 <FONT color="#0033CC"><B>SchedulerSynchronizedThreadEx started</B></FONT>
04/12 02:12:40 User 'system' try to destroy thread 'SchedulerSynchronizedThreadEx'
04/12 02:12:42 User 'system' try to start thread 'SchedulerSynchronizedThreadEx'
04/12 02:12:43 <FONT color="#0033CC"><B>SchedulerSynchronizedThreadEx started</B></FONT>
04/12 17:19:40 <FONT color="#0033CC"><B>LoadMOThread started</B></FONT>
04/12 17:19:41 <FONT color="#0033CC"><B>MOProcessor started</B></FONT>
04/12 17:19:41 <FONT color="#0033CC"><B>LoadMTThread started</B></FONT>
04/12 17:19:41 <FONT color="#0033CC"><B>SynchronizeRequest started</B></FONT>
04/12 17:19:41 <FONT color="#0033CC"><B>ACKMessageExpire started</B></FONT>
04/12 17:19:42 <FONT color="#0033CC"><B>AxisGateway started</B></FONT>
04/12 17:19:42 <FONT color="#0033CC"><B>SMSTransactionLogger started</B></FONT>
04/12 17:19:43 <FONT color="#0033CC"><B>MTProcessor started</B></FONT>
04/12 17:19:44 <FONT color="#0033CC"><B>ServicesInternalThread started</B></FONT>
04/12 17:20:10 <FONT color="#2266CC"><U>User 'system' connected successfully</U></FONT>
04/12 17:21:03 <FONT color="#0033CC"><B>LoadMOThread started</B></FONT>
04/12 17:21:04 <FONT color="#0033CC"><B>MOProcessor started</B></FONT>
04/12 17:21:04 <FONT color="#0033CC"><B>LoadMTThread started</B></FONT>
04/12 17:21:04 <FONT color="#0033CC"><B>SynchronizeRequest started</B></FONT>
04/12 17:21:04 <FONT color="#0033CC"><B>ACKMessageExpire started</B></FONT>
04/12 17:21:05 <FONT color="#0033CC"><B>AxisGateway started</B></FONT>
04/12 17:21:05 <FONT color="#0033CC"><B>SMSTransactionLogger started</B></FONT>
04/12 17:21:06 <FONT color="#0033CC"><B>MTProcessor started</B></FONT>
04/12 17:21:07 <FONT color="#0033CC"><B>ServicesInternalThread started</B></FONT>
04/12 17:21:26 <FONT color="#2266CC"><U>User 'system' connected successfully</U></FONT>
04/12 17:22:10 <FONT color="#0033CC"><B>LoadMOThread started</B></FONT>
04/12 17:22:11 <FONT color="#0033CC"><B>MOProcessor started</B></FONT>
04/12 17:22:11 <FONT color="#0033CC"><B>LoadMTThread started</B></FONT>
04/12 17:22:11 <FONT color="#0033CC"><B>ACKMessageExpire started</B></FONT>
04/12 17:22:11 <FONT color="#0033CC"><B>SynchronizeRequest started</B></FONT>
04/12 17:22:12 <FONT color="#0033CC"><B>AxisGateway started</B></FONT>
04/12 17:22:12 <FONT color="#0033CC"><B>SMSTransactionLogger started</B></FONT>
04/12 17:22:13 <FONT color="#0033CC"><B>MTProcessor started</B></FONT>
04/12 17:22:14 <FONT color="#0033CC"><B>ServicesInternalThread started</B></FONT>
04/12 17:22:21 <FONT color="#2266CC"><U>User 'system' connected successfully</U></FONT>
04/12 17:26:30 User 'system' try to start thread 'SchedulerSynchronizedThreadEx'
04/12 17:26:30 <FONT color="#0033CC"><B>SchedulerSynchronizedThreadEx started</B></FONT>
04/12 17:29:08 <FONT color="#0033CC"><B>LoadMOThread started</B></FONT>
04/12 17:29:09 <FONT color="#0033CC"><B>MOProcessor started</B></FONT>
04/12 17:29:09 <FONT color="#0033CC"><B>LoadMTThread started</B></FONT>
04/12 17:29:09 <FONT color="#0033CC"><B>SynchronizeRequest started</B></FONT>
04/12 17:29:09 <FONT color="#0033CC"><B>ACKMessageExpire started</B></FONT>
04/12 17:29:10 <FONT color="#0033CC"><B>AxisGateway started</B></FONT>
04/12 17:29:10 <FONT color="#0033CC"><B>SMSTransactionLogger started</B></FONT>
04/12 17:29:11 <FONT color="#0033CC"><B>MTProcessor started</B></FONT>
04/12 17:29:12 <FONT color="#0033CC"><B>ServicesInternalThread started</B></FONT>
04/12 17:29:15 <FONT color="#2266CC"><U>User 'system' connected successfully</U></FONT>
04/12 17:29:19 User 'system' try to start thread 'SchedulerSynchronizedThreadEx'
04/12 17:29:19 <FONT color="#0033CC"><B>SchedulerSynchronizedThreadEx started</B></FONT>
04/12 17:35:13 <FONT color="#0033CC"><B>AxisGateway started</B></FONT>
04/12 17:35:13 <FONT color="#0033CC"><B>MTProcessor started</B></FONT>
04/12 17:35:13 <FONT color="#0033CC"><B>ServicesInternalThread started</B></FONT>
04/12 17:35:13 <FONT color="#0033CC"><B>SMSTransactionLogger started</B></FONT>
04/12 17:35:13 <FONT color="#0033CC"><B>LoadMOThread started</B></FONT>
04/12 17:35:14 <FONT color="#0033CC"><B>MOProcessor started</B></FONT>
04/12 17:35:14 <FONT color="#0033CC"><B>SynchronizeRequest started</B></FONT>
04/12 17:35:15 <FONT color="#2266CC"><U>User 'system' connected successfully</U></FONT>
04/12 17:35:15 <FONT color="#0033CC"><B>LoadMTThread started</B></FONT>
04/12 17:35:16 <FONT color="#0033CC"><B>ACKMessageExpire started</B></FONT>
04/12 17:35:18 User 'system' try to start thread 'SchedulerSynchronizedThreadEx'
04/12 17:35:18 <FONT color="#0033CC"><B>SchedulerSynchronizedThreadEx started</B></FONT>
04/12 17:45:56 <FONT color="#0033CC"><B>LoadMOThread started</B></FONT>
04/12 17:45:57 <FONT color="#0033CC"><B>MOProcessor started</B></FONT>
04/12 17:45:57 <FONT color="#0033CC"><B>LoadMTThread started</B></FONT>
04/12 17:45:57 <FONT color="#0033CC"><B>SynchronizeRequest started</B></FONT>
04/12 17:45:57 <FONT color="#0033CC"><B>ACKMessageExpire started</B></FONT>
04/12 17:45:57 <FONT color="#2266CC"><U>User 'system' connected successfully</U></FONT>
04/12 17:45:58 <FONT color="#0033CC"><B>AxisGateway started</B></FONT>
04/12 17:45:58 <FONT color="#0033CC"><B>SMSTransactionLogger started</B></FONT>
04/12 17:45:59 <FONT color="#0033CC"><B>MTProcessor started</B></FONT>
04/12 17:46:00 <FONT color="#0033CC"><B>ServicesInternalThread started</B></FONT>
12/12 10:24:13 <FONT color="#0033CC"><B>LoadMOThread started</B></FONT>
12/12 10:24:14 <FONT color="#0033CC"><B>MOProcessor started</B></FONT>
12/12 10:24:18 <FONT color="#0033CC"><B>AxisGateway started</B></FONT>
12/12 10:24:18 <FONT color="#0033CC"><B>MTProcessor started</B></FONT>
12/12 10:24:19 <FONT color="#0033CC"><B>LoadMTThread started</B></FONT>
12/12 10:24:19 <FONT color="#0033CC"><B>SMSTransactionLogger started</B></FONT>
12/12 10:24:20 <FONT color="#0033CC"><B>ServicesInternalThread started</B></FONT>
12/12 10:24:20 <FONT color="#0033CC"><B>SynchronizeRequest started</B></FONT>
12/12 10:24:21 <FONT color="#0033CC"><B>ACKMessageExpire started</B></FONT>
12/12 10:24:21 <FONT color="#0033CC"><B>GSM SMSC started</B></FONT>
12/12 10:24:22 <FONT color="#0033CC"><B>SMS LOCAL started</B></FONT>
12/12 10:27:13 <FONT color="#2266CC"><U>User 'system' connected successfully</U></FONT>
12/12 10:27:14 <FONT color="#CC6622"><U>User 'system' disconnected</U></FONT>
12/12 10:27:16 <FONT color="#2266CC"><U>User 'system' connected successfully</U></FONT>
12/12 10:29:23 <FONT color="#CC6622"><U>User 'system' disconnected</U></FONT>
17/12 22:28:23 <FONT color="#0033CC"><B>LoadMOThread started</B></FONT>
17/12 22:28:24 <FONT color="#0033CC"><B>MOProcessor started</B></FONT>
17/12 22:28:25 <FONT color="#0033CC"><B>AxisGateway started</B></FONT>
17/12 22:28:25 <FONT color="#0033CC"><B>MTProcessor started</B></FONT>
17/12 22:28:25 <FONT color="#0033CC"><B>SMSTransactionLogger started</B></FONT>
17/12 22:28:25 <FONT color="#0033CC"><B>ServicesInternalThread started</B></FONT>
17/12 22:28:26 <FONT color="#0033CC"><B>LoadMTThread started</B></FONT>
17/12 22:28:26 <FONT color="#0033CC"><B>ACKMessageExpire started</B></FONT>
17/12 22:28:27 <FONT color="#0033CC"><B>SynchronizeRequest started</B></FONT>
23/12 17:18:16 <FONT color="#0033CC"><B>LoadMOThread started</B></FONT>
23/12 17:18:17 <FONT color="#0033CC"><B>ACKMessageExpire started</B></FONT>
23/12 17:18:17 <FONT color="#0033CC"><B>SynchronizeRequest started</B></FONT>
23/12 17:18:17 <FONT color="#0033CC"><B>LoadMTThread started</B></FONT>
23/12 17:18:17 <FONT color="#0033CC"><B>MOProcessor started</B></FONT>
23/12 17:18:18 <FONT color="#0033CC"><B>AxisGateway started</B></FONT>
23/12 17:18:18 <FONT color="#0033CC"><B>SMSTransactionLogger started</B></FONT>
23/12 17:18:18 <FONT color="#0033CC"><B>SMS LOCAL started</B></FONT>
23/12 17:18:19 <FONT color="#0033CC"><B>MTProcessor started</B></FONT>
23/12 17:18:19 <FONT color="#0033CC"><B>GSM SMSC started</B></FONT>
23/12 17:18:20 <FONT color="#0033CC"><B>ServicesInternalThread started</B></FONT>
23/12 17:18:34 <FONT color="#2266CC"><U>User 'system' connected successfully</U></FONT>
23/12 17:18:35 <FONT color="#CC6622"><U>User 'system' disconnected</U></FONT>
23/12 17:18:37 <FONT color="#2266CC"><U>User 'system' connected successfully</U></FONT>
23/12 17:24:56 <FONT color="#0033CC"><B>LoadMOThread started</B></FONT>
23/12 17:24:57 <FONT color="#0033CC"><B>LoadMTThread started</B></FONT>
23/12 17:24:57 <FONT color="#0033CC"><B>SynchronizeRequest started</B></FONT>
23/12 17:24:57 <FONT color="#0033CC"><B>MOProcessor started</B></FONT>
23/12 17:24:57 <FONT color="#0033CC"><B>ACKMessageExpire started</B></FONT>
23/12 17:24:57 <FONT color="#0033CC"><B>SMS LOCAL started</B></FONT>
23/12 17:24:58 <FONT color="#0033CC"><B>AxisGateway started</B></FONT>
23/12 17:24:58 <FONT color="#0033CC"><B>SMSTransactionLogger started</B></FONT>
23/12 17:24:58 <FONT color="#0033CC"><B>GSM SMSC started</B></FONT>
23/12 17:24:59 <FONT color="#0033CC"><B>MTProcessor started</B></FONT>
23/12 17:24:59 <FONT color="#2266CC"><U>User 'system' connected successfully</U></FONT>
23/12 17:25:00 <FONT color="#0033CC"><B>ServicesInternalThread started</B></FONT>
29/12 13:53:52 <FONT color="#0033CC"><B>LoadMOThread started</B></FONT>
29/12 13:53:53 <FONT color="#0033CC"><B>MOProcessor started</B></FONT>
29/12 13:53:55 <FONT color="#0033CC"><B>MTProcessor started</B></FONT>
29/12 13:53:55 <FONT color="#0033CC"><B>AxisGateway started</B></FONT>
29/12 13:53:56 <FONT color="#0033CC"><B>LoadMTThread started</B></FONT>
29/12 13:53:56 <FONT color="#0033CC"><B>SMSTransactionLogger started</B></FONT>
29/12 13:53:56 <FONT color="#0033CC"><B>ServicesInternalThread started</B></FONT>
29/12 13:53:57 <FONT color="#0033CC"><B>SynchronizeRequest started</B></FONT>
29/12 13:53:58 <FONT color="#0033CC"><B>ACKMessageExpire started</B></FONT>
29/12 13:53:58 <FONT color="#0033CC"><B>GSM SMSC started</B></FONT>
29/12 13:53:59 <FONT color="#0033CC"><B>SMS LOCAL started</B></FONT>
29/12 13:54:12 <FONT color="#2266CC"><U>User 'system' connected successfully</U></FONT>
29/12 13:55:37 User 'system' try to update parameter of thread 'LoadDataThread'
29/12 13:55:37 Parameter of thread 'LoadDataThread' updated
29/12 13:55:38 User 'system' try to start thread 'LoadDataThread'
29/12 13:55:39 <FONT color="#0033CC"><B>LoadDataThread started</B></FONT>
29/12 13:56:00 User 'system' try to destroy thread 'LoadDataThread'
29/12 13:57:10 <FONT color="#0033CC"><B>LoadMOThread started</B></FONT>
29/12 13:57:10 <FONT color="#0033CC"><B>MTProcessor started</B></FONT>
29/12 13:57:10 <FONT color="#0033CC"><B>AxisGateway started</B></FONT>
29/12 13:57:10 <FONT color="#0033CC"><B>SMSTransactionLogger started</B></FONT>
29/12 13:57:10 <FONT color="#0033CC"><B>ServicesInternalThread started</B></FONT>
29/12 13:57:11 <FONT color="#0033CC"><B>MOProcessor started</B></FONT>
29/12 13:57:11 <FONT color="#0033CC"><B>SynchronizeRequest started</B></FONT>
29/12 13:57:12 <FONT color="#0033CC"><B>LoadMTThread started</B></FONT>
29/12 13:57:12 <FONT color="#0033CC"><B>SMS LOCAL started</B></FONT>
29/12 13:57:13 <FONT color="#0033CC"><B>ACKMessageExpire started</B></FONT>
29/12 13:57:14 <FONT color="#0033CC"><B>GSM SMSC started</B></FONT>
29/12 13:58:11 <FONT color="#0033CC"><B>LoadMOThread started</B></FONT>
29/12 13:58:11 <FONT color="#0033CC"><B>AxisGateway started</B></FONT>
29/12 13:58:11 <FONT color="#0033CC"><B>MTProcessor started</B></FONT>
29/12 13:58:11 <FONT color="#0033CC"><B>SMSTransactionLogger started</B></FONT>
29/12 13:58:11 <FONT color="#0033CC"><B>ServicesInternalThread started</B></FONT>
29/12 13:58:12 <FONT color="#0033CC"><B>MOProcessor started</B></FONT>
29/12 13:58:12 <FONT color="#0033CC"><B>SynchronizeRequest started</B></FONT>
29/12 13:58:12 <FONT color="#0033CC"><B>SMS LOCAL started</B></FONT>
29/12 13:58:13 <FONT color="#0033CC"><B>LoadMTThread started</B></FONT>
29/12 13:58:13 <FONT color="#0033CC"><B>GSM SMSC started</B></FONT>
29/12 13:58:14 <FONT color="#0033CC"><B>ACKMessageExpire started</B></FONT>
29/12 13:58:20 <FONT color="#2266CC"><U>User 'system' connected successfully</U></FONT>
29/12 13:58:29 User 'system' try to update parameter of thread 'LoadDataThread'
29/12 13:58:29 Parameter of thread 'LoadDataThread' updated
29/12 13:58:30 User 'system' try to start thread 'LoadDataThread'
29/12 13:58:30 <FONT color="#0033CC"><B>LoadDataThread started</B></FONT>
29/12 13:59:06 <FONT color="#0033CC"><B>LoadMOThread started</B></FONT>
29/12 13:59:06 <FONT color="#0033CC"><B>AxisGateway started</B></FONT>
29/12 13:59:06 <FONT color="#0033CC"><B>SMSTransactionLogger started</B></FONT>
29/12 13:59:06 <FONT color="#0033CC"><B>ServicesInternalThread started</B></FONT>
29/12 13:59:06 <FONT color="#0033CC"><B>MTProcessor started</B></FONT>
29/12 13:59:07 <FONT color="#0033CC"><B>MOProcessor started</B></FONT>
29/12 13:59:07 <FONT color="#0033CC"><B>SynchronizeRequest started</B></FONT>
29/12 13:59:07 <FONT color="#0033CC"><B>LoadDataThread started</B></FONT>
29/12 13:59:07 <FONT color="#0033CC"><B>GSM SMSC started</B></FONT>
29/12 13:59:08 <FONT color="#0033CC"><B>LoadMTThread started</B></FONT>
29/12 13:59:09 <FONT color="#0033CC"><B>SMS LOCAL started</B></FONT>
29/12 13:59:09 <FONT color="#0033CC"><B>ACKMessageExpire started</B></FONT>
29/12 14:06:20 <FONT color="#0033CC"><B>LoadMOThread started</B></FONT>
29/12 14:06:20 <FONT color="#0033CC"><B>AxisGateway started</B></FONT>
29/12 14:06:20 <FONT color="#0033CC"><B>MTProcessor started</B></FONT>
29/12 14:06:20 <FONT color="#0033CC"><B>SMSTransactionLogger started</B></FONT>
29/12 14:06:20 <FONT color="#0033CC"><B>ServicesInternalThread started</B></FONT>
29/12 14:06:21 <FONT color="#0033CC"><B>MOProcessor started</B></FONT>
29/12 14:06:21 <FONT color="#0033CC"><B>SynchronizeRequest started</B></FONT>
29/12 14:06:21 <FONT color="#0033CC"><B>LoadDataThread started</B></FONT>
29/12 14:06:22 <FONT color="#0033CC"><B>LoadMTThread started</B></FONT>
29/12 14:06:22 <FONT color="#0033CC"><B>SMS LOCAL started</B></FONT>
29/12 14:06:23 <FONT color="#0033CC"><B>ACKMessageExpire started</B></FONT>
29/12 14:06:25 <FONT color="#0033CC"><B>GSM SMSC started</B></FONT>
29/12 14:10:31 <FONT color="#0033CC"><B>LoadMOThread started</B></FONT>
29/12 14:10:31 <FONT color="#0033CC"><B>AxisGateway started</B></FONT>
29/12 14:10:31 <FONT color="#0033CC"><B>SMSTransactionLogger started</B></FONT>
29/12 14:10:31 <FONT color="#0033CC"><B>MTProcessor started</B></FONT>
29/12 14:10:31 <FONT color="#0033CC"><B>ServicesInternalThread started</B></FONT>
29/12 14:10:32 <FONT color="#0033CC"><B>LoadDataThread started</B></FONT>
29/12 14:10:32 <FONT color="#0033CC"><B>SynchronizeRequest started</B></FONT>
29/12 14:10:32 <FONT color="#0033CC"><B>MOProcessor started</B></FONT>
29/12 14:10:33 <FONT color="#0033CC"><B>LoadMTThread started</B></FONT>
29/12 14:10:33 <FONT color="#0033CC"><B>SMS LOCAL started</B></FONT>
29/12 14:10:34 <FONT color="#0033CC"><B>ACKMessageExpire started</B></FONT>
29/12 14:10:35 <FONT color="#0033CC"><B>GSM SMSC started</B></FONT>
29/12 15:07:51 <FONT color="#0033CC"><B>LoadMOThread started</B></FONT>
29/12 15:07:52 <FONT color="#2266CC"><U>User 'system' connected successfully</U></FONT>
29/12 15:07:52 <FONT color="#0033CC"><B>LoadDataThread started</B></FONT>
29/12 15:07:52 <FONT color="#0033CC"><B>ACKMessageExpire started</B></FONT>
29/12 15:07:52 <FONT color="#0033CC"><B>SynchronizeRequest started</B></FONT>
29/12 15:07:52 <FONT color="#0033CC"><B>LoadMTThread started</B></FONT>
29/12 15:07:52 <FONT color="#0033CC"><B>MOProcessor started</B></FONT>
29/12 15:07:53 <FONT color="#0033CC"><B>AxisGateway started</B></FONT>
29/12 15:07:53 <FONT color="#0033CC"><B>SMSTransactionLogger started</B></FONT>
29/12 15:07:53 <FONT color="#0033CC"><B>SMS LOCAL started</B></FONT>
29/12 15:07:54 <FONT color="#0033CC"><B>MTProcessor started</B></FONT>
29/12 15:07:54 <FONT color="#0033CC"><B>GSM SMSC started</B></FONT>
29/12 15:07:55 <FONT color="#0033CC"><B>ServicesInternalThread started</B></FONT>
29/12 15:08:31 User 'system' try to update parameter of thread 'GSM SMSC'
29/12 15:08:31 Parameter of thread 'GSM SMSC' updated
29/12 15:08:33 <FONT color="#0033CC"><B>GSM SMSC started</B></FONT>
29/12 15:08:34 <FONT color="#CC0033"><B>GSM SMSC stopped</B></FONT>
29/12 15:08:41 User 'system' try to update parameter of thread 'GSM SMSC'
29/12 15:08:42 Parameter of thread 'GSM SMSC' updated
29/12 15:08:43 User 'system' try to stop thread 'GSM SMSC'
29/12 15:08:43 User 'system' try to start thread 'GSM SMSC'
29/12 15:08:44 <FONT color="#CC0033"><B>GSM SMSC stopped</B></FONT>
29/12 15:08:46 <FONT color="#0033CC"><B>GSM SMSC started</B></FONT>
29/12 15:08:47 User 'system' try to stop thread 'GSM SMSC'
29/12 15:08:47 User 'system' try to start thread 'GSM SMSC'
29/12 15:08:48 <FONT color="#CC0033"><B>GSM SMSC stopped</B></FONT>
29/12 15:08:50 <FONT color="#0033CC"><B>GSM SMSC started</B></FONT>
29/12 15:09:47 <FONT color="#0033CC"><B>LoadMOThread started</B></FONT>
29/12 15:09:47 <FONT color="#0033CC"><B>MTProcessor started</B></FONT>
29/12 15:09:47 <FONT color="#0033CC"><B>AxisGateway started</B></FONT>
29/12 15:09:47 <FONT color="#0033CC"><B>SMSTransactionLogger started</B></FONT>
29/12 15:09:47 <FONT color="#0033CC"><B>ServicesInternalThread started</B></FONT>
29/12 15:09:48 <FONT color="#0033CC"><B>MOProcessor started</B></FONT>
29/12 15:09:48 <FONT color="#0033CC"><B>SynchronizeRequest started</B></FONT>
29/12 15:09:48 <FONT color="#0033CC"><B>LoadDataThread started</B></FONT>
29/12 15:09:48 <FONT color="#0033CC"><B>GSM SMSC started</B></FONT>
29/12 15:09:49 <FONT color="#0033CC"><B>LoadMTThread started</B></FONT>
29/12 15:09:49 <FONT color="#0033CC"><B>SMS LOCAL started</B></FONT>
29/12 15:09:50 <FONT color="#0033CC"><B>ACKMessageExpire started</B></FONT>
29/12 15:10:10 <FONT color="#2266CC"><U>User 'system' connected successfully</U></FONT>
29/12 15:15:18 <FONT color="#0033CC"><B>LoadMOThread started</B></FONT>
29/12 15:15:18 <FONT color="#0033CC"><B>MTProcessor started</B></FONT>
29/12 15:15:18 <FONT color="#0033CC"><B>AxisGateway started</B></FONT>
29/12 15:15:18 <FONT color="#0033CC"><B>SMSTransactionLogger started</B></FONT>
29/12 15:15:18 <FONT color="#0033CC"><B>ServicesInternalThread started</B></FONT>
29/12 15:15:19 <FONT color="#0033CC"><B>MOProcessor started</B></FONT>
29/12 15:15:19 <FONT color="#0033CC"><B>SynchronizeRequest started</B></FONT>
29/12 15:15:19 <FONT color="#0033CC"><B>LoadDataThread started</B></FONT>
29/12 15:15:20 <FONT color="#0033CC"><B>LoadMTThread started</B></FONT>
29/12 15:15:20 <FONT color="#0033CC"><B>SMS LOCAL started</B></FONT>
29/12 15:15:21 <FONT color="#0033CC"><B>ACKMessageExpire started</B></FONT>
29/12 15:15:22 <FONT color="#0033CC"><B>GSM SMSC started</B></FONT>
29/12 15:18:09 <FONT color="#0033CC"><B>LoadMOThread started</B></FONT>
29/12 15:18:09 <FONT color="#0033CC"><B>AxisGateway started</B></FONT>
29/12 15:18:09 <FONT color="#0033CC"><B>MTProcessor started</B></FONT>
29/12 15:18:09 <FONT color="#0033CC"><B>ServicesInternalThread started</B></FONT>
29/12 15:18:09 <FONT color="#0033CC"><B>SMSTransactionLogger started</B></FONT>
29/12 15:18:10 <FONT color="#0033CC"><B>MOProcessor started</B></FONT>
29/12 15:18:10 <FONT color="#0033CC"><B>LoadDataThread started</B></FONT>
29/12 15:18:10 <FONT color="#0033CC"><B>SynchronizeRequest started</B></FONT>
29/12 15:18:11 <FONT color="#0033CC"><B>LoadMTThread started</B></FONT>
29/12 15:18:12 <FONT color="#0033CC"><B>SMS LOCAL started</B></FONT>
29/12 15:18:12 <FONT color="#0033CC"><B>ACKMessageExpire started</B></FONT>
29/12 15:18:14 <FONT color="#0033CC"><B>GSM SMSC started</B></FONT>
29/12 15:19:22 <FONT color="#0033CC"><B>LoadMOThread started</B></FONT>
29/12 15:19:22 <FONT color="#0033CC"><B>AxisGateway started</B></FONT>
29/12 15:19:22 <FONT color="#0033CC"><B>MTProcessor started</B></FONT>
29/12 15:19:22 <FONT color="#0033CC"><B>SMSTransactionLogger started</B></FONT>
29/12 15:19:22 <FONT color="#0033CC"><B>ServicesInternalThread started</B></FONT>
29/12 15:19:23 <FONT color="#0033CC"><B>MOProcessor started</B></FONT>
29/12 15:19:23 <FONT color="#0033CC"><B>SynchronizeRequest started</B></FONT>
29/12 15:19:24 <FONT color="#0033CC"><B>LoadMTThread started</B></FONT>
29/12 15:19:24 <FONT color="#0033CC"><B>LoadDataThread started</B></FONT>
29/12 15:19:25 <FONT color="#0033CC"><B>GSM SMSC started</B></FONT>
29/12 15:19:26 <FONT color="#0033CC"><B>ACKMessageExpire started</B></FONT>
29/12 15:19:27 <FONT color="#0033CC"><B>SMS LOCAL started</B></FONT>
29/12 15:21:53 <FONT color="#0033CC"><B>LoadMOThread started</B></FONT>
29/12 15:21:54 <FONT color="#0033CC"><B>MOProcessor started</B></FONT>
29/12 15:21:54 <FONT color="#0033CC"><B>LoadMTThread started</B></FONT>
29/12 15:21:54 <FONT color="#0033CC"><B>SynchronizeRequest started</B></FONT>
29/12 15:21:54 <FONT color="#0033CC"><B>ACKMessageExpire started</B></FONT>
29/12 15:21:54 <FONT color="#0033CC"><B>LoadDataThread started</B></FONT>
29/12 15:21:55 <FONT color="#0033CC"><B>AxisGateway started</B></FONT>
29/12 15:21:55 <FONT color="#0033CC"><B>SMSTransactionLogger started</B></FONT>
29/12 15:21:56 <FONT color="#0033CC"><B>SMS LOCAL started</B></FONT>
29/12 15:21:56 <FONT color="#0033CC"><B>MTProcessor started</B></FONT>
29/12 15:21:57 <FONT color="#0033CC"><B>GSM SMSC started</B></FONT>
29/12 15:21:58 <FONT color="#0033CC"><B>ServicesInternalThread started</B></FONT>
29/12 15:25:18 <FONT color="#0033CC"><B>LoadMOThread started</B></FONT>
29/12 15:25:19 <FONT color="#0033CC"><B>LoadDataThread started</B></FONT>
29/12 15:25:19 <FONT color="#0033CC"><B>MOProcessor started</B></FONT>
29/12 15:25:19 <FONT color="#0033CC"><B>LoadMTThread started</B></FONT>
29/12 15:25:19 <FONT color="#0033CC"><B>ACKMessageExpire started</B></FONT>
29/12 15:25:19 <FONT color="#0033CC"><B>SynchronizeRequest started</B></FONT>
29/12 15:25:20 <FONT color="#0033CC"><B>AxisGateway started</B></FONT>
29/12 15:25:20 <FONT color="#0033CC"><B>SMSTransactionLogger started</B></FONT>
29/12 15:25:20 <FONT color="#0033CC"><B>SMS LOCAL started</B></FONT>
29/12 15:25:21 <FONT color="#0033CC"><B>MTProcessor started</B></FONT>
29/12 15:25:21 <FONT color="#0033CC"><B>GSM SMSC started</B></FONT>
29/12 15:25:22 <FONT color="#0033CC"><B>ServicesInternalThread started</B></FONT>
29/12 15:25:24 <FONT color="#2266CC"><U>User 'system' connected successfully</U></FONT>
29/12 15:35:14 <FONT color="#0033CC"><B>LoadMOThread started</B></FONT>
29/12 15:35:15 <FONT color="#0033CC"><B>MOProcessor started</B></FONT>
29/12 15:35:15 <FONT color="#0033CC"><B>SynchronizeRequest started</B></FONT>
29/12 15:35:15 <FONT color="#0033CC"><B>LoadMTThread started</B></FONT>
29/12 15:35:15 <FONT color="#0033CC"><B>ACKMessageExpire started</B></FONT>
29/12 15:35:15 <FONT color="#0033CC"><B>LoadDataThread started</B></FONT>
29/12 15:35:16 <FONT color="#0033CC"><B>AxisGateway started</B></FONT>
29/12 15:35:16 <FONT color="#0033CC"><B>SMSTransactionLogger started</B></FONT>
29/12 15:35:17 <FONT color="#0033CC"><B>MTProcessor started</B></FONT>
29/12 15:35:18 <FONT color="#0033CC"><B>ServicesInternalThread started</B></FONT>
29/12 15:35:20 <FONT color="#2266CC"><U>User 'system' connected successfully</U></FONT>
29/12 15:35:51 <FONT color="#0033CC"><B>LoadMOThread started</B></FONT>
29/12 15:35:51 <FONT color="#2266CC"><U>User 'system' connected successfully</U></FONT>
29/12 15:35:52 <FONT color="#0033CC"><B>LoadMTThread started</B></FONT>
29/12 15:35:52 <FONT color="#0033CC"><B>MOProcessor started</B></FONT>
29/12 15:35:52 <FONT color="#0033CC"><B>ACKMessageExpire started</B></FONT>
29/12 15:35:52 <FONT color="#0033CC"><B>SynchronizeRequest started</B></FONT>
29/12 15:35:52 <FONT color="#0033CC"><B>LoadDataThread started</B></FONT>
29/12 15:35:53 <FONT color="#0033CC"><B>AxisGateway started</B></FONT>
29/12 15:35:53 <FONT color="#0033CC"><B>SMSTransactionLogger started</B></FONT>
29/12 15:35:54 <FONT color="#0033CC"><B>MTProcessor started</B></FONT>
29/12 15:35:55 <FONT color="#0033CC"><B>ServicesInternalThread started</B></FONT>
29/12 15:38:44 <FONT color="#0033CC"><B>LoadMOThread started</B></FONT>
29/12 15:38:45 <FONT color="#0033CC"><B>MOProcessor started</B></FONT>
29/12 15:38:45 <FONT color="#0033CC"><B>LoadMTThread started</B></FONT>
29/12 15:38:45 <FONT color="#0033CC"><B>SynchronizeRequest started</B></FONT>
29/12 15:38:45 <FONT color="#0033CC"><B>LoadDataThread started</B></FONT>
29/12 15:38:45 <FONT color="#0033CC"><B>ACKMessageExpire started</B></FONT>
29/12 15:38:46 <FONT color="#0033CC"><B>SMSTransactionLogger started</B></FONT>
29/12 15:38:46 <FONT color="#0033CC"><B>AxisGateway started</B></FONT>
29/12 15:38:47 <FONT color="#0033CC"><B>MTProcessor started</B></FONT>
29/12 15:38:48 <FONT color="#0033CC"><B>ServicesInternalThread started</B></FONT>
29/12 15:42:15 <FONT color="#0033CC"><B>LoadMOThread started</B></FONT>
29/12 15:42:16 <FONT color="#0033CC"><B>MOProcessor started</B></FONT>
29/12 15:42:16 <FONT color="#0033CC"><B>LoadMTThread started</B></FONT>
29/12 15:42:16 <FONT color="#0033CC"><B>ACKMessageExpire started</B></FONT>
29/12 15:42:16 <FONT color="#0033CC"><B>LoadDataThread started</B></FONT>
29/12 15:42:16 <FONT color="#0033CC"><B>SynchronizeRequest started</B></FONT>
29/12 15:42:18 <FONT color="#0033CC"><B>AxisGateway started</B></FONT>
29/12 15:42:18 <FONT color="#0033CC"><B>SMSTransactionLogger started</B></FONT>
29/12 15:42:19 <FONT color="#0033CC"><B>MTProcessor started</B></FONT>
29/12 15:42:20 <FONT color="#0033CC"><B>ServicesInternalThread started</B></FONT>
29/12 16:01:22 <FONT color="#0033CC"><B>LoadMOThread started</B></FONT>
29/12 16:01:23 <FONT color="#0033CC"><B>MOProcessor started</B></FONT>
29/12 16:01:23 <FONT color="#0033CC"><B>LoadMTThread started</B></FONT>
29/12 16:01:23 <FONT color="#0033CC"><B>SynchronizeRequest started</B></FONT>
29/12 16:01:23 <FONT color="#0033CC"><B>ACKMessageExpire started</B></FONT>
29/12 16:01:23 <FONT color="#0033CC"><B>LoadDataThread started</B></FONT>
29/12 16:01:24 <FONT color="#0033CC"><B>AxisGateway started</B></FONT>
29/12 16:01:24 <FONT color="#0033CC"><B>SMSTransactionLogger started</B></FONT>
29/12 16:01:25 <FONT color="#0033CC"><B>MTProcessor started</B></FONT>
29/12 16:01:26 <FONT color="#0033CC"><B>ServicesInternalThread started</B></FONT>
07/01 18:03:09 <FONT color="#0033CC"><B>LoadMOThread started</B></FONT>
07/01 18:03:10 <FONT color="#0033CC"><B>AxisGateway started</B></FONT>
07/01 18:03:10 <FONT color="#0033CC"><B>SMSTransactionLogger started</B></FONT>
07/01 18:03:10 <FONT color="#0033CC"><B>MTProcessor started</B></FONT>
07/01 18:03:10 <FONT color="#0033CC"><B>ServicesInternalThread started</B></FONT>
07/01 18:03:11 <FONT color="#0033CC"><B>LoadDataThread started</B></FONT>
07/01 18:03:11 <FONT color="#0033CC"><B>SynchronizeRequest started</B></FONT>
07/01 18:03:11 <FONT color="#0033CC"><B>MOProcessor started</B></FONT>
07/01 18:03:12 <FONT color="#0033CC"><B>LoadMTThread started</B></FONT>
07/01 18:03:12 <FONT color="#0033CC"><B>SMS LOCAL started</B></FONT>
07/01 18:03:13 <FONT color="#0033CC"><B>ACKMessageExpire started</B></FONT>
07/01 18:03:14 <FONT color="#0033CC"><B>GSM SMSC started</B></FONT>
07/01 18:04:38 <FONT color="#2266CC"><U>User 'system' connected successfully</U></FONT>
07/01 18:04:39 <FONT color="#CC6622"><U>User 'system' disconnected</U></FONT>
07/01 18:04:41 <FONT color="#2266CC"><U>User 'system' connected successfully</U></FONT>
07/01 18:06:09 User 'system' try to update parameter of thread 'LoadMOThread'
07/01 18:06:10 Parameter of thread 'LoadMOThread' updated
07/01 18:06:11 User 'system' try to stop thread 'LoadMOThread'
07/01 18:06:11 User 'system' try to start thread 'LoadMOThread'
07/01 18:06:21 <FONT color="#CC0033"><B>LoadMOThread stopped</B></FONT>
07/01 18:06:21 <FONT color="#0033CC"><B>LoadMOThread started</B></FONT>
07/01 18:32:59 <FONT color="#CC6622"><U>User 'system' disconnected</U></FONT>
08/01 13:39:11 <FONT color="#0033CC"><B>LoadMOThread started</B></FONT>
08/01 13:39:12 <FONT color="#0033CC"><B>MOProcessor started</B></FONT>
08/01 13:39:15 <FONT color="#0033CC"><B>AxisGateway started</B></FONT>
08/01 13:39:15 <FONT color="#0033CC"><B>MTProcessor started</B></FONT>
08/01 13:39:15 <FONT color="#0033CC"><B>SMSTransactionLogger started</B></FONT>
08/01 13:39:16 <FONT color="#0033CC"><B>ServicesInternalThread started</B></FONT>
08/01 13:39:18 <FONT color="#0033CC"><B>ACKMessageExpire started</B></FONT>
08/01 13:39:18 <FONT color="#0033CC"><B>LoadMTThread started</B></FONT>
08/01 13:39:19 <FONT color="#0033CC"><B>SynchronizeRequest started</B></FONT>
08/01 13:39:19 <FONT color="#0033CC"><B>SMS LOCAL started</B></FONT>
08/01 13:39:19 <FONT color="#2266CC"><U>User 'system' connected successfully</U></FONT>
08/01 13:39:23 <FONT color="#0033CC"><B>LoadDataThread started</B></FONT>
08/01 13:39:24 <FONT color="#0033CC"><B>GSM SMSC started</B></FONT>
08/01 13:42:59 User 'system' try to stop thread 'SMSTransactionLogger'
08/01 13:42:59 User 'system' try to start thread 'SMSTransactionLogger'
08/01 13:43:00 <FONT color="#CC0033"><B>SMSTransactionLogger stopped</B></FONT>
08/01 13:43:01 <FONT color="#0033CC"><B>SMSTransactionLogger started</B></FONT>
08/01 13:50:24 <FONT color="#0033CC"><B>LoadMOThread started</B></FONT>
08/01 13:50:26 <FONT color="#0033CC"><B>MOProcessor started</B></FONT>
08/01 13:50:28 <FONT color="#0033CC"><B>MTProcessor started</B></FONT>
08/01 13:50:28 <FONT color="#0033CC"><B>AxisGateway started</B></FONT>
08/01 13:50:28 <FONT color="#0033CC"><B>SMSTransactionLogger started</B></FONT>
08/01 13:50:28 <FONT color="#0033CC"><B>SMS LOCAL started</B></FONT>
08/01 13:50:28 <FONT color="#0033CC"><B>ServicesInternalThread started</B></FONT>
08/01 13:50:29 <FONT color="#0033CC"><B>LoadMTThread started</B></FONT>
08/01 13:50:29 <FONT color="#0033CC"><B>ACKMessageExpire started</B></FONT>
08/01 13:50:30 <FONT color="#0033CC"><B>GSM SMSC started</B></FONT>
08/01 13:50:30 <FONT color="#0033CC"><B>SynchronizeRequest started</B></FONT>
08/01 13:50:31 <FONT color="#0033CC"><B>LoadDataThread started</B></FONT>
08/01 13:50:35 <FONT color="#2266CC"><U>User 'system' connected successfully</U></FONT>
08/01 17:40:17 <FONT color="#0033CC"><B>LoadMOThread started</B></FONT>
08/01 17:40:18 <FONT color="#0033CC"><B>MOProcessor started</B></FONT>
08/01 17:40:18 <FONT color="#0033CC"><B>LoadMTThread started</B></FONT>
08/01 17:40:18 <FONT color="#0033CC"><B>SynchronizeRequest started</B></FONT>
08/01 17:40:19 <FONT color="#0033CC"><B>LoadDataThread started</B></FONT>
08/01 17:40:19 <FONT color="#0033CC"><B>ACKMessageExpire started</B></FONT>
08/01 17:40:20 <FONT color="#0033CC"><B>AxisGateway started</B></FONT>
08/01 17:40:20 <FONT color="#0033CC"><B>SMSTransactionLogger started</B></FONT>
08/01 17:40:20 <FONT color="#0033CC"><B>SMS LOCAL started</B></FONT>
08/01 17:40:21 <FONT color="#0033CC"><B>MTProcessor started</B></FONT>
08/01 17:40:21 <FONT color="#0033CC"><B>GSM SMSC started</B></FONT>
08/01 17:40:23 <FONT color="#0033CC"><B>ServicesInternalThread started</B></FONT>
08/01 17:48:07 <FONT color="#0033CC"><B>AxisGateway started</B></FONT>
08/01 17:48:07 <FONT color="#0033CC"><B>LoadMOThread started</B></FONT>
08/01 17:48:07 <FONT color="#0033CC"><B>MTProcessor started</B></FONT>
08/01 17:48:07 <FONT color="#0033CC"><B>SMSTransactionLogger started</B></FONT>
08/01 17:48:07 <FONT color="#0033CC"><B>ServicesInternalThread started</B></FONT>
08/01 17:48:07 <FONT color="#0033CC"><B>SMS LOCAL started</B></FONT>
08/01 17:48:08 <FONT color="#0033CC"><B>MOProcessor started</B></FONT>
08/01 17:48:08 <FONT color="#0033CC"><B>SynchronizeRequest started</B></FONT>
08/01 17:48:08 <FONT color="#0033CC"><B>LoadDataThread started</B></FONT>
08/01 17:48:09 <FONT color="#0033CC"><B>LoadMTThread started</B></FONT>
08/01 17:48:10 <FONT color="#0033CC"><B>GSM SMSC started</B></FONT>
08/01 17:48:11 <FONT color="#0033CC"><B>ACKMessageExpire started</B></FONT>
