07/01 18:03:12 SMS LOCAL started
07/01 18:03:12 Start binding to SMSC server....
07/01 18:03:12 Binding with bind-mode: t and sync-mode: a
07/01 18:03:12 Bind request (bindreq: prc GEN 52 (addrrang: 1 1 8888) ) 
07/01 18:03:12 Bind operation failed. 
07/01 18:03:13 Going to unbind
07/01 18:03:13 Not bound, cannot unbind.
07/01 18:03:13 Error occured: Connection refused
07/01 18:03:23 Start binding to SMSC server....
07/01 18:03:23 Binding with bind-mode: t and sync-mode: a
07/01 18:03:23 Bind request (bindreq: prc GEN 52 (addrrang: 1 1 8888) ) 
07/01 18:03:23 Bind operation failed. 
07/01 18:03:23 Going to unbind
07/01 18:03:23 Not bound, cannot unbind.
07/01 18:03:23 Error occured: Connection refused
07/01 18:03:33 Start binding to SMSC server....
07/01 18:03:33 Binding with bind-mode: t and sync-mode: a
07/01 18:03:33 Bind request (bindreq: prc GEN 52 (addrrang: 1 1 8888) ) 
07/01 18:03:33 Bind operation failed. 
07/01 18:03:33 Going to unbind
07/01 18:03:33 Not bound, cannot unbind.
07/01 18:03:33 Error occured: Connection refused
07/01 18:03:43 Start binding to SMSC server....
07/01 18:03:43 Binding with bind-mode: t and sync-mode: a
07/01 18:03:43 Bind request (bindreq: prc GEN 52 (addrrang: 1 1 8888) ) 
07/01 18:03:43 Bind operation failed. 
07/01 18:03:43 Going to unbind
07/01 18:03:43 Not bound, cannot unbind.
07/01 18:03:43 Error occured: Connection refused
07/01 18:03:54 Start binding to SMSC server....
07/01 18:03:54 Binding with bind-mode: t and sync-mode: a
07/01 18:03:54 Bind request (bindreq: prc GEN 52 (addrrang: 1 1 8888) ) 
07/01 18:03:54 Bind operation failed. 
07/01 18:03:54 Going to unbind
07/01 18:03:54 Not bound, cannot unbind.
07/01 18:03:54 Error occured: Connection refused
07/01 18:04:04 Start binding to SMSC server....
07/01 18:04:04 Binding with bind-mode: t and sync-mode: a
07/01 18:04:04 Bind request (bindreq: prc GEN 52 (addrrang: 1 1 8888) ) 
07/01 18:04:04 Bind operation failed. 
07/01 18:04:04 Going to unbind
07/01 18:04:04 Not bound, cannot unbind.
07/01 18:04:04 Error occured: Connection refused
07/01 18:04:14 Start binding to SMSC server....
07/01 18:04:14 Binding with bind-mode: t and sync-mode: a
07/01 18:04:14 Bind request (bindreq: prc GEN 52 (addrrang: 1 1 8888) ) 
07/01 18:04:14 Bind operation failed. 
07/01 18:04:14 Going to unbind
07/01 18:04:14 Not bound, cannot unbind.
07/01 18:04:14 Error occured: Connection refused
07/01 18:04:25 Start binding to SMSC server....
07/01 18:04:25 Binding with bind-mode: t and sync-mode: a
07/01 18:04:25 Bind request (bindreq: prc GEN 52 (addrrang: 1 1 8888) ) 
07/01 18:04:25 Bind operation failed. 
07/01 18:04:25 Going to unbind
07/01 18:04:25 Not bound, cannot unbind.
07/01 18:04:25 Error occured: Connection refused
07/01 18:04:35 Start binding to SMSC server....
07/01 18:04:35 Binding with bind-mode: t and sync-mode: a
07/01 18:04:35 Bind request (bindreq: prc GEN 52 (addrrang: 1 1 8888) ) 
07/01 18:04:35 Bind operation failed. 
07/01 18:04:35 Going to unbind
07/01 18:04:35 Not bound, cannot unbind.
07/01 18:04:35 Error occured: Connection refused
07/01 18:04:45 Start binding to SMSC server....
07/01 18:04:45 Binding with bind-mode: t and sync-mode: a
07/01 18:04:45 Bind request (bindreq: prc GEN 52 (addrrang: 1 1 8888) ) 
07/01 18:04:45 Bind operation failed. 
07/01 18:04:45 Going to unbind
07/01 18:04:45 Not bound, cannot unbind.
07/01 18:04:45 Error occured: Connection refused
07/01 18:04:55 Start binding to SMSC server....
07/01 18:04:55 Binding with bind-mode: t and sync-mode: a
07/01 18:04:55 Bind request (bindreq: prc GEN 52 (addrrang: 1 1 8888) ) 
07/01 18:04:55 Bind operation failed. 
07/01 18:04:56 Going to unbind
07/01 18:04:56 Not bound, cannot unbind.
07/01 18:04:56 Error occured: Connection refused
07/01 18:05:06 Start binding to SMSC server....
07/01 18:05:06 Binding with bind-mode: t and sync-mode: a
07/01 18:05:06 Bind request (bindreq: prc GEN 52 (addrrang: 1 1 8888) ) 
07/01 18:05:06 Bind operation failed. 
07/01 18:05:06 Going to unbind
07/01 18:05:06 Not bound, cannot unbind.
07/01 18:05:06 Error occured: Connection refused
07/01 18:05:16 Start binding to SMSC server....
07/01 18:05:16 Binding with bind-mode: t and sync-mode: a
07/01 18:05:16 Bind request (bindreq: prc GEN 52 (addrrang: 1 1 8888) ) 
07/01 18:05:16 Bind operation failed. 
07/01 18:05:16 Going to unbind
07/01 18:05:16 Not bound, cannot unbind.
07/01 18:05:16 Error occured: Connection refused
07/01 18:05:26 Start binding to SMSC server....
07/01 18:05:26 Binding with bind-mode: t and sync-mode: a
07/01 18:05:26 Bind request (bindreq: prc GEN 52 (addrrang: 1 1 8888) ) 
07/01 18:05:26 Bind operation failed. 
07/01 18:05:26 Going to unbind
07/01 18:05:26 Not bound, cannot unbind.
07/01 18:05:27 Error occured: Connection refused
07/01 18:05:37 Start binding to SMSC server....
07/01 18:05:37 Binding with bind-mode: t and sync-mode: a
07/01 18:05:37 Bind request (bindreq: prc GEN 52 (addrrang: 1 1 8888) ) 
07/01 18:05:37 Bind operation failed. 
07/01 18:05:37 Going to unbind
07/01 18:05:37 Not bound, cannot unbind.
07/01 18:05:37 Error occured: Connection refused
07/01 18:05:47 Start binding to SMSC server....
07/01 18:05:47 Binding with bind-mode: t and sync-mode: a
07/01 18:05:47 Bind request (bindreq: prc GEN 52 (addrrang: 1 1 8888) ) 
07/01 18:05:47 Bind operation failed. 
07/01 18:05:47 Going to unbind
07/01 18:05:47 Not bound, cannot unbind.
07/01 18:05:47 Error occured: Connection refused
07/01 18:05:57 Start binding to SMSC server....
07/01 18:05:57 Binding with bind-mode: t and sync-mode: a
07/01 18:05:57 Bind request (bindreq: prc GEN 52 (addrrang: 1 1 8888) ) 
07/01 18:05:57 Bind operation failed. 
07/01 18:05:57 Going to unbind
07/01 18:05:57 Not bound, cannot unbind.
07/01 18:05:57 Error occured: Connection refused
07/01 18:06:08 Start binding to SMSC server....
07/01 18:06:08 Binding with bind-mode: t and sync-mode: a
07/01 18:06:08 Bind request (bindreq: prc GEN 52 (addrrang: 1 1 8888) ) 
07/01 18:06:08 Bind operation failed. 
07/01 18:06:08 Going to unbind
07/01 18:06:08 Not bound, cannot unbind.
07/01 18:06:08 Error occured: Connection refused
07/01 18:06:18 Start binding to SMSC server....
07/01 18:06:18 Binding with bind-mode: t and sync-mode: a
07/01 18:06:18 Bind request (bindreq: prc GEN 52 (addrrang: 1 1 8888) ) 
07/01 18:06:18 Bind operation failed. 
07/01 18:06:18 Going to unbind
07/01 18:06:18 Not bound, cannot unbind.
07/01 18:06:18 Error occured: Connection refused
07/01 18:06:28 Start binding to SMSC server....
07/01 18:06:28 Binding with bind-mode: t and sync-mode: a
07/01 18:06:28 Bind request (bindreq: prc GEN 52 (addrrang: 1 1 8888) ) 
07/01 18:06:28 Bind operation failed. 
07/01 18:06:28 Going to unbind
07/01 18:06:28 Not bound, cannot unbind.
07/01 18:06:28 Error occured: Connection refused
07/01 18:06:38 Start binding to SMSC server....
07/01 18:06:39 Binding with bind-mode: t and sync-mode: a
07/01 18:06:39 Bind request (bindreq: prc GEN 52 (addrrang: 1 1 8888) ) 
07/01 18:06:39 Bind operation failed. 
07/01 18:06:39 Going to unbind
07/01 18:06:39 Not bound, cannot unbind.
07/01 18:06:39 Error occured: Connection refused
07/01 18:06:49 Start binding to SMSC server....
07/01 18:06:49 Binding with bind-mode: t and sync-mode: a
07/01 18:06:49 Bind request (bindreq: prc GEN 52 (addrrang: 1 1 8888) ) 
07/01 18:06:49 Bind operation failed. 
07/01 18:06:49 Going to unbind
07/01 18:06:49 Not bound, cannot unbind.
07/01 18:06:49 Error occured: Connection refused
07/01 18:06:59 Start binding to SMSC server....
07/01 18:06:59 Binding with bind-mode: t and sync-mode: a
07/01 18:06:59 Bind request (bindreq: prc GEN 52 (addrrang: 1 1 8888) ) 
07/01 18:06:59 Bind operation failed. 
07/01 18:06:59 Going to unbind
07/01 18:06:59 Not bound, cannot unbind.
07/01 18:06:59 Error occured: Connection refused
07/01 18:07:09 Start binding to SMSC server....
07/01 18:07:09 Binding with bind-mode: t and sync-mode: a
07/01 18:07:09 Bind request (bindreq: prc GEN 52 (addrrang: 1 1 8888) ) 
07/01 18:07:09 Bind operation failed. 
07/01 18:07:09 Going to unbind
07/01 18:07:09 Not bound, cannot unbind.
07/01 18:07:10 Error occured: Connection refused
07/01 18:07:20 Start binding to SMSC server....
07/01 18:07:20 Binding with bind-mode: t and sync-mode: a
07/01 18:07:20 Bind request (bindreq: prc GEN 52 (addrrang: 1 1 8888) ) 
07/01 18:07:20 Bind operation failed. 
07/01 18:07:20 Going to unbind
07/01 18:07:20 Not bound, cannot unbind.
07/01 18:07:20 Error occured: Connection refused
07/01 18:07:30 Start binding to SMSC server....
07/01 18:07:30 Binding with bind-mode: t and sync-mode: a
07/01 18:07:30 Bind request (bindreq: prc GEN 52 (addrrang: 1 1 8888) ) 
07/01 18:07:30 Bind operation failed. 
07/01 18:07:30 Going to unbind
07/01 18:07:30 Not bound, cannot unbind.
07/01 18:07:30 Error occured: Connection refused
07/01 18:07:40 Start binding to SMSC server....
07/01 18:07:40 Binding with bind-mode: t and sync-mode: a
07/01 18:07:40 Bind request (bindreq: prc GEN 52 (addrrang: 1 1 8888) ) 
07/01 18:07:40 Bind operation failed. 
07/01 18:07:40 Going to unbind
07/01 18:07:40 Not bound, cannot unbind.
07/01 18:07:40 Error occured: Connection refused
07/01 18:07:51 Start binding to SMSC server....
07/01 18:07:51 Binding with bind-mode: t and sync-mode: a
07/01 18:07:51 Bind request (bindreq: prc GEN 52 (addrrang: 1 1 8888) ) 
07/01 18:07:51 Bind operation failed. 
07/01 18:07:51 Going to unbind
07/01 18:07:51 Not bound, cannot unbind.
07/01 18:07:51 Error occured: Connection refused
07/01 18:08:01 Start binding to SMSC server....
07/01 18:08:01 Binding with bind-mode: t and sync-mode: a
07/01 18:08:01 Bind request (bindreq: prc GEN 52 (addrrang: 1 1 8888) ) 
07/01 18:08:01 Bind operation failed. 
07/01 18:08:01 Going to unbind
07/01 18:08:01 Not bound, cannot unbind.
07/01 18:08:01 Error occured: Connection refused
07/01 18:08:11 Start binding to SMSC server....
07/01 18:08:11 Binding with bind-mode: t and sync-mode: a
07/01 18:08:11 Bind request (bindreq: prc GEN 52 (addrrang: 1 1 8888) ) 
07/01 18:08:11 Bind operation failed. 
07/01 18:08:11 Going to unbind
07/01 18:08:11 Not bound, cannot unbind.
07/01 18:08:11 Error occured: Connection refused
07/01 18:08:21 Start binding to SMSC server....
07/01 18:08:21 Binding with bind-mode: t and sync-mode: a
07/01 18:08:21 Bind request (bindreq: prc GEN 52 (addrrang: 1 1 8888) ) 
07/01 18:08:21 Bind operation failed. 
07/01 18:08:22 Going to unbind
07/01 18:08:22 Not bound, cannot unbind.
07/01 18:08:22 Error occured: Connection refused
07/01 18:08:32 Start binding to SMSC server....
07/01 18:08:32 Binding with bind-mode: t and sync-mode: a
07/01 18:08:32 Bind request (bindreq: prc GEN 52 (addrrang: 1 1 8888) ) 
07/01 18:08:32 Bind operation failed. 
07/01 18:08:32 Going to unbind
07/01 18:08:32 Not bound, cannot unbind.
07/01 18:08:32 Error occured: Connection refused
07/01 18:08:42 Start binding to SMSC server....
07/01 18:08:42 Binding with bind-mode: t and sync-mode: a
07/01 18:08:42 Bind request (bindreq: prc GEN 52 (addrrang: 1 1 8888) ) 
07/01 18:08:42 Bind operation failed. 
07/01 18:08:42 Going to unbind
07/01 18:08:42 Not bound, cannot unbind.
07/01 18:08:42 Error occured: Connection refused
07/01 18:08:52 Start binding to SMSC server....
07/01 18:08:52 Binding with bind-mode: t and sync-mode: a
07/01 18:08:52 Bind request (bindreq: prc GEN 52 (addrrang: 1 1 8888) ) 
07/01 18:08:52 Bind operation failed. 
07/01 18:08:52 Going to unbind
07/01 18:08:52 Not bound, cannot unbind.
07/01 18:08:53 Error occured: Connection refused
07/01 18:09:03 Start binding to SMSC server....
07/01 18:09:03 Binding with bind-mode: t and sync-mode: a
07/01 18:09:03 Bind request (bindreq: prc GEN 52 (addrrang: 1 1 8888) ) 
07/01 18:09:03 Bind operation failed. 
07/01 18:09:03 Going to unbind
07/01 18:09:03 Not bound, cannot unbind.
07/01 18:09:03 Error occured: Connection refused
07/01 18:09:13 Start binding to SMSC server....
07/01 18:09:13 Binding with bind-mode: t and sync-mode: a
07/01 18:09:13 Bind request (bindreq: prc GEN 52 (addrrang: 1 1 8888) ) 
07/01 18:09:13 Bind operation failed. 
07/01 18:09:13 Going to unbind
07/01 18:09:13 Not bound, cannot unbind.
07/01 18:09:13 Error occured: Connection refused
07/01 18:09:23 Start binding to SMSC server....
07/01 18:09:23 Binding with bind-mode: t and sync-mode: a
07/01 18:09:23 Bind request (bindreq: prc GEN 52 (addrrang: 1 1 8888) ) 
07/01 18:09:23 Bind operation failed. 
07/01 18:09:23 Going to unbind
07/01 18:09:23 Not bound, cannot unbind.
07/01 18:09:23 Error occured: Connection refused
07/01 18:09:34 Start binding to SMSC server....
07/01 18:09:34 Binding with bind-mode: t and sync-mode: a
07/01 18:09:34 Bind request (bindreq: prc GEN 52 (addrrang: 1 1 8888) ) 
07/01 18:09:34 Bind operation failed. 
07/01 18:09:34 Going to unbind
07/01 18:09:34 Not bound, cannot unbind.
07/01 18:09:34 Error occured: Connection refused
07/01 18:09:44 Start binding to SMSC server....
07/01 18:09:44 Binding with bind-mode: t and sync-mode: a
07/01 18:09:44 Bind request (bindreq: prc GEN 52 (addrrang: 1 1 8888) ) 
07/01 18:09:44 Bind operation failed. 
07/01 18:09:44 Going to unbind
07/01 18:09:44 Not bound, cannot unbind.
07/01 18:09:44 Error occured: Connection refused
07/01 18:09:54 Start binding to SMSC server....
07/01 18:09:54 Binding with bind-mode: t and sync-mode: a
07/01 18:09:54 Bind request (bindreq: prc GEN 52 (addrrang: 1 1 8888) ) 
07/01 18:09:54 Bind operation failed. 
07/01 18:09:54 Going to unbind
07/01 18:09:54 Not bound, cannot unbind.
07/01 18:09:54 Error occured: Connection refused
07/01 18:10:04 Start binding to SMSC server....
07/01 18:10:04 Binding with bind-mode: t and sync-mode: a
07/01 18:10:04 Bind request (bindreq: prc GEN 52 (addrrang: 1 1 8888) ) 
07/01 18:10:04 Bind operation failed. 
07/01 18:10:05 Going to unbind
07/01 18:10:05 Not bound, cannot unbind.
07/01 18:10:05 Error occured: Connection refused
07/01 18:10:15 Start binding to SMSC server....
07/01 18:10:15 Binding with bind-mode: t and sync-mode: a
07/01 18:10:15 Bind request (bindreq: prc GEN 52 (addrrang: 1 1 8888) ) 
07/01 18:10:15 Bind operation failed. 
07/01 18:10:15 Going to unbind
07/01 18:10:15 Not bound, cannot unbind.
07/01 18:10:15 Error occured: Connection refused
07/01 18:10:25 Start binding to SMSC server....
07/01 18:10:25 Binding with bind-mode: t and sync-mode: a
07/01 18:10:25 Bind request (bindreq: prc GEN 52 (addrrang: 1 1 8888) ) 
07/01 18:10:25 Bind operation failed. 
07/01 18:10:25 Going to unbind
07/01 18:10:25 Not bound, cannot unbind.
07/01 18:10:25 Error occured: Connection refused
07/01 18:10:35 Start binding to SMSC server....
07/01 18:10:35 Binding with bind-mode: t and sync-mode: a
07/01 18:10:35 Bind request (bindreq: prc GEN 52 (addrrang: 1 1 8888) ) 
07/01 18:10:35 Bind operation failed. 
07/01 18:10:35 Going to unbind
07/01 18:10:35 Not bound, cannot unbind.
07/01 18:10:35 Error occured: Connection refused
07/01 18:10:46 Start binding to SMSC server....
07/01 18:10:46 Binding with bind-mode: t and sync-mode: a
07/01 18:10:46 Bind request (bindreq: prc GEN 52 (addrrang: 1 1 8888) ) 
07/01 18:10:46 Bind operation failed. 
07/01 18:10:46 Going to unbind
07/01 18:10:46 Not bound, cannot unbind.
07/01 18:10:46 Error occured: Connection refused
07/01 18:10:56 Start binding to SMSC server....
07/01 18:10:56 Binding with bind-mode: t and sync-mode: a
07/01 18:10:56 Bind request (bindreq: prc GEN 52 (addrrang: 1 1 8888) ) 
07/01 18:10:56 Bind operation failed. 
07/01 18:10:56 Going to unbind
07/01 18:10:56 Not bound, cannot unbind.
07/01 18:10:56 Error occured: Connection refused
07/01 18:11:06 Start binding to SMSC server....
07/01 18:11:06 Binding with bind-mode: t and sync-mode: a
07/01 18:11:06 Bind request (bindreq: prc GEN 52 (addrrang: 1 1 8888) ) 
07/01 18:11:06 Bind operation failed. 
07/01 18:11:06 Going to unbind
07/01 18:11:06 Not bound, cannot unbind.
07/01 18:11:06 Error occured: Connection refused
07/01 18:11:17 Start binding to SMSC server....
07/01 18:11:17 Binding with bind-mode: t and sync-mode: a
07/01 18:11:17 Bind request (bindreq: prc GEN 52 (addrrang: 1 1 8888) ) 
07/01 18:11:17 Bind operation failed. 
07/01 18:11:17 Going to unbind
07/01 18:11:17 Not bound, cannot unbind.
07/01 18:11:17 Error occured: Connection refused
07/01 18:11:27 Start binding to SMSC server....
07/01 18:11:27 Binding with bind-mode: t and sync-mode: a
07/01 18:11:27 Bind request (bindreq: prc GEN 52 (addrrang: 1 1 8888) ) 
07/01 18:11:27 Bind operation failed. 
07/01 18:11:27 Going to unbind
07/01 18:11:27 Not bound, cannot unbind.
07/01 18:11:27 Error occured: Connection refused
07/01 18:11:37 Start binding to SMSC server....
07/01 18:11:37 Binding with bind-mode: t and sync-mode: a
07/01 18:11:37 Bind request (bindreq: prc GEN 52 (addrrang: 1 1 8888) ) 
07/01 18:11:37 Bind operation failed. 
07/01 18:11:37 Going to unbind
07/01 18:11:37 Not bound, cannot unbind.
07/01 18:11:37 Error occured: Connection refused
07/01 18:11:47 Start binding to SMSC server....
07/01 18:11:47 Binding with bind-mode: t and sync-mode: a
07/01 18:11:47 Bind request (bindreq: prc GEN 52 (addrrang: 1 1 8888) ) 
07/01 18:11:47 Bind operation failed. 
07/01 18:11:48 Going to unbind
07/01 18:11:48 Not bound, cannot unbind.
07/01 18:11:48 Error occured: Connection refused
07/01 18:11:58 Start binding to SMSC server....
07/01 18:11:58 Binding with bind-mode: t and sync-mode: a
07/01 18:11:58 Bind request (bindreq: prc GEN 52 (addrrang: 1 1 8888) ) 
07/01 18:11:58 Bind operation failed. 
07/01 18:11:58 Going to unbind
07/01 18:11:58 Not bound, cannot unbind.
07/01 18:11:58 Error occured: Connection refused
07/01 18:12:08 Start binding to SMSC server....
07/01 18:12:08 Binding with bind-mode: t and sync-mode: a
07/01 18:12:08 Bind request (bindreq: prc GEN 52 (addrrang: 1 1 8888) ) 
07/01 18:12:08 Bind operation failed. 
07/01 18:12:08 Going to unbind
07/01 18:12:08 Not bound, cannot unbind.
07/01 18:12:08 Error occured: Connection refused
07/01 18:12:18 Start binding to SMSC server....
07/01 18:12:18 Binding with bind-mode: t and sync-mode: a
07/01 18:12:18 Bind request (bindreq: prc GEN 52 (addrrang: 1 1 8888) ) 
07/01 18:12:18 Bind operation failed. 
07/01 18:12:18 Going to unbind
07/01 18:12:18 Not bound, cannot unbind.
07/01 18:12:18 Error occured: Connection refused
07/01 18:12:29 Start binding to SMSC server....
07/01 18:12:29 Binding with bind-mode: t and sync-mode: a
07/01 18:12:29 Bind request (bindreq: prc GEN 52 (addrrang: 1 1 8888) ) 
07/01 18:12:29 Bind operation failed. 
07/01 18:12:29 Going to unbind
07/01 18:12:29 Not bound, cannot unbind.
07/01 18:12:29 Error occured: Connection refused
07/01 18:12:39 Start binding to SMSC server....
07/01 18:12:39 Binding with bind-mode: t and sync-mode: a
07/01 18:12:39 Bind request (bindreq: prc GEN 52 (addrrang: 1 1 8888) ) 
07/01 18:12:39 Bind operation failed. 
07/01 18:12:39 Going to unbind
07/01 18:12:39 Not bound, cannot unbind.
07/01 18:12:39 Error occured: Connection refused
07/01 18:12:49 Start binding to SMSC server....
07/01 18:12:49 Binding with bind-mode: t and sync-mode: a
07/01 18:12:49 Bind request (bindreq: prc GEN 52 (addrrang: 1 1 8888) ) 
07/01 18:12:49 Bind operation failed. 
07/01 18:12:49 Going to unbind
07/01 18:12:49 Not bound, cannot unbind.
07/01 18:12:49 Error occured: Connection refused
07/01 18:12:59 Start binding to SMSC server....
07/01 18:12:59 Binding with bind-mode: t and sync-mode: a
07/01 18:12:59 Bind request (bindreq: prc GEN 52 (addrrang: 1 1 8888) ) 
07/01 18:12:59 Bind operation failed. 
07/01 18:13:00 Going to unbind
07/01 18:13:00 Not bound, cannot unbind.
07/01 18:13:00 Error occured: Connection refused
07/01 18:13:10 Start binding to SMSC server....
07/01 18:13:10 Binding with bind-mode: t and sync-mode: a
07/01 18:13:10 Bind request (bindreq: prc GEN 52 (addrrang: 1 1 8888) ) 
07/01 18:13:10 Bind operation failed. 
07/01 18:13:10 Going to unbind
07/01 18:13:10 Not bound, cannot unbind.
07/01 18:13:10 Error occured: Connection refused
07/01 18:13:20 Start binding to SMSC server....
07/01 18:13:20 Binding with bind-mode: t and sync-mode: a
07/01 18:13:20 Bind request (bindreq: prc GEN 52 (addrrang: 1 1 8888) ) 
07/01 18:13:20 Bind operation failed. 
07/01 18:13:20 Going to unbind
07/01 18:13:20 Not bound, cannot unbind.
07/01 18:13:20 Error occured: Connection refused
07/01 18:13:30 Start binding to SMSC server....
07/01 18:13:30 Binding with bind-mode: t and sync-mode: a
07/01 18:13:30 Bind request (bindreq: prc GEN 52 (addrrang: 1 1 8888) ) 
07/01 18:13:30 Bind operation failed. 
07/01 18:13:30 Going to unbind
07/01 18:13:30 Not bound, cannot unbind.
07/01 18:13:30 Error occured: Connection refused
07/01 18:13:41 Start binding to SMSC server....
07/01 18:13:41 Binding with bind-mode: t and sync-mode: a
07/01 18:13:41 Bind request (bindreq: prc GEN 52 (addrrang: 1 1 8888) ) 
07/01 18:13:41 Bind operation failed. 
07/01 18:13:41 Going to unbind
07/01 18:13:41 Not bound, cannot unbind.
07/01 18:13:41 Error occured: Connection refused
07/01 18:13:51 Start binding to SMSC server....
07/01 18:13:51 Binding with bind-mode: t and sync-mode: a
07/01 18:13:51 Bind request (bindreq: prc GEN 52 (addrrang: 1 1 8888) ) 
07/01 18:13:51 Bind operation failed. 
07/01 18:13:51 Going to unbind
07/01 18:13:51 Not bound, cannot unbind.
07/01 18:13:51 Error occured: Connection refused
07/01 18:14:01 Start binding to SMSC server....
07/01 18:14:01 Binding with bind-mode: t and sync-mode: a
07/01 18:14:01 Bind request (bindreq: prc GEN 52 (addrrang: 1 1 8888) ) 
07/01 18:14:01 Bind operation failed. 
07/01 18:14:01 Going to unbind
07/01 18:14:01 Not bound, cannot unbind.
07/01 18:14:01 Error occured: Connection refused
07/01 18:14:12 Start binding to SMSC server....
07/01 18:14:12 Binding with bind-mode: t and sync-mode: a
07/01 18:14:12 Bind request (bindreq: prc GEN 52 (addrrang: 1 1 8888) ) 
07/01 18:14:12 Bind operation failed. 
07/01 18:14:12 Going to unbind
07/01 18:14:12 Not bound, cannot unbind.
07/01 18:14:12 Error occured: Connection refused
07/01 18:14:22 Start binding to SMSC server....
07/01 18:14:22 Binding with bind-mode: t and sync-mode: a
07/01 18:14:22 Bind request (bindreq: prc GEN 52 (addrrang: 1 1 8888) ) 
07/01 18:14:22 Bind operation failed. 
07/01 18:14:22 Going to unbind
07/01 18:14:22 Not bound, cannot unbind.
07/01 18:14:22 Error occured: Connection refused
07/01 18:14:32 Start binding to SMSC server....
07/01 18:14:32 Binding with bind-mode: t and sync-mode: a
07/01 18:14:32 Bind request (bindreq: prc GEN 52 (addrrang: 1 1 8888) ) 
07/01 18:14:32 Bind operation failed. 
07/01 18:14:32 Going to unbind
07/01 18:14:32 Not bound, cannot unbind.
07/01 18:14:32 Error occured: Connection refused
07/01 18:14:42 Start binding to SMSC server....
07/01 18:14:42 Binding with bind-mode: t and sync-mode: a
07/01 18:14:42 Bind request (bindreq: prc GEN 52 (addrrang: 1 1 8888) ) 
07/01 18:14:42 Bind operation failed. 
07/01 18:14:42 Going to unbind
07/01 18:14:42 Not bound, cannot unbind.
07/01 18:14:43 Error occured: Connection refused
07/01 18:14:53 Start binding to SMSC server....
07/01 18:14:53 Binding with bind-mode: t and sync-mode: a
07/01 18:14:53 Bind request (bindreq: prc GEN 52 (addrrang: 1 1 8888) ) 
07/01 18:14:53 Bind operation failed. 
07/01 18:14:53 Going to unbind
07/01 18:14:53 Not bound, cannot unbind.
07/01 18:14:53 Error occured: Connection refused
07/01 18:15:03 Start binding to SMSC server....
07/01 18:15:03 Binding with bind-mode: t and sync-mode: a
07/01 18:15:03 Bind request (bindreq: prc GEN 52 (addrrang: 1 1 8888) ) 
07/01 18:15:03 Bind operation failed. 
07/01 18:15:03 Going to unbind
07/01 18:15:03 Not bound, cannot unbind.
07/01 18:15:03 Error occured: Connection refused
07/01 18:15:13 Start binding to SMSC server....
07/01 18:15:13 Binding with bind-mode: t and sync-mode: a
07/01 18:15:13 Bind request (bindreq: prc GEN 52 (addrrang: 1 1 8888) ) 
07/01 18:15:13 Bind operation failed. 
07/01 18:15:13 Going to unbind
07/01 18:15:13 Not bound, cannot unbind.
07/01 18:15:13 Error occured: Connection refused
07/01 18:15:24 Start binding to SMSC server....
07/01 18:15:24 Binding with bind-mode: t and sync-mode: a
07/01 18:15:24 Bind request (bindreq: prc GEN 52 (addrrang: 1 1 8888) ) 
07/01 18:15:24 Bind operation failed. 
07/01 18:15:24 Going to unbind
07/01 18:15:24 Not bound, cannot unbind.
07/01 18:15:24 Error occured: Connection refused
07/01 18:15:34 Start binding to SMSC server....
07/01 18:15:34 Binding with bind-mode: t and sync-mode: a
07/01 18:15:34 Bind request (bindreq: prc GEN 52 (addrrang: 1 1 8888) ) 
07/01 18:15:34 Bind operation failed. 
07/01 18:15:34 Going to unbind
07/01 18:15:34 Not bound, cannot unbind.
07/01 18:15:34 Error occured: Connection refused
07/01 18:15:44 Start binding to SMSC server....
07/01 18:15:44 Binding with bind-mode: t and sync-mode: a
07/01 18:15:44 Bind request (bindreq: prc GEN 52 (addrrang: 1 1 8888) ) 
07/01 18:15:44 Bind operation failed. 
07/01 18:15:44 Going to unbind
07/01 18:15:44 Not bound, cannot unbind.
07/01 18:15:44 Error occured: Connection refused
07/01 18:15:54 Start binding to SMSC server....
07/01 18:15:54 Binding with bind-mode: t and sync-mode: a
07/01 18:15:54 Bind request (bindreq: prc GEN 52 (addrrang: 1 1 8888) ) 
07/01 18:15:54 Bind operation failed. 
07/01 18:15:55 Going to unbind
07/01 18:15:55 Not bound, cannot unbind.
07/01 18:15:55 Error occured: Connection refused
07/01 18:16:05 Start binding to SMSC server....
07/01 18:16:05 Binding with bind-mode: t and sync-mode: a
07/01 18:16:05 Bind request (bindreq: prc GEN 52 (addrrang: 1 1 8888) ) 
07/01 18:16:05 Bind operation failed. 
07/01 18:16:05 Going to unbind
07/01 18:16:05 Not bound, cannot unbind.
07/01 18:16:05 Error occured: Connection refused
07/01 18:16:15 Start binding to SMSC server....
07/01 18:16:15 Binding with bind-mode: t and sync-mode: a
07/01 18:16:15 Bind request (bindreq: prc GEN 52 (addrrang: 1 1 8888) ) 
07/01 18:16:15 Bind operation failed. 
07/01 18:16:15 Going to unbind
07/01 18:16:15 Not bound, cannot unbind.
07/01 18:16:15 Error occured: Connection refused
07/01 18:16:25 Start binding to SMSC server....
07/01 18:16:25 Binding with bind-mode: t and sync-mode: a
07/01 18:16:25 Bind request (bindreq: prc GEN 52 (addrrang: 1 1 8888) ) 
07/01 18:16:25 Bind operation failed. 
07/01 18:16:25 Going to unbind
07/01 18:16:25 Not bound, cannot unbind.
07/01 18:16:25 Error occured: Connection refused
07/01 18:16:36 Start binding to SMSC server....
07/01 18:16:36 Binding with bind-mode: t and sync-mode: a
07/01 18:16:36 Bind request (bindreq: prc GEN 52 (addrrang: 1 1 8888) ) 
07/01 18:16:36 Bind operation failed. 
07/01 18:16:36 Going to unbind
07/01 18:16:36 Not bound, cannot unbind.
07/01 18:16:36 Error occured: Connection refused
07/01 18:16:46 Start binding to SMSC server....
07/01 18:16:46 Binding with bind-mode: t and sync-mode: a
07/01 18:16:46 Bind request (bindreq: prc GEN 52 (addrrang: 1 1 8888) ) 
07/01 18:16:46 Bind operation failed. 
07/01 18:16:46 Going to unbind
07/01 18:16:46 Not bound, cannot unbind.
07/01 18:16:46 Error occured: Connection refused
07/01 18:16:56 Start binding to SMSC server....
07/01 18:16:56 Binding with bind-mode: t and sync-mode: a
07/01 18:16:56 Bind request (bindreq: prc GEN 52 (addrrang: 1 1 8888) ) 
07/01 18:16:56 Bind operation failed. 
07/01 18:16:56 Going to unbind
07/01 18:16:56 Not bound, cannot unbind.
07/01 18:16:56 Error occured: Connection refused
07/01 18:17:06 Start binding to SMSC server....
07/01 18:17:06 Binding with bind-mode: t and sync-mode: a
07/01 18:17:06 Bind request (bindreq: prc GEN 52 (addrrang: 1 1 8888) ) 
07/01 18:17:06 Bind operation failed. 
07/01 18:17:07 Going to unbind
07/01 18:17:07 Not bound, cannot unbind.
07/01 18:17:07 Error occured: Connection refused
07/01 18:17:17 Start binding to SMSC server....
07/01 18:17:17 Binding with bind-mode: t and sync-mode: a
07/01 18:17:17 Bind request (bindreq: prc GEN 52 (addrrang: 1 1 8888) ) 
07/01 18:17:17 Bind operation failed. 
07/01 18:17:17 Going to unbind
07/01 18:17:17 Not bound, cannot unbind.
07/01 18:17:17 Error occured: Connection refused
07/01 18:17:27 Start binding to SMSC server....
07/01 18:17:27 Binding with bind-mode: t and sync-mode: a
07/01 18:17:27 Bind request (bindreq: prc GEN 52 (addrrang: 1 1 8888) ) 
07/01 18:17:27 Bind operation failed. 
07/01 18:17:27 Going to unbind
07/01 18:17:27 Not bound, cannot unbind.
07/01 18:17:27 Error occured: Connection refused
07/01 18:17:37 Start binding to SMSC server....
07/01 18:17:37 Binding with bind-mode: t and sync-mode: a
07/01 18:17:37 Bind request (bindreq: prc GEN 52 (addrrang: 1 1 8888) ) 
07/01 18:17:37 Bind operation failed. 
07/01 18:17:37 Going to unbind
07/01 18:17:37 Not bound, cannot unbind.
07/01 18:17:37 Error occured: Connection refused
07/01 18:17:48 Start binding to SMSC server....
07/01 18:17:48 Binding with bind-mode: t and sync-mode: a
07/01 18:17:48 Bind request (bindreq: prc GEN 52 (addrrang: 1 1 8888) ) 
07/01 18:17:48 Bind operation failed. 
07/01 18:17:48 Going to unbind
07/01 18:17:48 Not bound, cannot unbind.
07/01 18:17:48 Error occured: Connection refused
07/01 18:17:58 Start binding to SMSC server....
07/01 18:17:58 Binding with bind-mode: t and sync-mode: a
07/01 18:17:58 Bind request (bindreq: prc GEN 52 (addrrang: 1 1 8888) ) 
07/01 18:17:58 Bind operation failed. 
07/01 18:17:58 Going to unbind
07/01 18:17:58 Not bound, cannot unbind.
07/01 18:17:58 Error occured: Connection refused
07/01 18:18:08 Start binding to SMSC server....
07/01 18:18:08 Binding with bind-mode: t and sync-mode: a
07/01 18:18:08 Bind request (bindreq: prc GEN 52 (addrrang: 1 1 8888) ) 
07/01 18:18:08 Bind operation failed. 
07/01 18:18:08 Going to unbind
07/01 18:18:08 Not bound, cannot unbind.
07/01 18:18:08 Error occured: Connection refused
07/01 18:18:19 Start binding to SMSC server....
07/01 18:18:19 Binding with bind-mode: t and sync-mode: a
07/01 18:18:19 Bind request (bindreq: prc GEN 52 (addrrang: 1 1 8888) ) 
07/01 18:18:19 Bind operation failed. 
07/01 18:18:19 Going to unbind
07/01 18:18:19 Not bound, cannot unbind.
07/01 18:18:19 Error occured: Connection refused
07/01 18:18:29 Start binding to SMSC server....
07/01 18:18:29 Binding with bind-mode: t and sync-mode: a
07/01 18:18:29 Bind request (bindreq: prc GEN 52 (addrrang: 1 1 8888) ) 
07/01 18:18:29 Bind operation failed. 
07/01 18:18:29 Going to unbind
07/01 18:18:29 Not bound, cannot unbind.
07/01 18:18:29 Error occured: Connection refused
07/01 18:18:39 Start binding to SMSC server....
07/01 18:18:39 Binding with bind-mode: t and sync-mode: a
07/01 18:18:39 Bind request (bindreq: prc GEN 52 (addrrang: 1 1 8888) ) 
07/01 18:18:39 Bind operation failed. 
07/01 18:18:39 Going to unbind
07/01 18:18:39 Not bound, cannot unbind.
07/01 18:18:39 Error occured: Connection refused
07/01 18:18:49 Start binding to SMSC server....
07/01 18:18:49 Binding with bind-mode: t and sync-mode: a
07/01 18:18:49 Bind request (bindreq: prc GEN 52 (addrrang: 1 1 8888) ) 
07/01 18:18:49 Bind operation failed. 
07/01 18:18:50 Going to unbind
07/01 18:18:50 Not bound, cannot unbind.
07/01 18:18:50 Error occured: Connection refused
07/01 18:19:00 Start binding to SMSC server....
07/01 18:19:00 Binding with bind-mode: t and sync-mode: a
07/01 18:19:00 Bind request (bindreq: prc GEN 52 (addrrang: 1 1 8888) ) 
07/01 18:19:00 Bind operation failed. 
07/01 18:19:00 Going to unbind
07/01 18:19:00 Not bound, cannot unbind.
07/01 18:19:00 Error occured: Connection refused
07/01 18:19:10 Start binding to SMSC server....
07/01 18:19:10 Binding with bind-mode: t and sync-mode: a
07/01 18:19:10 Bind request (bindreq: prc GEN 52 (addrrang: 1 1 8888) ) 
07/01 18:19:10 Bind operation failed. 
07/01 18:19:10 Going to unbind
07/01 18:19:10 Not bound, cannot unbind.
07/01 18:19:10 Error occured: Connection refused
07/01 18:19:20 Start binding to SMSC server....
07/01 18:19:20 Binding with bind-mode: t and sync-mode: a
07/01 18:19:20 Bind request (bindreq: prc GEN 52 (addrrang: 1 1 8888) ) 
07/01 18:19:20 Bind operation failed. 
07/01 18:19:20 Going to unbind
07/01 18:19:20 Not bound, cannot unbind.
07/01 18:19:20 Error occured: Connection refused
07/01 18:19:31 Start binding to SMSC server....
07/01 18:19:31 Binding with bind-mode: t and sync-mode: a
07/01 18:19:31 Bind request (bindreq: prc GEN 52 (addrrang: 1 1 8888) ) 
07/01 18:19:31 Bind operation failed. 
07/01 18:19:31 Going to unbind
07/01 18:19:31 Not bound, cannot unbind.
07/01 18:19:31 Error occured: Connection refused
07/01 18:19:41 Start binding to SMSC server....
07/01 18:19:41 Binding with bind-mode: t and sync-mode: a
07/01 18:19:41 Bind request (bindreq: prc GEN 52 (addrrang: 1 1 8888) ) 
07/01 18:19:41 Bind operation failed. 
07/01 18:19:41 Going to unbind
07/01 18:19:41 Not bound, cannot unbind.
07/01 18:19:41 Error occured: Connection refused
07/01 18:19:51 Start binding to SMSC server....
07/01 18:19:51 Binding with bind-mode: t and sync-mode: a
07/01 18:19:51 Bind request (bindreq: prc GEN 52 (addrrang: 1 1 8888) ) 
07/01 18:19:51 Bind operation failed. 
07/01 18:19:51 Going to unbind
07/01 18:19:51 Not bound, cannot unbind.
07/01 18:19:51 Error occured: Connection refused
07/01 18:20:02 Start binding to SMSC server....
07/01 18:20:02 Binding with bind-mode: t and sync-mode: a
07/01 18:20:02 Bind request (bindreq: prc GEN 52 (addrrang: 1 1 8888) ) 
07/01 18:20:02 Bind operation failed. 
07/01 18:20:02 Going to unbind
07/01 18:20:02 Not bound, cannot unbind.
07/01 18:20:02 Error occured: Connection refused
07/01 18:20:12 Start binding to SMSC server....
07/01 18:20:12 Binding with bind-mode: t and sync-mode: a
07/01 18:20:12 Bind request (bindreq: prc GEN 52 (addrrang: 1 1 8888) ) 
07/01 18:20:12 Bind operation failed. 
07/01 18:20:12 Going to unbind
07/01 18:20:12 Not bound, cannot unbind.
07/01 18:20:12 Error occured: Connection refused
07/01 18:20:22 Start binding to SMSC server....
07/01 18:20:22 Binding with bind-mode: t and sync-mode: a
07/01 18:20:22 Bind request (bindreq: prc GEN 52 (addrrang: 1 1 8888) ) 
07/01 18:20:22 Bind operation failed. 
07/01 18:20:22 Going to unbind
07/01 18:20:22 Not bound, cannot unbind.
07/01 18:20:22 Error occured: Connection refused
07/01 18:20:32 Start binding to SMSC server....
07/01 18:20:32 Binding with bind-mode: t and sync-mode: a
07/01 18:20:32 Bind request (bindreq: prc GEN 52 (addrrang: 1 1 8888) ) 
07/01 18:20:32 Bind operation failed. 
07/01 18:20:33 Going to unbind
07/01 18:20:33 Not bound, cannot unbind.
07/01 18:20:33 Error occured: Connection refused
07/01 18:20:43 Start binding to SMSC server....
07/01 18:20:43 Binding with bind-mode: t and sync-mode: a
07/01 18:20:43 Bind request (bindreq: prc GEN 52 (addrrang: 1 1 8888) ) 
07/01 18:20:43 Bind operation failed. 
07/01 18:20:43 Going to unbind
07/01 18:20:43 Not bound, cannot unbind.
07/01 18:20:43 Error occured: Connection refused
07/01 18:20:53 Start binding to SMSC server....
07/01 18:20:53 Binding with bind-mode: t and sync-mode: a
07/01 18:20:53 Bind request (bindreq: prc GEN 52 (addrrang: 1 1 8888) ) 
07/01 18:20:53 Bind operation failed. 
07/01 18:20:53 Going to unbind
07/01 18:20:53 Not bound, cannot unbind.
07/01 18:20:53 Error occured: Connection refused
07/01 18:21:03 Start binding to SMSC server....
07/01 18:21:03 Binding with bind-mode: t and sync-mode: a
07/01 18:21:03 Bind request (bindreq: prc GEN 52 (addrrang: 1 1 8888) ) 
07/01 18:21:03 Bind operation failed. 
07/01 18:21:03 Going to unbind
07/01 18:21:03 Not bound, cannot unbind.
07/01 18:21:03 Error occured: Connection refused
07/01 18:21:14 Start binding to SMSC server....
07/01 18:21:14 Binding with bind-mode: t and sync-mode: a
07/01 18:21:14 Bind request (bindreq: prc GEN 52 (addrrang: 1 1 8888) ) 
07/01 18:21:14 Bind operation failed. 
07/01 18:21:14 Going to unbind
07/01 18:21:14 Not bound, cannot unbind.
07/01 18:21:14 Error occured: Connection refused
07/01 18:21:24 Start binding to SMSC server....
07/01 18:21:24 Binding with bind-mode: t and sync-mode: a
07/01 18:21:24 Bind request (bindreq: prc GEN 52 (addrrang: 1 1 8888) ) 
07/01 18:21:24 Bind operation failed. 
07/01 18:21:24 Going to unbind
07/01 18:21:24 Not bound, cannot unbind.
07/01 18:21:24 Error occured: Connection refused
07/01 18:21:34 Start binding to SMSC server....
07/01 18:21:34 Binding with bind-mode: t and sync-mode: a
07/01 18:21:34 Bind request (bindreq: prc GEN 52 (addrrang: 1 1 8888) ) 
07/01 18:21:34 Bind operation failed. 
07/01 18:21:34 Going to unbind
07/01 18:21:34 Not bound, cannot unbind.
07/01 18:21:34 Error occured: Connection refused
07/01 18:21:45 Start binding to SMSC server....
07/01 18:21:45 Binding with bind-mode: t and sync-mode: a
07/01 18:21:45 Bind request (bindreq: prc GEN 52 (addrrang: 1 1 8888) ) 
07/01 18:21:45 Bind operation failed. 
07/01 18:21:45 Going to unbind
07/01 18:21:45 Not bound, cannot unbind.
07/01 18:21:45 Error occured: Connection refused
07/01 18:21:55 Start binding to SMSC server....
07/01 18:21:55 Binding with bind-mode: t and sync-mode: a
07/01 18:21:55 Bind request (bindreq: prc GEN 52 (addrrang: 1 1 8888) ) 
07/01 18:21:55 Bind operation failed. 
07/01 18:21:55 Going to unbind
07/01 18:21:55 Not bound, cannot unbind.
07/01 18:21:55 Error occured: Connection refused
07/01 18:22:05 Start binding to SMSC server....
07/01 18:22:05 Binding with bind-mode: t and sync-mode: a
07/01 18:22:05 Bind request (bindreq: prc GEN 52 (addrrang: 1 1 8888) ) 
07/01 18:22:05 Bind operation failed. 
07/01 18:22:05 Going to unbind
07/01 18:22:05 Not bound, cannot unbind.
07/01 18:22:05 Error occured: Connection refused
07/01 18:22:15 Start binding to SMSC server....
07/01 18:22:15 Binding with bind-mode: t and sync-mode: a
07/01 18:22:15 Bind request (bindreq: prc GEN 52 (addrrang: 1 1 8888) ) 
07/01 18:22:15 Bind operation failed. 
07/01 18:22:16 Going to unbind
07/01 18:22:16 Not bound, cannot unbind.
07/01 18:22:16 Error occured: Connection refused
07/01 18:22:26 Start binding to SMSC server....
07/01 18:22:26 Binding with bind-mode: t and sync-mode: a
07/01 18:22:26 Bind request (bindreq: prc GEN 52 (addrrang: 1 1 8888) ) 
07/01 18:22:26 Bind operation failed. 
07/01 18:22:26 Going to unbind
07/01 18:22:26 Not bound, cannot unbind.
07/01 18:22:26 Error occured: Connection refused
07/01 18:22:36 Start binding to SMSC server....
07/01 18:22:36 Binding with bind-mode: t and sync-mode: a
07/01 18:22:36 Bind request (bindreq: prc GEN 52 (addrrang: 1 1 8888) ) 
07/01 18:22:36 Bind operation failed. 
07/01 18:22:36 Going to unbind
07/01 18:22:36 Not bound, cannot unbind.
07/01 18:22:36 Error occured: Connection refused
07/01 18:22:46 Start binding to SMSC server....
07/01 18:22:46 Binding with bind-mode: t and sync-mode: a
07/01 18:22:46 Bind request (bindreq: prc GEN 52 (addrrang: 1 1 8888) ) 
07/01 18:22:46 Bind operation failed. 
07/01 18:22:46 Going to unbind
07/01 18:22:46 Not bound, cannot unbind.
07/01 18:22:46 Error occured: Connection refused
07/01 18:22:57 Start binding to SMSC server....
07/01 18:22:57 Binding with bind-mode: t and sync-mode: a
07/01 18:22:57 Bind request (bindreq: prc GEN 52 (addrrang: 1 1 8888) ) 
07/01 18:22:57 Bind operation failed. 
07/01 18:22:57 Going to unbind
07/01 18:22:57 Not bound, cannot unbind.
07/01 18:22:57 Error occured: Connection refused
07/01 18:23:07 Start binding to SMSC server....
07/01 18:23:07 Binding with bind-mode: t and sync-mode: a
07/01 18:23:07 Bind request (bindreq: prc GEN 52 (addrrang: 1 1 8888) ) 
07/01 18:23:07 Bind operation failed. 
07/01 18:23:07 Going to unbind
07/01 18:23:07 Not bound, cannot unbind.
07/01 18:23:07 Error occured: Connection refused
07/01 18:23:17 Start binding to SMSC server....
07/01 18:23:17 Binding with bind-mode: t and sync-mode: a
07/01 18:23:17 Bind request (bindreq: prc GEN 52 (addrrang: 1 1 8888) ) 
07/01 18:23:17 Bind operation failed. 
07/01 18:23:17 Going to unbind
07/01 18:23:17 Not bound, cannot unbind.
07/01 18:23:17 Error occured: Connection refused
07/01 18:23:28 Start binding to SMSC server....
07/01 18:23:28 Binding with bind-mode: t and sync-mode: a
07/01 18:23:28 Bind request (bindreq: prc GEN 52 (addrrang: 1 1 8888) ) 
07/01 18:23:28 Bind operation failed. 
07/01 18:23:28 Going to unbind
07/01 18:23:28 Not bound, cannot unbind.
07/01 18:23:28 Error occured: Connection refused
07/01 18:23:38 Start binding to SMSC server....
07/01 18:23:38 Binding with bind-mode: t and sync-mode: a
07/01 18:23:38 Bind request (bindreq: prc GEN 52 (addrrang: 1 1 8888) ) 
07/01 18:23:38 Bind operation failed. 
07/01 18:23:38 Going to unbind
07/01 18:23:38 Not bound, cannot unbind.
07/01 18:23:38 Error occured: Connection refused
07/01 18:23:48 Start binding to SMSC server....
07/01 18:23:48 Binding with bind-mode: t and sync-mode: a
07/01 18:23:48 Bind request (bindreq: prc GEN 52 (addrrang: 1 1 8888) ) 
07/01 18:23:48 Bind operation failed. 
07/01 18:23:48 Going to unbind
07/01 18:23:48 Not bound, cannot unbind.
07/01 18:23:48 Error occured: Connection refused
07/01 18:23:58 Start binding to SMSC server....
07/01 18:23:58 Binding with bind-mode: t and sync-mode: a
07/01 18:23:58 Bind request (bindreq: prc GEN 52 (addrrang: 1 1 8888) ) 
07/01 18:23:58 Bind operation failed. 
07/01 18:23:58 Going to unbind
07/01 18:23:58 Not bound, cannot unbind.
07/01 18:23:59 Error occured: Connection refused
07/01 18:24:09 Start binding to SMSC server....
07/01 18:24:09 Binding with bind-mode: t and sync-mode: a
07/01 18:24:09 Bind request (bindreq: prc GEN 52 (addrrang: 1 1 8888) ) 
07/01 18:24:09 Bind operation failed. 
07/01 18:24:09 Going to unbind
07/01 18:24:09 Not bound, cannot unbind.
07/01 18:24:09 Error occured: Connection refused
07/01 18:24:19 Start binding to SMSC server....
07/01 18:24:19 Binding with bind-mode: t and sync-mode: a
07/01 18:24:19 Bind request (bindreq: prc GEN 52 (addrrang: 1 1 8888) ) 
07/01 18:24:19 Bind operation failed. 
07/01 18:24:19 Going to unbind
07/01 18:24:19 Not bound, cannot unbind.
07/01 18:24:19 Error occured: Connection refused
07/01 18:24:29 Start binding to SMSC server....
07/01 18:24:29 Binding with bind-mode: t and sync-mode: a
07/01 18:24:29 Bind request (bindreq: prc GEN 52 (addrrang: 1 1 8888) ) 
07/01 18:24:29 Bind operation failed. 
07/01 18:24:29 Going to unbind
07/01 18:24:29 Not bound, cannot unbind.
07/01 18:24:29 Error occured: Connection refused
07/01 18:24:40 Start binding to SMSC server....
07/01 18:24:40 Binding with bind-mode: t and sync-mode: a
07/01 18:24:40 Bind request (bindreq: prc GEN 52 (addrrang: 1 1 8888) ) 
07/01 18:24:40 Bind operation failed. 
07/01 18:24:40 Going to unbind
07/01 18:24:40 Not bound, cannot unbind.
07/01 18:24:40 Error occured: Connection refused
07/01 18:24:50 Start binding to SMSC server....
07/01 18:24:50 Binding with bind-mode: t and sync-mode: a
07/01 18:24:50 Bind request (bindreq: prc GEN 52 (addrrang: 1 1 8888) ) 
07/01 18:24:50 Bind operation failed. 
07/01 18:24:50 Going to unbind
07/01 18:24:50 Not bound, cannot unbind.
07/01 18:24:50 Error occured: Connection refused
07/01 18:25:00 Start binding to SMSC server....
07/01 18:25:00 Binding with bind-mode: t and sync-mode: a
07/01 18:25:00 Bind request (bindreq: prc GEN 52 (addrrang: 1 1 8888) ) 
07/01 18:25:00 Bind operation failed. 
07/01 18:25:00 Going to unbind
07/01 18:25:00 Not bound, cannot unbind.
07/01 18:25:00 Error occured: Connection refused
07/01 18:25:11 Start binding to SMSC server....
07/01 18:25:11 Binding with bind-mode: t and sync-mode: a
07/01 18:25:11 Bind request (bindreq: prc GEN 52 (addrrang: 1 1 8888) ) 
07/01 18:25:11 Bind operation failed. 
07/01 18:25:11 Going to unbind
07/01 18:25:11 Not bound, cannot unbind.
07/01 18:25:11 Error occured: Connection refused
07/01 18:25:21 Start binding to SMSC server....
07/01 18:25:21 Binding with bind-mode: t and sync-mode: a
07/01 18:25:21 Bind request (bindreq: prc GEN 52 (addrrang: 1 1 8888) ) 
07/01 18:25:21 Bind operation failed. 
07/01 18:25:21 Going to unbind
07/01 18:25:21 Not bound, cannot unbind.
07/01 18:25:21 Error occured: Connection refused
07/01 18:25:31 Start binding to SMSC server....
07/01 18:25:31 Binding with bind-mode: t and sync-mode: a
07/01 18:25:31 Bind request (bindreq: prc GEN 52 (addrrang: 1 1 8888) ) 
07/01 18:25:31 Bind operation failed. 
07/01 18:25:31 Going to unbind
07/01 18:25:31 Not bound, cannot unbind.
07/01 18:25:31 Error occured: Connection refused
07/01 18:25:41 Start binding to SMSC server....
07/01 18:25:41 Binding with bind-mode: t and sync-mode: a
07/01 18:25:41 Bind request (bindreq: prc GEN 52 (addrrang: 1 1 8888) ) 
07/01 18:25:41 Bind operation failed. 
07/01 18:25:42 Going to unbind
07/01 18:25:42 Not bound, cannot unbind.
07/01 18:25:42 Error occured: Connection refused
07/01 18:25:52 Start binding to SMSC server....
07/01 18:25:52 Binding with bind-mode: t and sync-mode: a
07/01 18:25:52 Bind request (bindreq: prc GEN 52 (addrrang: 1 1 8888) ) 
07/01 18:25:52 Bind operation failed. 
07/01 18:25:52 Going to unbind
07/01 18:25:52 Not bound, cannot unbind.
07/01 18:25:52 Error occured: Connection refused
07/01 18:26:02 Start binding to SMSC server....
07/01 18:26:02 Binding with bind-mode: t and sync-mode: a
07/01 18:26:02 Bind request (bindreq: prc GEN 52 (addrrang: 1 1 8888) ) 
07/01 18:26:02 Bind operation failed. 
07/01 18:26:02 Going to unbind
07/01 18:26:02 Not bound, cannot unbind.
07/01 18:26:02 Error occured: Connection refused
07/01 18:26:12 Start binding to SMSC server....
07/01 18:26:12 Binding with bind-mode: t and sync-mode: a
07/01 18:26:12 Bind request (bindreq: prc GEN 52 (addrrang: 1 1 8888) ) 
07/01 18:26:12 Bind operation failed. 
07/01 18:26:12 Going to unbind
07/01 18:26:12 Not bound, cannot unbind.
07/01 18:26:12 Error occured: Connection refused
07/01 18:26:23 Start binding to SMSC server....
07/01 18:26:23 Binding with bind-mode: t and sync-mode: a
07/01 18:26:23 Bind request (bindreq: prc GEN 52 (addrrang: 1 1 8888) ) 
07/01 18:26:23 Bind operation failed. 
07/01 18:26:23 Going to unbind
07/01 18:26:23 Not bound, cannot unbind.
07/01 18:26:23 Error occured: Connection refused
07/01 18:26:33 Start binding to SMSC server....
07/01 18:26:33 Binding with bind-mode: t and sync-mode: a
07/01 18:26:33 Bind request (bindreq: prc GEN 52 (addrrang: 1 1 8888) ) 
07/01 18:26:33 Bind operation failed. 
07/01 18:26:33 Going to unbind
07/01 18:26:33 Not bound, cannot unbind.
07/01 18:26:33 Error occured: Connection refused
07/01 18:26:43 Start binding to SMSC server....
07/01 18:26:43 Binding with bind-mode: t and sync-mode: a
07/01 18:26:43 Bind request (bindreq: prc GEN 52 (addrrang: 1 1 8888) ) 
07/01 18:26:43 Bind operation failed. 
07/01 18:26:43 Going to unbind
07/01 18:26:43 Not bound, cannot unbind.
07/01 18:26:43 Error occured: Connection refused
07/01 18:26:53 Start binding to SMSC server....
07/01 18:26:53 Binding with bind-mode: t and sync-mode: a
07/01 18:26:53 Bind request (bindreq: prc GEN 52 (addrrang: 1 1 8888) ) 
07/01 18:26:53 Bind operation failed. 
07/01 18:26:54 Going to unbind
07/01 18:26:54 Not bound, cannot unbind.
07/01 18:26:54 Error occured: Connection refused
07/01 18:27:04 Start binding to SMSC server....
07/01 18:27:04 Binding with bind-mode: t and sync-mode: a
07/01 18:27:04 Bind request (bindreq: prc GEN 52 (addrrang: 1 1 8888) ) 
07/01 18:27:04 Bind operation failed. 
07/01 18:27:04 Going to unbind
07/01 18:27:04 Not bound, cannot unbind.
07/01 18:27:04 Error occured: Connection refused
07/01 18:27:14 Start binding to SMSC server....
07/01 18:27:14 Binding with bind-mode: t and sync-mode: a
07/01 18:27:14 Bind request (bindreq: prc GEN 52 (addrrang: 1 1 8888) ) 
07/01 18:27:14 Bind operation failed. 
07/01 18:27:14 Going to unbind
07/01 18:27:14 Not bound, cannot unbind.
07/01 18:27:14 Error occured: Connection refused
07/01 18:27:24 Start binding to SMSC server....
07/01 18:27:24 Binding with bind-mode: t and sync-mode: a
07/01 18:27:24 Bind request (bindreq: prc GEN 52 (addrrang: 1 1 8888) ) 
07/01 18:27:24 Bind operation failed. 
07/01 18:27:24 Going to unbind
07/01 18:27:24 Not bound, cannot unbind.
07/01 18:27:24 Error occured: Connection refused
07/01 18:27:35 Start binding to SMSC server....
07/01 18:27:35 Binding with bind-mode: t and sync-mode: a
07/01 18:27:35 Bind request (bindreq: prc GEN 52 (addrrang: 1 1 8888) ) 
07/01 18:27:35 Bind operation failed. 
07/01 18:27:35 Going to unbind
07/01 18:27:35 Not bound, cannot unbind.
07/01 18:27:35 Error occured: Connection refused
07/01 18:27:45 Start binding to SMSC server....
07/01 18:27:45 Binding with bind-mode: t and sync-mode: a
07/01 18:27:45 Bind request (bindreq: prc GEN 52 (addrrang: 1 1 8888) ) 
07/01 18:27:45 Bind operation failed. 
07/01 18:27:45 Going to unbind
07/01 18:27:45 Not bound, cannot unbind.
07/01 18:27:45 Error occured: Connection refused
07/01 18:27:55 Start binding to SMSC server....
07/01 18:27:55 Binding with bind-mode: t and sync-mode: a
07/01 18:27:55 Bind request (bindreq: prc GEN 52 (addrrang: 1 1 8888) ) 
07/01 18:27:55 Bind operation failed. 
07/01 18:27:55 Going to unbind
07/01 18:27:55 Not bound, cannot unbind.
07/01 18:27:55 Error occured: Connection refused
07/01 18:28:06 Start binding to SMSC server....
07/01 18:28:06 Binding with bind-mode: t and sync-mode: a
07/01 18:28:06 Bind request (bindreq: prc GEN 52 (addrrang: 1 1 8888) ) 
07/01 18:28:06 Bind operation failed. 
07/01 18:28:06 Going to unbind
07/01 18:28:06 Not bound, cannot unbind.
07/01 18:28:06 Error occured: Connection refused
07/01 18:28:16 Start binding to SMSC server....
07/01 18:28:16 Binding with bind-mode: t and sync-mode: a
07/01 18:28:16 Bind request (bindreq: prc GEN 52 (addrrang: 1 1 8888) ) 
07/01 18:28:16 Bind operation failed. 
07/01 18:28:16 Going to unbind
07/01 18:28:16 Not bound, cannot unbind.
07/01 18:28:16 Error occured: Connection refused
07/01 18:28:26 Start binding to SMSC server....
07/01 18:28:26 Binding with bind-mode: t and sync-mode: a
07/01 18:28:26 Bind request (bindreq: prc GEN 52 (addrrang: 1 1 8888) ) 
07/01 18:28:26 Bind operation failed. 
07/01 18:28:26 Going to unbind
07/01 18:28:26 Not bound, cannot unbind.
07/01 18:28:26 Error occured: Connection refused
07/01 18:28:37 Start binding to SMSC server....
07/01 18:28:37 Binding with bind-mode: t and sync-mode: a
07/01 18:28:37 Bind request (bindreq: prc GEN 52 (addrrang: 1 1 8888) ) 
07/01 18:28:37 Bind operation failed. 
07/01 18:28:37 Going to unbind
07/01 18:28:37 Not bound, cannot unbind.
07/01 18:28:37 Error occured: Connection refused
07/01 18:28:47 Start binding to SMSC server....
07/01 18:28:47 Binding with bind-mode: t and sync-mode: a
07/01 18:28:47 Bind request (bindreq: prc GEN 52 (addrrang: 1 1 8888) ) 
07/01 18:28:47 Bind operation failed. 
07/01 18:28:47 Going to unbind
07/01 18:28:47 Not bound, cannot unbind.
07/01 18:28:47 Error occured: Connection refused
07/01 18:28:57 Start binding to SMSC server....
07/01 18:28:57 Binding with bind-mode: t and sync-mode: a
07/01 18:28:57 Bind request (bindreq: prc GEN 52 (addrrang: 1 1 8888) ) 
07/01 18:28:57 Bind operation failed. 
07/01 18:28:57 Going to unbind
07/01 18:28:57 Not bound, cannot unbind.
07/01 18:28:57 Error occured: Connection refused
07/01 18:29:07 Start binding to SMSC server....
07/01 18:29:07 Binding with bind-mode: t and sync-mode: a
07/01 18:29:07 Bind request (bindreq: prc GEN 52 (addrrang: 1 1 8888) ) 
07/01 18:29:07 Bind operation failed. 
07/01 18:29:07 Going to unbind
07/01 18:29:07 Not bound, cannot unbind.
07/01 18:29:08 Error occured: Connection refused
07/01 18:29:18 Start binding to SMSC server....
07/01 18:29:18 Binding with bind-mode: t and sync-mode: a
07/01 18:29:18 Bind request (bindreq: prc GEN 52 (addrrang: 1 1 8888) ) 
07/01 18:29:18 Bind operation failed. 
07/01 18:29:18 Going to unbind
07/01 18:29:18 Not bound, cannot unbind.
07/01 18:29:18 Error occured: Connection refused
07/01 18:29:28 Start binding to SMSC server....
07/01 18:29:28 Binding with bind-mode: t and sync-mode: a
07/01 18:29:28 Bind request (bindreq: prc GEN 52 (addrrang: 1 1 8888) ) 
07/01 18:29:28 Bind operation failed. 
07/01 18:29:28 Going to unbind
07/01 18:29:28 Not bound, cannot unbind.
07/01 18:29:28 Error occured: Connection refused
07/01 18:29:38 Start binding to SMSC server....
07/01 18:29:38 Binding with bind-mode: t and sync-mode: a
07/01 18:29:38 Bind request (bindreq: prc GEN 52 (addrrang: 1 1 8888) ) 
07/01 18:29:38 Bind operation failed. 
07/01 18:29:38 Going to unbind
07/01 18:29:38 Not bound, cannot unbind.
07/01 18:29:38 Error occured: Connection refused
07/01 18:29:49 Start binding to SMSC server....
07/01 18:29:49 Binding with bind-mode: t and sync-mode: a
07/01 18:29:49 Bind request (bindreq: prc GEN 52 (addrrang: 1 1 8888) ) 
07/01 18:29:49 Bind operation failed. 
07/01 18:29:49 Going to unbind
07/01 18:29:49 Not bound, cannot unbind.
07/01 18:29:49 Error occured: Connection refused
07/01 18:29:59 Start binding to SMSC server....
07/01 18:29:59 Binding with bind-mode: t and sync-mode: a
07/01 18:29:59 Bind request (bindreq: prc GEN 52 (addrrang: 1 1 8888) ) 
07/01 18:29:59 Bind operation failed. 
07/01 18:29:59 Going to unbind
07/01 18:29:59 Not bound, cannot unbind.
07/01 18:29:59 Error occured: Connection refused
07/01 18:30:09 Start binding to SMSC server....
07/01 18:30:09 Binding with bind-mode: t and sync-mode: a
07/01 18:30:09 Bind request (bindreq: prc GEN 52 (addrrang: 1 1 8888) ) 
07/01 18:30:09 Bind operation failed. 
07/01 18:30:09 Going to unbind
07/01 18:30:09 Not bound, cannot unbind.
07/01 18:30:09 Error occured: Connection refused
07/01 18:30:19 Start binding to SMSC server....
07/01 18:30:19 Binding with bind-mode: t and sync-mode: a
07/01 18:30:19 Bind request (bindreq: prc GEN 52 (addrrang: 1 1 8888) ) 
07/01 18:30:19 Bind operation failed. 
07/01 18:30:20 Going to unbind
07/01 18:30:20 Not bound, cannot unbind.
07/01 18:30:20 Error occured: Connection refused
07/01 18:30:30 Start binding to SMSC server....
07/01 18:30:30 Binding with bind-mode: t and sync-mode: a
07/01 18:30:30 Bind request (bindreq: prc GEN 52 (addrrang: 1 1 8888) ) 
07/01 18:30:30 Bind operation failed. 
07/01 18:30:30 Going to unbind
07/01 18:30:30 Not bound, cannot unbind.
07/01 18:30:30 Error occured: Connection refused
07/01 18:30:40 Start binding to SMSC server....
07/01 18:30:40 Binding with bind-mode: t and sync-mode: a
07/01 18:30:40 Bind request (bindreq: prc GEN 52 (addrrang: 1 1 8888) ) 
07/01 18:30:40 Bind operation failed. 
07/01 18:30:40 Going to unbind
07/01 18:30:40 Not bound, cannot unbind.
07/01 18:30:40 Error occured: Connection refused
07/01 18:30:50 Start binding to SMSC server....
07/01 18:30:50 Binding with bind-mode: t and sync-mode: a
07/01 18:30:50 Bind request (bindreq: prc GEN 52 (addrrang: 1 1 8888) ) 
07/01 18:30:50 Bind operation failed. 
07/01 18:30:50 Going to unbind
07/01 18:30:50 Not bound, cannot unbind.
07/01 18:30:50 Error occured: Connection refused
07/01 18:31:01 Start binding to SMSC server....
07/01 18:31:01 Binding with bind-mode: t and sync-mode: a
07/01 18:31:01 Bind request (bindreq: prc GEN 52 (addrrang: 1 1 8888) ) 
07/01 18:31:01 Bind operation failed. 
07/01 18:31:01 Going to unbind
07/01 18:31:01 Not bound, cannot unbind.
07/01 18:31:01 Error occured: Connection refused
07/01 18:31:11 Start binding to SMSC server....
07/01 18:31:11 Binding with bind-mode: t and sync-mode: a
07/01 18:31:11 Bind request (bindreq: prc GEN 52 (addrrang: 1 1 8888) ) 
07/01 18:31:11 Bind operation failed. 
07/01 18:31:11 Going to unbind
07/01 18:31:11 Not bound, cannot unbind.
07/01 18:31:11 Error occured: Connection refused
07/01 18:31:21 Start binding to SMSC server....
07/01 18:31:21 Binding with bind-mode: t and sync-mode: a
07/01 18:31:21 Bind request (bindreq: prc GEN 52 (addrrang: 1 1 8888) ) 
07/01 18:31:21 Bind operation failed. 
07/01 18:31:21 Going to unbind
07/01 18:31:21 Not bound, cannot unbind.
07/01 18:31:21 Error occured: Connection refused
07/01 18:31:32 Start binding to SMSC server....
07/01 18:31:32 Binding with bind-mode: t and sync-mode: a
07/01 18:31:32 Bind request (bindreq: prc GEN 52 (addrrang: 1 1 8888) ) 
07/01 18:31:32 Bind operation failed. 
07/01 18:31:32 Going to unbind
07/01 18:31:32 Not bound, cannot unbind.
07/01 18:31:32 Error occured: Connection refused
07/01 18:31:42 Start binding to SMSC server....
07/01 18:31:42 Binding with bind-mode: t and sync-mode: a
07/01 18:31:42 Bind request (bindreq: prc GEN 52 (addrrang: 1 1 8888) ) 
07/01 18:31:42 Bind operation failed. 
07/01 18:31:42 Going to unbind
07/01 18:31:42 Not bound, cannot unbind.
07/01 18:31:42 Error occured: Connection refused
07/01 18:31:52 Start binding to SMSC server....
07/01 18:31:52 Binding with bind-mode: t and sync-mode: a
07/01 18:31:52 Bind request (bindreq: prc GEN 52 (addrrang: 1 1 8888) ) 
07/01 18:31:52 Bind operation failed. 
07/01 18:31:52 Going to unbind
07/01 18:31:52 Not bound, cannot unbind.
07/01 18:31:52 Error occured: Connection refused
07/01 18:32:02 Start binding to SMSC server....
07/01 18:32:02 Binding with bind-mode: t and sync-mode: a
07/01 18:32:02 Bind request (bindreq: prc GEN 52 (addrrang: 1 1 8888) ) 
07/01 18:32:02 Bind operation failed. 
07/01 18:32:02 Going to unbind
07/01 18:32:02 Not bound, cannot unbind.
07/01 18:32:03 Error occured: Connection refused
07/01 18:32:13 Start binding to SMSC server....
07/01 18:32:13 Binding with bind-mode: t and sync-mode: a
07/01 18:32:13 Bind request (bindreq: prc GEN 52 (addrrang: 1 1 8888) ) 
07/01 18:32:13 Bind operation failed. 
07/01 18:32:13 Going to unbind
07/01 18:32:13 Not bound, cannot unbind.
07/01 18:32:13 Error occured: Connection refused
07/01 18:32:23 Start binding to SMSC server....
07/01 18:32:23 Binding with bind-mode: t and sync-mode: a
07/01 18:32:23 Bind request (bindreq: prc GEN 52 (addrrang: 1 1 8888) ) 
07/01 18:32:23 Bind operation failed. 
07/01 18:32:23 Going to unbind
07/01 18:32:23 Not bound, cannot unbind.
07/01 18:32:23 Error occured: Connection refused
07/01 18:32:33 Start binding to SMSC server....
07/01 18:32:33 Binding with bind-mode: t and sync-mode: a
07/01 18:32:33 Bind request (bindreq: prc GEN 52 (addrrang: 1 1 8888) ) 
07/01 18:32:33 Bind operation failed. 
07/01 18:32:33 Going to unbind
07/01 18:32:33 Not bound, cannot unbind.
07/01 18:32:33 Error occured: Connection refused
07/01 18:32:44 Start binding to SMSC server....
07/01 18:32:44 Binding with bind-mode: t and sync-mode: a
07/01 18:32:44 Bind request (bindreq: prc GEN 52 (addrrang: 1 1 8888) ) 
07/01 18:32:44 Bind operation failed. 
07/01 18:32:44 Going to unbind
07/01 18:32:44 Not bound, cannot unbind.
07/01 18:32:44 Error occured: Connection refused
07/01 18:32:54 Start binding to SMSC server....
07/01 18:32:54 Binding with bind-mode: t and sync-mode: a
07/01 18:32:54 Bind request (bindreq: prc GEN 52 (addrrang: 1 1 8888) ) 
07/01 18:32:54 Bind operation failed. 
07/01 18:32:54 Going to unbind
07/01 18:32:54 Not bound, cannot unbind.
07/01 18:32:54 Error occured: Connection refused
07/01 18:33:04 Start binding to SMSC server....
07/01 18:33:04 Binding with bind-mode: t and sync-mode: a
07/01 18:33:04 Bind request (bindreq: prc GEN 52 (addrrang: 1 1 8888) ) 
07/01 18:33:04 Bind operation failed. 
07/01 18:33:04 Going to unbind
07/01 18:33:04 Not bound, cannot unbind.
07/01 18:33:04 Error occured: Connection refused
07/01 18:33:14 Start binding to SMSC server....
07/01 18:33:14 Binding with bind-mode: t and sync-mode: a
07/01 18:33:14 Bind request (bindreq: prc GEN 52 (addrrang: 1 1 8888) ) 
07/01 18:33:14 Bind operation failed. 
07/01 18:33:15 Going to unbind
07/01 18:33:15 Not bound, cannot unbind.
07/01 18:33:15 Error occured: Connection refused
07/01 18:33:25 Start binding to SMSC server....
07/01 18:33:25 Binding with bind-mode: t and sync-mode: a
07/01 18:33:25 Bind request (bindreq: prc GEN 52 (addrrang: 1 1 8888) ) 
07/01 18:33:25 Bind operation failed. 
07/01 18:33:25 Going to unbind
07/01 18:33:25 Not bound, cannot unbind.
07/01 18:33:25 Error occured: Connection refused
07/01 18:33:35 Start binding to SMSC server....
07/01 18:33:35 Binding with bind-mode: t and sync-mode: a
07/01 18:33:35 Bind request (bindreq: prc GEN 52 (addrrang: 1 1 8888) ) 
07/01 18:33:35 Bind operation failed. 
07/01 18:33:35 Going to unbind
07/01 18:33:35 Not bound, cannot unbind.
07/01 18:33:35 Error occured: Connection refused
07/01 18:33:45 Start binding to SMSC server....
07/01 18:33:45 Binding with bind-mode: t and sync-mode: a
07/01 18:33:45 Bind request (bindreq: prc GEN 52 (addrrang: 1 1 8888) ) 
07/01 18:33:45 Bind operation failed. 
07/01 18:33:45 Going to unbind
07/01 18:33:45 Not bound, cannot unbind.
07/01 18:33:45 Error occured: Connection refused
07/01 18:33:56 Start binding to SMSC server....
07/01 18:33:56 Binding with bind-mode: t and sync-mode: a
07/01 18:33:56 Bind request (bindreq: prc GEN 52 (addrrang: 1 1 8888) ) 
07/01 18:33:56 Bind operation failed. 
07/01 18:33:56 Going to unbind
07/01 18:33:56 Not bound, cannot unbind.
07/01 18:33:56 Error occured: Connection refused
07/01 18:34:06 Start binding to SMSC server....
07/01 18:34:06 Binding with bind-mode: t and sync-mode: a
07/01 18:34:06 Bind request (bindreq: prc GEN 52 (addrrang: 1 1 8888) ) 
07/01 18:34:06 Bind operation failed. 
07/01 18:34:06 Going to unbind
07/01 18:34:06 Not bound, cannot unbind.
07/01 18:34:06 Error occured: Connection refused
07/01 18:34:16 Start binding to SMSC server....
07/01 18:34:16 Binding with bind-mode: t and sync-mode: a
07/01 18:34:16 Bind request (bindreq: prc GEN 52 (addrrang: 1 1 8888) ) 
07/01 18:34:16 Bind operation failed. 
07/01 18:34:16 Going to unbind
07/01 18:34:16 Not bound, cannot unbind.
07/01 18:34:16 Error occured: Connection refused
07/01 18:34:26 Start binding to SMSC server....
07/01 18:34:26 Binding with bind-mode: t and sync-mode: a
07/01 18:34:26 Bind request (bindreq: prc GEN 52 (addrrang: 1 1 8888) ) 
07/01 18:34:26 Bind operation failed. 
07/01 18:34:27 Going to unbind
07/01 18:34:27 Not bound, cannot unbind.
07/01 18:34:27 Error occured: Connection refused
07/01 18:34:37 Start binding to SMSC server....
07/01 18:34:37 Binding with bind-mode: t and sync-mode: a
07/01 18:34:37 Bind request (bindreq: prc GEN 52 (addrrang: 1 1 8888) ) 
07/01 18:34:37 Bind operation failed. 
07/01 18:34:37 Going to unbind
07/01 18:34:37 Not bound, cannot unbind.
07/01 18:34:37 Error occured: Connection refused
07/01 18:34:47 Start binding to SMSC server....
07/01 18:34:47 Binding with bind-mode: t and sync-mode: a
07/01 18:34:47 Bind request (bindreq: prc GEN 52 (addrrang: 1 1 8888) ) 
07/01 18:34:47 Bind operation failed. 
07/01 18:34:47 Going to unbind
07/01 18:34:47 Not bound, cannot unbind.
07/01 18:34:47 Error occured: Connection refused
07/01 18:34:57 Start binding to SMSC server....
07/01 18:34:57 Binding with bind-mode: t and sync-mode: a
07/01 18:34:57 Bind request (bindreq: prc GEN 52 (addrrang: 1 1 8888) ) 
07/01 18:34:57 Bind operation failed. 
07/01 18:34:57 Going to unbind
07/01 18:34:57 Not bound, cannot unbind.
07/01 18:34:57 Error occured: Connection refused
07/01 18:35:08 Start binding to SMSC server....
07/01 18:35:08 Binding with bind-mode: t and sync-mode: a
07/01 18:35:08 Bind request (bindreq: prc GEN 52 (addrrang: 1 1 8888) ) 
07/01 18:35:08 Bind operation failed. 
07/01 18:35:08 Going to unbind
07/01 18:35:08 Not bound, cannot unbind.
07/01 18:35:08 Error occured: Connection refused
07/01 18:35:18 Start binding to SMSC server....
07/01 18:35:18 Binding with bind-mode: t and sync-mode: a
07/01 18:35:18 Bind request (bindreq: prc GEN 52 (addrrang: 1 1 8888) ) 
07/01 18:35:18 Bind operation failed. 
07/01 18:35:18 Going to unbind
07/01 18:35:18 Not bound, cannot unbind.
07/01 18:35:18 Error occured: Connection refused
07/01 18:35:28 Start binding to SMSC server....
07/01 18:35:28 Binding with bind-mode: t and sync-mode: a
07/01 18:35:28 Bind request (bindreq: prc GEN 52 (addrrang: 1 1 8888) ) 
07/01 18:35:28 Bind operation failed. 
07/01 18:35:28 Going to unbind
07/01 18:35:28 Not bound, cannot unbind.
07/01 18:35:28 Error occured: Connection refused
07/01 18:35:39 Start binding to SMSC server....
07/01 18:35:39 Binding with bind-mode: t and sync-mode: a
07/01 18:35:39 Bind request (bindreq: prc GEN 52 (addrrang: 1 1 8888) ) 
07/01 18:35:39 Bind operation failed. 
07/01 18:35:39 Going to unbind
07/01 18:35:39 Not bound, cannot unbind.
07/01 18:35:39 Error occured: Connection refused
07/01 18:35:49 Start binding to SMSC server....
07/01 18:35:49 Binding with bind-mode: t and sync-mode: a
07/01 18:35:49 Bind request (bindreq: prc GEN 52 (addrrang: 1 1 8888) ) 
07/01 18:35:49 Bind operation failed. 
07/01 18:35:49 Going to unbind
07/01 18:35:49 Not bound, cannot unbind.
07/01 18:35:49 Error occured: Connection refused
07/01 18:35:59 Start binding to SMSC server....
07/01 18:35:59 Binding with bind-mode: t and sync-mode: a
07/01 18:35:59 Bind request (bindreq: prc GEN 52 (addrrang: 1 1 8888) ) 
07/01 18:35:59 Bind operation failed. 
07/01 18:35:59 Going to unbind
07/01 18:35:59 Not bound, cannot unbind.
07/01 18:35:59 Error occured: Connection refused
07/01 18:36:09 Start binding to SMSC server....
07/01 18:36:09 Binding with bind-mode: t and sync-mode: a
07/01 18:36:09 Bind request (bindreq: prc GEN 52 (addrrang: 1 1 8888) ) 
07/01 18:36:09 Bind operation failed. 
07/01 18:36:10 Going to unbind
07/01 18:36:10 Not bound, cannot unbind.
07/01 18:36:10 Error occured: Connection refused
07/01 18:36:20 Start binding to SMSC server....
07/01 18:36:20 Binding with bind-mode: t and sync-mode: a
07/01 18:36:20 Bind request (bindreq: prc GEN 52 (addrrang: 1 1 8888) ) 
07/01 18:36:20 Bind operation failed. 
07/01 18:36:20 Going to unbind
07/01 18:36:20 Not bound, cannot unbind.
07/01 18:36:20 Error occured: Connection refused
07/01 18:36:30 Start binding to SMSC server....
07/01 18:36:30 Binding with bind-mode: t and sync-mode: a
07/01 18:36:30 Bind request (bindreq: prc GEN 52 (addrrang: 1 1 8888) ) 
07/01 18:36:30 Bind operation failed. 
07/01 18:36:30 Going to unbind
07/01 18:36:30 Not bound, cannot unbind.
07/01 18:36:30 Error occured: Connection refused
07/01 18:36:40 Start binding to SMSC server....
07/01 18:36:40 Binding with bind-mode: t and sync-mode: a
07/01 18:36:40 Bind request (bindreq: prc GEN 52 (addrrang: 1 1 8888) ) 
07/01 18:36:40 Bind operation failed. 
07/01 18:36:40 Going to unbind
07/01 18:36:40 Not bound, cannot unbind.
07/01 18:36:40 Error occured: Connection refused
07/01 18:36:51 Start binding to SMSC server....
07/01 18:36:51 Binding with bind-mode: t and sync-mode: a
07/01 18:36:51 Bind request (bindreq: prc GEN 52 (addrrang: 1 1 8888) ) 
07/01 18:36:51 Bind operation failed. 
07/01 18:36:51 Going to unbind
07/01 18:36:51 Not bound, cannot unbind.
07/01 18:36:51 Error occured: Connection refused
07/01 18:37:01 Start binding to SMSC server....
07/01 18:37:01 Binding with bind-mode: t and sync-mode: a
07/01 18:37:01 Bind request (bindreq: prc GEN 52 (addrrang: 1 1 8888) ) 
07/01 18:37:01 Bind operation failed. 
07/01 18:37:01 Going to unbind
07/01 18:37:01 Not bound, cannot unbind.
07/01 18:37:01 Error occured: Connection refused
07/01 18:37:11 Start binding to SMSC server....
07/01 18:37:11 Binding with bind-mode: t and sync-mode: a
07/01 18:37:11 Bind request (bindreq: prc GEN 52 (addrrang: 1 1 8888) ) 
07/01 18:37:11 Bind operation failed. 
07/01 18:37:11 Going to unbind
07/01 18:37:11 Not bound, cannot unbind.
07/01 18:37:11 Error occured: Connection refused
07/01 18:37:21 Start binding to SMSC server....
07/01 18:37:21 Binding with bind-mode: t and sync-mode: a
07/01 18:37:21 Bind request (bindreq: prc GEN 52 (addrrang: 1 1 8888) ) 
07/01 18:37:21 Bind operation failed. 
07/01 18:37:22 Going to unbind
07/01 18:37:22 Not bound, cannot unbind.
07/01 18:37:22 Error occured: Connection refused
07/01 18:37:32 Start binding to SMSC server....
07/01 18:37:32 Binding with bind-mode: t and sync-mode: a
07/01 18:37:32 Bind request (bindreq: prc GEN 52 (addrrang: 1 1 8888) ) 
07/01 18:37:32 Bind operation failed. 
07/01 18:37:32 Going to unbind
07/01 18:37:32 Not bound, cannot unbind.
07/01 18:37:32 Error occured: Connection refused
07/01 18:37:42 Start binding to SMSC server....
07/01 18:37:42 Binding with bind-mode: t and sync-mode: a
07/01 18:37:42 Bind request (bindreq: prc GEN 52 (addrrang: 1 1 8888) ) 
07/01 18:37:42 Bind operation failed. 
07/01 18:37:42 Going to unbind
07/01 18:37:42 Not bound, cannot unbind.
07/01 18:37:42 Error occured: Connection refused
07/01 18:37:52 Start binding to SMSC server....
07/01 18:37:52 Binding with bind-mode: t and sync-mode: a
07/01 18:37:52 Bind request (bindreq: prc GEN 52 (addrrang: 1 1 8888) ) 
07/01 18:37:52 Bind operation failed. 
07/01 18:37:52 Going to unbind
07/01 18:37:52 Not bound, cannot unbind.
07/01 18:37:52 Error occured: Connection refused
07/01 18:38:03 Start binding to SMSC server....
07/01 18:38:03 Binding with bind-mode: t and sync-mode: a
07/01 18:38:03 Bind request (bindreq: prc GEN 52 (addrrang: 1 1 8888) ) 
07/01 18:38:03 Bind operation failed. 
07/01 18:38:03 Going to unbind
07/01 18:38:03 Not bound, cannot unbind.
07/01 18:38:03 Error occured: Connection refused
07/01 18:38:13 Start binding to SMSC server....
07/01 18:38:13 Binding with bind-mode: t and sync-mode: a
07/01 18:38:13 Bind request (bindreq: prc GEN 52 (addrrang: 1 1 8888) ) 
07/01 18:38:13 Bind operation failed. 
07/01 18:38:13 Going to unbind
07/01 18:38:13 Not bound, cannot unbind.
07/01 18:38:13 Error occured: Connection refused
07/01 18:38:23 Start binding to SMSC server....
07/01 18:38:23 Binding with bind-mode: t and sync-mode: a
07/01 18:38:23 Bind request (bindreq: prc GEN 52 (addrrang: 1 1 8888) ) 
07/01 18:38:23 Bind operation failed. 
07/01 18:38:23 Going to unbind
07/01 18:38:23 Not bound, cannot unbind.
07/01 18:38:23 Error occured: Connection refused
07/01 18:38:33 Start binding to SMSC server....
07/01 18:38:33 Binding with bind-mode: t and sync-mode: a
07/01 18:38:33 Bind request (bindreq: prc GEN 52 (addrrang: 1 1 8888) ) 
07/01 18:38:33 Bind operation failed. 
07/01 18:38:34 Going to unbind
07/01 18:38:34 Not bound, cannot unbind.
07/01 18:38:34 Error occured: Connection refused
07/01 18:38:44 Start binding to SMSC server....
07/01 18:38:44 Binding with bind-mode: t and sync-mode: a
07/01 18:38:44 Bind request (bindreq: prc GEN 52 (addrrang: 1 1 8888) ) 
07/01 18:38:44 Bind operation failed. 
07/01 18:38:44 Going to unbind
07/01 18:38:44 Not bound, cannot unbind.
07/01 18:38:44 Error occured: Connection refused
07/01 18:38:54 Start binding to SMSC server....
07/01 18:38:54 Binding with bind-mode: t and sync-mode: a
07/01 18:38:54 Bind request (bindreq: prc GEN 52 (addrrang: 1 1 8888) ) 
07/01 18:38:54 Bind operation failed. 
07/01 18:38:54 Going to unbind
07/01 18:38:54 Not bound, cannot unbind.
07/01 18:38:54 Error occured: Connection refused
07/01 18:39:04 Start binding to SMSC server....
07/01 18:39:04 Binding with bind-mode: t and sync-mode: a
07/01 18:39:04 Bind request (bindreq: prc GEN 52 (addrrang: 1 1 8888) ) 
07/01 18:39:04 Bind operation failed. 
07/01 18:39:04 Going to unbind
07/01 18:39:04 Not bound, cannot unbind.
07/01 18:39:04 Error occured: Connection refused
07/01 18:39:15 Start binding to SMSC server....
07/01 18:39:15 Binding with bind-mode: t and sync-mode: a
07/01 18:39:15 Bind request (bindreq: prc GEN 52 (addrrang: 1 1 8888) ) 
07/01 18:39:15 Bind operation failed. 
07/01 18:39:15 Going to unbind
07/01 18:39:15 Not bound, cannot unbind.
07/01 18:39:15 Error occured: Connection refused
07/01 18:39:25 Start binding to SMSC server....
07/01 18:39:25 Binding with bind-mode: t and sync-mode: a
07/01 18:39:25 Bind request (bindreq: prc GEN 52 (addrrang: 1 1 8888) ) 
07/01 18:39:25 Bind operation failed. 
07/01 18:39:25 Going to unbind
07/01 18:39:25 Not bound, cannot unbind.
07/01 18:39:25 Error occured: Connection refused
07/01 18:39:35 Start binding to SMSC server....
07/01 18:39:35 Binding with bind-mode: t and sync-mode: a
07/01 18:39:35 Bind request (bindreq: prc GEN 52 (addrrang: 1 1 8888) ) 
07/01 18:39:35 Bind operation failed. 
07/01 18:39:35 Going to unbind
07/01 18:39:35 Not bound, cannot unbind.
07/01 18:39:35 Error occured: Connection refused
07/01 18:39:45 Start binding to SMSC server....
07/01 18:39:45 Binding with bind-mode: t and sync-mode: a
07/01 18:39:45 Bind request (bindreq: prc GEN 52 (addrrang: 1 1 8888) ) 
07/01 18:39:45 Bind operation failed. 
07/01 18:39:46 Going to unbind
07/01 18:39:46 Not bound, cannot unbind.
07/01 18:39:46 Error occured: Connection refused
07/01 18:39:56 Start binding to SMSC server....
07/01 18:39:56 Binding with bind-mode: t and sync-mode: a
07/01 18:39:56 Bind request (bindreq: prc GEN 52 (addrrang: 1 1 8888) ) 
07/01 18:39:56 Bind operation failed. 
07/01 18:39:56 Going to unbind
07/01 18:39:56 Not bound, cannot unbind.
07/01 18:39:56 Error occured: Connection refused
07/01 18:40:06 Start binding to SMSC server....
07/01 18:40:06 Binding with bind-mode: t and sync-mode: a
07/01 18:40:06 Bind request (bindreq: prc GEN 52 (addrrang: 1 1 8888) ) 
07/01 18:40:06 Bind operation failed. 
07/01 18:40:06 Going to unbind
07/01 18:40:06 Not bound, cannot unbind.
07/01 18:40:06 Error occured: Connection refused
07/01 18:40:16 Start binding to SMSC server....
07/01 18:40:16 Binding with bind-mode: t and sync-mode: a
07/01 18:40:16 Bind request (bindreq: prc GEN 52 (addrrang: 1 1 8888) ) 
07/01 18:40:16 Bind operation failed. 
07/01 18:40:16 Going to unbind
07/01 18:40:16 Not bound, cannot unbind.
07/01 18:40:16 Error occured: Connection refused
07/01 18:40:27 Start binding to SMSC server....
07/01 18:40:27 Binding with bind-mode: t and sync-mode: a
07/01 18:40:27 Bind request (bindreq: prc GEN 52 (addrrang: 1 1 8888) ) 
07/01 18:40:27 Bind operation failed. 
07/01 18:40:27 Going to unbind
07/01 18:40:27 Not bound, cannot unbind.
07/01 18:40:27 Error occured: Connection refused
07/01 18:40:37 Start binding to SMSC server....
07/01 18:40:37 Binding with bind-mode: t and sync-mode: a
07/01 18:40:37 Bind request (bindreq: prc GEN 52 (addrrang: 1 1 8888) ) 
07/01 18:40:37 Bind operation failed. 
07/01 18:40:37 Going to unbind
07/01 18:40:37 Not bound, cannot unbind.
07/01 18:40:37 Error occured: Connection refused
07/01 18:40:47 Start binding to SMSC server....
07/01 18:40:47 Binding with bind-mode: t and sync-mode: a
07/01 18:40:47 Bind request (bindreq: prc GEN 52 (addrrang: 1 1 8888) ) 
07/01 18:40:47 Bind operation failed. 
07/01 18:40:47 Going to unbind
07/01 18:40:47 Not bound, cannot unbind.
07/01 18:40:47 Error occured: Connection refused
07/01 18:40:58 Start binding to SMSC server....
07/01 18:40:58 Binding with bind-mode: t and sync-mode: a
07/01 18:40:58 Bind request (bindreq: prc GEN 52 (addrrang: 1 1 8888) ) 
07/01 18:40:58 Bind operation failed. 
07/01 18:40:58 Going to unbind
07/01 18:40:58 Not bound, cannot unbind.
07/01 18:40:58 Error occured: Connection refused
07/01 18:41:08 Start binding to SMSC server....
07/01 18:41:08 Binding with bind-mode: t and sync-mode: a
07/01 18:41:08 Bind request (bindreq: prc GEN 52 (addrrang: 1 1 8888) ) 
07/01 18:41:08 Bind operation failed. 
07/01 18:41:08 Going to unbind
07/01 18:41:08 Not bound, cannot unbind.
07/01 18:41:08 Error occured: Connection refused
