07/01 18:03:12 LoadMTThread started
07/01 18:03:12 Load total sucessfull count :0
     first time count   : 0
     reload failed count: 0
     notloaded count    : 0
07/01 18:03:15 Load total sucessfull count :0
     first time count   : 0
     reload failed count: 0
     notloaded count    : 0
07/01 18:03:18 Load total sucessfull count :0
     first time count   : 0
     reload failed count: 0
     notloaded count    : 0
07/01 18:03:21 Load total sucessfull count :0
     first time count   : 0
     reload failed count: 0
     notloaded count    : 0
07/01 18:03:24 Load total sucessfull count :0
     first time count   : 0
     reload failed count: 0
     notloaded count    : 0
07/01 18:03:27 Load total sucessfull count :0
     first time count   : 0
     reload failed count: 0
     notloaded count    : 0
07/01 18:03:30 Load total sucessfull count :0
     first time count   : 0
     reload failed count: 0
     notloaded count    : 0
07/01 18:03:33 Load total sucessfull count :0
     first time count   : 0
     reload failed count: 0
     notloaded count    : 0
07/01 18:03:36 Load total sucessfull count :0
     first time count   : 0
     reload failed count: 0
     notloaded count    : 0
07/01 18:03:39 Load total sucessfull count :0
     first time count   : 0
     reload failed count: 0
     notloaded count    : 0
07/01 18:03:42 Load total sucessfull count :0
     first time count   : 0
     reload failed count: 0
     notloaded count    : 0
07/01 18:03:45 Load total sucessfull count :0
     first time count   : 0
     reload failed count: 0
     notloaded count    : 0
07/01 18:03:48 Load total sucessfull count :0
     first time count   : 0
     reload failed count: 0
     notloaded count    : 0
07/01 18:03:51 Load total sucessfull count :0
     first time count   : 0
     reload failed count: 0
     notloaded count    : 0
07/01 18:03:54 Load total sucessfull count :0
     first time count   : 0
     reload failed count: 0
     notloaded count    : 0
07/01 18:03:57 Load total sucessfull count :0
     first time count   : 0
     reload failed count: 0
     notloaded count    : 0
07/01 18:04:00 Load total sucessfull count :0
     first time count   : 0
     reload failed count: 0
     notloaded count    : 0
07/01 18:04:03 Load total sucessfull count :0
     first time count   : 0
     reload failed count: 0
     notloaded count    : 0
07/01 18:04:06 Load total sucessfull count :0
     first time count   : 0
     reload failed count: 0
     notloaded count    : 0
07/01 18:04:09 Load total sucessfull count :0
     first time count   : 0
     reload failed count: 0
     notloaded count    : 0
07/01 18:04:12 Load total sucessfull count :0
     first time count   : 0
     reload failed count: 0
     notloaded count    : 0
07/01 18:04:15 Load total sucessfull count :0
     first time count   : 0
     reload failed count: 0
     notloaded count    : 0
07/01 18:04:18 Load total sucessfull count :0
     first time count   : 0
     reload failed count: 0
     notloaded count    : 0
07/01 18:04:21 Load total sucessfull count :0
     first time count   : 0
     reload failed count: 0
     notloaded count    : 0
07/01 18:04:24 Load total sucessfull count :0
     first time count   : 0
     reload failed count: 0
     notloaded count    : 0
07/01 18:04:27 Load total sucessfull count :0
     first time count   : 0
     reload failed count: 0
     notloaded count    : 0
07/01 18:04:30 Load total sucessfull count :0
     first time count   : 0
     reload failed count: 0
     notloaded count    : 0
07/01 18:04:33 Load total sucessfull count :0
     first time count   : 0
     reload failed count: 0
     notloaded count    : 0
07/01 18:04:36 Load total sucessfull count :0
     first time count   : 0
     reload failed count: 0
     notloaded count    : 0
07/01 18:04:39 Load total sucessfull count :0
     first time count   : 0
     reload failed count: 0
     notloaded count    : 0
07/01 18:04:42 Load total sucessfull count :0
     first time count   : 0
     reload failed count: 0
     notloaded count    : 0
07/01 18:04:45 Load total sucessfull count :0
     first time count   : 0
     reload failed count: 0
     notloaded count    : 0
07/01 18:04:48 Load total sucessfull count :0
     first time count   : 0
     reload failed count: 0
     notloaded count    : 0
07/01 18:04:51 Load total sucessfull count :0
     first time count   : 0
     reload failed count: 0
     notloaded count    : 0
07/01 18:04:54 Load total sucessfull count :0
     first time count   : 0
     reload failed count: 0
     notloaded count    : 0
07/01 18:04:57 Load total sucessfull count :0
     first time count   : 0
     reload failed count: 0
     notloaded count    : 0
07/01 18:05:00 Load total sucessfull count :0
     first time count   : 0
     reload failed count: 0
     notloaded count    : 0
07/01 18:05:03 Load total sucessfull count :0
     first time count   : 0
     reload failed count: 0
     notloaded count    : 0
07/01 18:05:06 Load total sucessfull count :0
     first time count   : 0
     reload failed count: 0
     notloaded count    : 0
07/01 18:05:09 Load total sucessfull count :0
     first time count   : 0
     reload failed count: 0
     notloaded count    : 0
07/01 18:05:12 Load total sucessfull count :0
     first time count   : 0
     reload failed count: 0
     notloaded count    : 0
07/01 18:05:15 Load total sucessfull count :0
     first time count   : 0
     reload failed count: 0
     notloaded count    : 0
07/01 18:05:18 Load total sucessfull count :0
     first time count   : 0
     reload failed count: 0
     notloaded count    : 0
07/01 18:05:21 Load total sucessfull count :0
     first time count   : 0
     reload failed count: 0
     notloaded count    : 0
07/01 18:05:24 Load total sucessfull count :0
     first time count   : 0
     reload failed count: 0
     notloaded count    : 0
07/01 18:05:27 Load total sucessfull count :0
     first time count   : 0
     reload failed count: 0
     notloaded count    : 0
07/01 18:05:30 Load total sucessfull count :0
     first time count   : 0
     reload failed count: 0
     notloaded count    : 0
07/01 18:05:33 Load total sucessfull count :0
     first time count   : 0
     reload failed count: 0
     notloaded count    : 0
07/01 18:05:36 Load total sucessfull count :0
     first time count   : 0
     reload failed count: 0
     notloaded count    : 0
07/01 18:05:39 Load total sucessfull count :0
     first time count   : 0
     reload failed count: 0
     notloaded count    : 0
07/01 18:05:42 Load total sucessfull count :0
     first time count   : 0
     reload failed count: 0
     notloaded count    : 0
07/01 18:05:45 Load total sucessfull count :0
     first time count   : 0
     reload failed count: 0
     notloaded count    : 0
07/01 18:05:48 Load total sucessfull count :0
     first time count   : 0
     reload failed count: 0
     notloaded count    : 0
07/01 18:05:51 Load total sucessfull count :0
     first time count   : 0
     reload failed count: 0
     notloaded count    : 0
07/01 18:05:54 Load total sucessfull count :0
     first time count   : 0
     reload failed count: 0
     notloaded count    : 0
07/01 18:05:57 Load total sucessfull count :0
     first time count   : 0
     reload failed count: 0
     notloaded count    : 0
07/01 18:06:00 Load total sucessfull count :0
     first time count   : 0
     reload failed count: 0
     notloaded count    : 0
07/01 18:06:03 Load total sucessfull count :0
     first time count   : 0
     reload failed count: 0
     notloaded count    : 0
07/01 18:06:07 Load total sucessfull count :0
     first time count   : 0
     reload failed count: 0
     notloaded count    : 0
07/01 18:06:10 Load total sucessfull count :0
     first time count   : 0
     reload failed count: 0
     notloaded count    : 0
07/01 18:06:13 Load total sucessfull count :0
     first time count   : 0
     reload failed count: 0
     notloaded count    : 0
07/01 18:06:16 Load total sucessfull count :0
     first time count   : 0
     reload failed count: 0
     notloaded count    : 0
07/01 18:06:19 Load total sucessfull count :0
     first time count   : 0
     reload failed count: 0
     notloaded count    : 0
07/01 18:06:22 Load total sucessfull count :0
     first time count   : 0
     reload failed count: 0
     notloaded count    : 0
07/01 18:06:25 Load total sucessfull count :0
     first time count   : 0
     reload failed count: 0
     notloaded count    : 0
07/01 18:06:28 Load total sucessfull count :0
     first time count   : 0
     reload failed count: 0
     notloaded count    : 0
07/01 18:06:31 Load total sucessfull count :0
     first time count   : 0
     reload failed count: 0
     notloaded count    : 0
07/01 18:06:34 Load total sucessfull count :0
     first time count   : 0
     reload failed count: 0
     notloaded count    : 0
07/01 18:06:37 Load total sucessfull count :0
     first time count   : 0
     reload failed count: 0
     notloaded count    : 0
07/01 18:06:40 Load total sucessfull count :0
     first time count   : 0
     reload failed count: 0
     notloaded count    : 0
07/01 18:06:43 Load total sucessfull count :0
     first time count   : 0
     reload failed count: 0
     notloaded count    : 0
07/01 18:06:46 Load total sucessfull count :0
     first time count   : 0
     reload failed count: 0
     notloaded count    : 0
07/01 18:06:49 Load total sucessfull count :0
     first time count   : 0
     reload failed count: 0
     notloaded count    : 0
07/01 18:06:52 Load total sucessfull count :0
     first time count   : 0
     reload failed count: 0
     notloaded count    : 0
07/01 18:06:55 Load total sucessfull count :0
     first time count   : 0
     reload failed count: 0
     notloaded count    : 0
07/01 18:06:58 Load total sucessfull count :0
     first time count   : 0
     reload failed count: 0
     notloaded count    : 0
07/01 18:07:01 Load total sucessfull count :0
     first time count   : 0
     reload failed count: 0
     notloaded count    : 0
07/01 18:07:04 Load total sucessfull count :0
     first time count   : 0
     reload failed count: 0
     notloaded count    : 0
07/01 18:07:07 Load total sucessfull count :0
     first time count   : 0
     reload failed count: 0
     notloaded count    : 0
07/01 18:07:10 Load total sucessfull count :0
     first time count   : 0
     reload failed count: 0
     notloaded count    : 0
07/01 18:07:13 Load total sucessfull count :0
     first time count   : 0
     reload failed count: 0
     notloaded count    : 0
07/01 18:07:16 Load total sucessfull count :0
     first time count   : 0
     reload failed count: 0
     notloaded count    : 0
07/01 18:07:19 Load total sucessfull count :0
     first time count   : 0
     reload failed count: 0
     notloaded count    : 0
07/01 18:07:22 Load total sucessfull count :0
     first time count   : 0
     reload failed count: 0
     notloaded count    : 0
07/01 18:07:25 Load total sucessfull count :0
     first time count   : 0
     reload failed count: 0
     notloaded count    : 0
07/01 18:07:28 Load total sucessfull count :0
     first time count   : 0
     reload failed count: 0
     notloaded count    : 0
07/01 18:07:31 Load total sucessfull count :0
     first time count   : 0
     reload failed count: 0
     notloaded count    : 0
07/01 18:07:34 Load total sucessfull count :0
     first time count   : 0
     reload failed count: 0
     notloaded count    : 0
07/01 18:07:37 Load total sucessfull count :0
     first time count   : 0
     reload failed count: 0
     notloaded count    : 0
07/01 18:07:40 Load total sucessfull count :0
     first time count   : 0
     reload failed count: 0
     notloaded count    : 0
07/01 18:07:43 Load total sucessfull count :0
     first time count   : 0
     reload failed count: 0
     notloaded count    : 0
07/01 18:07:46 Load total sucessfull count :0
     first time count   : 0
     reload failed count: 0
     notloaded count    : 0
07/01 18:07:49 Load total sucessfull count :0
     first time count   : 0
     reload failed count: 0
     notloaded count    : 0
07/01 18:07:52 Load total sucessfull count :0
     first time count   : 0
     reload failed count: 0
     notloaded count    : 0
07/01 18:07:55 Load total sucessfull count :0
     first time count   : 0
     reload failed count: 0
     notloaded count    : 0
07/01 18:07:58 Load total sucessfull count :0
     first time count   : 0
     reload failed count: 0
     notloaded count    : 0
07/01 18:08:01 Load total sucessfull count :0
     first time count   : 0
     reload failed count: 0
     notloaded count    : 0
07/01 18:08:04 Load total sucessfull count :0
     first time count   : 0
     reload failed count: 0
     notloaded count    : 0
07/01 18:08:07 Load total sucessfull count :0
     first time count   : 0
     reload failed count: 0
     notloaded count    : 0
07/01 18:08:10 Load total sucessfull count :0
     first time count   : 0
     reload failed count: 0
     notloaded count    : 0
07/01 18:08:13 Load total sucessfull count :0
     first time count   : 0
     reload failed count: 0
     notloaded count    : 0
07/01 18:08:16 Load total sucessfull count :0
     first time count   : 0
     reload failed count: 0
     notloaded count    : 0
07/01 18:08:19 Load total sucessfull count :0
     first time count   : 0
     reload failed count: 0
     notloaded count    : 0
07/01 18:08:22 Load total sucessfull count :0
     first time count   : 0
     reload failed count: 0
     notloaded count    : 0
07/01 18:08:25 Load total sucessfull count :0
     first time count   : 0
     reload failed count: 0
     notloaded count    : 0
07/01 18:08:28 Load total sucessfull count :0
     first time count   : 0
     reload failed count: 0
     notloaded count    : 0
07/01 18:08:31 Load total sucessfull count :0
     first time count   : 0
     reload failed count: 0
     notloaded count    : 0
07/01 18:08:34 Load total sucessfull count :0
     first time count   : 0
     reload failed count: 0
     notloaded count    : 0
07/01 18:08:37 Load total sucessfull count :0
     first time count   : 0
     reload failed count: 0
     notloaded count    : 0
07/01 18:08:40 Load total sucessfull count :0
     first time count   : 0
     reload failed count: 0
     notloaded count    : 0
07/01 18:08:43 Load total sucessfull count :0
     first time count   : 0
     reload failed count: 0
     notloaded count    : 0
07/01 18:08:46 Load total sucessfull count :0
     first time count   : 0
     reload failed count: 0
     notloaded count    : 0
07/01 18:08:49 Load total sucessfull count :0
     first time count   : 0
     reload failed count: 0
     notloaded count    : 0
07/01 18:08:52 Load total sucessfull count :0
     first time count   : 0
     reload failed count: 0
     notloaded count    : 0
07/01 18:08:55 Load total sucessfull count :0
     first time count   : 0
     reload failed count: 0
     notloaded count    : 0
07/01 18:08:58 Load total sucessfull count :0
     first time count   : 0
     reload failed count: 0
     notloaded count    : 0
07/01 18:09:01 Load total sucessfull count :0
     first time count   : 0
     reload failed count: 0
     notloaded count    : 0
07/01 18:09:04 Load total sucessfull count :0
     first time count   : 0
     reload failed count: 0
     notloaded count    : 0
07/01 18:09:07 Load total sucessfull count :0
     first time count   : 0
     reload failed count: 0
     notloaded count    : 0
07/01 18:09:10 Load total sucessfull count :0
     first time count   : 0
     reload failed count: 0
     notloaded count    : 0
07/01 18:09:13 Load total sucessfull count :0
     first time count   : 0
     reload failed count: 0
     notloaded count    : 0
07/01 18:09:16 Load total sucessfull count :0
     first time count   : 0
     reload failed count: 0
     notloaded count    : 0
07/01 18:09:19 Load total sucessfull count :0
     first time count   : 0
     reload failed count: 0
     notloaded count    : 0
07/01 18:09:22 Load total sucessfull count :0
     first time count   : 0
     reload failed count: 0
     notloaded count    : 0
07/01 18:09:25 Load total sucessfull count :0
     first time count   : 0
     reload failed count: 0
     notloaded count    : 0
07/01 18:09:28 Load total sucessfull count :0
     first time count   : 0
     reload failed count: 0
     notloaded count    : 0
07/01 18:09:31 Load total sucessfull count :0
     first time count   : 0
     reload failed count: 0
     notloaded count    : 0
07/01 18:09:34 Load total sucessfull count :0
     first time count   : 0
     reload failed count: 0
     notloaded count    : 0
07/01 18:09:37 Load total sucessfull count :0
     first time count   : 0
     reload failed count: 0
     notloaded count    : 0
07/01 18:09:40 Load total sucessfull count :0
     first time count   : 0
     reload failed count: 0
     notloaded count    : 0
07/01 18:09:43 Load total sucessfull count :0
     first time count   : 0
     reload failed count: 0
     notloaded count    : 0
07/01 18:09:46 Load total sucessfull count :0
     first time count   : 0
     reload failed count: 0
     notloaded count    : 0
07/01 18:09:49 Load total sucessfull count :0
     first time count   : 0
     reload failed count: 0
     notloaded count    : 0
07/01 18:09:52 Load total sucessfull count :0
     first time count   : 0
     reload failed count: 0
     notloaded count    : 0
07/01 18:09:55 Load total sucessfull count :0
     first time count   : 0
     reload failed count: 0
     notloaded count    : 0
07/01 18:09:58 Load total sucessfull count :0
     first time count   : 0
     reload failed count: 0
     notloaded count    : 0
07/01 18:10:01 Load total sucessfull count :0
     first time count   : 0
     reload failed count: 0
     notloaded count    : 0
07/01 18:10:04 Load total sucessfull count :0
     first time count   : 0
     reload failed count: 0
     notloaded count    : 0
07/01 18:10:07 Load total sucessfull count :0
     first time count   : 0
     reload failed count: 0
     notloaded count    : 0
07/01 18:10:10 Load total sucessfull count :0
     first time count   : 0
     reload failed count: 0
     notloaded count    : 0
07/01 18:10:13 Load total sucessfull count :0
     first time count   : 0
     reload failed count: 0
     notloaded count    : 0
07/01 18:10:16 Load total sucessfull count :0
     first time count   : 0
     reload failed count: 0
     notloaded count    : 0
07/01 18:10:19 Load total sucessfull count :0
     first time count   : 0
     reload failed count: 0
     notloaded count    : 0
07/01 18:10:22 Load total sucessfull count :0
     first time count   : 0
     reload failed count: 0
     notloaded count    : 0
07/01 18:10:25 Load total sucessfull count :0
     first time count   : 0
     reload failed count: 0
     notloaded count    : 0
07/01 18:10:28 Load total sucessfull count :0
     first time count   : 0
     reload failed count: 0
     notloaded count    : 0
07/01 18:10:31 Load total sucessfull count :0
     first time count   : 0
     reload failed count: 0
     notloaded count    : 0
07/01 18:10:34 Load total sucessfull count :0
     first time count   : 0
     reload failed count: 0
     notloaded count    : 0
07/01 18:10:37 Load total sucessfull count :0
     first time count   : 0
     reload failed count: 0
     notloaded count    : 0
07/01 18:10:40 Load total sucessfull count :0
     first time count   : 0
     reload failed count: 0
     notloaded count    : 0
07/01 18:10:43 Load total sucessfull count :0
     first time count   : 0
     reload failed count: 0
     notloaded count    : 0
07/01 18:10:46 Load total sucessfull count :0
     first time count   : 0
     reload failed count: 0
     notloaded count    : 0
07/01 18:10:49 Load total sucessfull count :0
     first time count   : 0
     reload failed count: 0
     notloaded count    : 0
07/01 18:10:52 Load total sucessfull count :0
     first time count   : 0
     reload failed count: 0
     notloaded count    : 0
07/01 18:10:55 Load total sucessfull count :0
     first time count   : 0
     reload failed count: 0
     notloaded count    : 0
07/01 18:10:58 Load total sucessfull count :0
     first time count   : 0
     reload failed count: 0
     notloaded count    : 0
07/01 18:11:01 Load total sucessfull count :0
     first time count   : 0
     reload failed count: 0
     notloaded count    : 0
07/01 18:11:04 Load total sucessfull count :0
     first time count   : 0
     reload failed count: 0
     notloaded count    : 0
07/01 18:11:07 Load total sucessfull count :0
     first time count   : 0
     reload failed count: 0
     notloaded count    : 0
07/01 18:11:10 Load total sucessfull count :0
     first time count   : 0
     reload failed count: 0
     notloaded count    : 0
07/01 18:11:13 Load total sucessfull count :0
     first time count   : 0
     reload failed count: 0
     notloaded count    : 0
07/01 18:11:16 Load total sucessfull count :0
     first time count   : 0
     reload failed count: 0
     notloaded count    : 0
07/01 18:11:19 Load total sucessfull count :0
     first time count   : 0
     reload failed count: 0
     notloaded count    : 0
07/01 18:11:22 Load total sucessfull count :0
     first time count   : 0
     reload failed count: 0
     notloaded count    : 0
07/01 18:11:25 Load total sucessfull count :0
     first time count   : 0
     reload failed count: 0
     notloaded count    : 0
07/01 18:11:28 Load total sucessfull count :0
     first time count   : 0
     reload failed count: 0
     notloaded count    : 0
07/01 18:11:31 Load total sucessfull count :0
     first time count   : 0
     reload failed count: 0
     notloaded count    : 0
07/01 18:11:34 Load total sucessfull count :0
     first time count   : 0
     reload failed count: 0
     notloaded count    : 0
07/01 18:11:37 Load total sucessfull count :0
     first time count   : 0
     reload failed count: 0
     notloaded count    : 0
07/01 18:11:40 Load total sucessfull count :0
     first time count   : 0
     reload failed count: 0
     notloaded count    : 0
07/01 18:11:43 Load total sucessfull count :0
     first time count   : 0
     reload failed count: 0
     notloaded count    : 0
07/01 18:11:46 Load total sucessfull count :0
     first time count   : 0
     reload failed count: 0
     notloaded count    : 0
07/01 18:11:49 Load total sucessfull count :0
     first time count   : 0
     reload failed count: 0
     notloaded count    : 0
07/01 18:11:52 Load total sucessfull count :0
     first time count   : 0
     reload failed count: 0
     notloaded count    : 0
07/01 18:11:55 Load total sucessfull count :0
     first time count   : 0
     reload failed count: 0
     notloaded count    : 0
07/01 18:11:58 Load total sucessfull count :0
     first time count   : 0
     reload failed count: 0
     notloaded count    : 0
07/01 18:12:01 Load total sucessfull count :0
     first time count   : 0
     reload failed count: 0
     notloaded count    : 0
07/01 18:12:04 Load total sucessfull count :0
     first time count   : 0
     reload failed count: 0
     notloaded count    : 0
07/01 18:12:07 Load total sucessfull count :0
     first time count   : 0
     reload failed count: 0
     notloaded count    : 0
07/01 18:12:10 Load total sucessfull count :0
     first time count   : 0
     reload failed count: 0
     notloaded count    : 0
07/01 18:12:13 Load total sucessfull count :0
     first time count   : 0
     reload failed count: 0
     notloaded count    : 0
07/01 18:12:16 Load total sucessfull count :0
     first time count   : 0
     reload failed count: 0
     notloaded count    : 0
07/01 18:12:19 Load total sucessfull count :0
     first time count   : 0
     reload failed count: 0
     notloaded count    : 0
07/01 18:12:22 Load total sucessfull count :0
     first time count   : 0
     reload failed count: 0
     notloaded count    : 0
07/01 18:12:25 Load total sucessfull count :0
     first time count   : 0
     reload failed count: 0
     notloaded count    : 0
07/01 18:12:28 Load total sucessfull count :0
     first time count   : 0
     reload failed count: 0
     notloaded count    : 0
07/01 18:12:31 Load total sucessfull count :0
     first time count   : 0
     reload failed count: 0
     notloaded count    : 0
07/01 18:12:34 Load total sucessfull count :0
     first time count   : 0
     reload failed count: 0
     notloaded count    : 0
07/01 18:12:37 Load total sucessfull count :0
     first time count   : 0
     reload failed count: 0
     notloaded count    : 0
07/01 18:12:40 Load total sucessfull count :0
     first time count   : 0
     reload failed count: 0
     notloaded count    : 0
07/01 18:12:43 Load total sucessfull count :0
     first time count   : 0
     reload failed count: 0
     notloaded count    : 0
07/01 18:12:46 Load total sucessfull count :0
     first time count   : 0
     reload failed count: 0
     notloaded count    : 0
07/01 18:12:49 Load total sucessfull count :0
     first time count   : 0
     reload failed count: 0
     notloaded count    : 0
07/01 18:12:52 Load total sucessfull count :0
     first time count   : 0
     reload failed count: 0
     notloaded count    : 0
07/01 18:12:55 Load total sucessfull count :0
     first time count   : 0
     reload failed count: 0
     notloaded count    : 0
07/01 18:12:58 Load total sucessfull count :0
     first time count   : 0
     reload failed count: 0
     notloaded count    : 0
07/01 18:13:01 Load total sucessfull count :0
     first time count   : 0
     reload failed count: 0
     notloaded count    : 0
07/01 18:13:04 Load total sucessfull count :0
     first time count   : 0
     reload failed count: 0
     notloaded count    : 0
07/01 18:13:07 Load total sucessfull count :0
     first time count   : 0
     reload failed count: 0
     notloaded count    : 0
07/01 18:13:10 Load total sucessfull count :0
     first time count   : 0
     reload failed count: 0
     notloaded count    : 0
07/01 18:13:13 Load total sucessfull count :0
     first time count   : 0
     reload failed count: 0
     notloaded count    : 0
07/01 18:13:16 Load total sucessfull count :0
     first time count   : 0
     reload failed count: 0
     notloaded count    : 0
07/01 18:13:19 Load total sucessfull count :0
     first time count   : 0
     reload failed count: 0
     notloaded count    : 0
07/01 18:13:22 Load total sucessfull count :0
     first time count   : 0
     reload failed count: 0
     notloaded count    : 0
07/01 18:13:26 Load total sucessfull count :0
     first time count   : 0
     reload failed count: 0
     notloaded count    : 0
07/01 18:13:29 Load total sucessfull count :0
     first time count   : 0
     reload failed count: 0
     notloaded count    : 0
07/01 18:13:32 Load total sucessfull count :0
     first time count   : 0
     reload failed count: 0
     notloaded count    : 0
07/01 18:13:35 Load total sucessfull count :0
     first time count   : 0
     reload failed count: 0
     notloaded count    : 0
07/01 18:13:38 Load total sucessfull count :0
     first time count   : 0
     reload failed count: 0
     notloaded count    : 0
07/01 18:13:41 Load total sucessfull count :0
     first time count   : 0
     reload failed count: 0
     notloaded count    : 0
07/01 18:13:44 Load total sucessfull count :0
     first time count   : 0
     reload failed count: 0
     notloaded count    : 0
07/01 18:13:47 Load total sucessfull count :0
     first time count   : 0
     reload failed count: 0
     notloaded count    : 0
07/01 18:13:50 Load total sucessfull count :0
     first time count   : 0
     reload failed count: 0
     notloaded count    : 0
07/01 18:13:53 Load total sucessfull count :0
     first time count   : 0
     reload failed count: 0
     notloaded count    : 0
07/01 18:13:56 Load total sucessfull count :0
     first time count   : 0
     reload failed count: 0
     notloaded count    : 0
07/01 18:13:59 Load total sucessfull count :0
     first time count   : 0
     reload failed count: 0
     notloaded count    : 0
07/01 18:14:02 Load total sucessfull count :0
     first time count   : 0
     reload failed count: 0
     notloaded count    : 0
07/01 18:14:05 Load total sucessfull count :0
     first time count   : 0
     reload failed count: 0
     notloaded count    : 0
07/01 18:14:08 Load total sucessfull count :0
     first time count   : 0
     reload failed count: 0
     notloaded count    : 0
07/01 18:14:11 Load total sucessfull count :0
     first time count   : 0
     reload failed count: 0
     notloaded count    : 0
07/01 18:14:14 Load total sucessfull count :0
     first time count   : 0
     reload failed count: 0
     notloaded count    : 0
07/01 18:14:17 Load total sucessfull count :0
     first time count   : 0
     reload failed count: 0
     notloaded count    : 0
07/01 18:14:20 Load total sucessfull count :0
     first time count   : 0
     reload failed count: 0
     notloaded count    : 0
07/01 18:14:23 Load total sucessfull count :0
     first time count   : 0
     reload failed count: 0
     notloaded count    : 0
07/01 18:14:26 Load total sucessfull count :0
     first time count   : 0
     reload failed count: 0
     notloaded count    : 0
07/01 18:14:29 Load total sucessfull count :0
     first time count   : 0
     reload failed count: 0
     notloaded count    : 0
07/01 18:14:32 Load total sucessfull count :0
     first time count   : 0
     reload failed count: 0
     notloaded count    : 0
07/01 18:14:35 Load total sucessfull count :0
     first time count   : 0
     reload failed count: 0
     notloaded count    : 0
07/01 18:14:38 Load total sucessfull count :0
     first time count   : 0
     reload failed count: 0
     notloaded count    : 0
07/01 18:14:41 Load total sucessfull count :0
     first time count   : 0
     reload failed count: 0
     notloaded count    : 0
07/01 18:14:44 Load total sucessfull count :0
     first time count   : 0
     reload failed count: 0
     notloaded count    : 0
07/01 18:14:47 Load total sucessfull count :0
     first time count   : 0
     reload failed count: 0
     notloaded count    : 0
07/01 18:14:50 Load total sucessfull count :0
     first time count   : 0
     reload failed count: 0
     notloaded count    : 0
07/01 18:14:53 Load total sucessfull count :0
     first time count   : 0
     reload failed count: 0
     notloaded count    : 0
07/01 18:14:56 Load total sucessfull count :0
     first time count   : 0
     reload failed count: 0
     notloaded count    : 0
07/01 18:14:59 Load total sucessfull count :0
     first time count   : 0
     reload failed count: 0
     notloaded count    : 0
07/01 18:15:02 Load total sucessfull count :0
     first time count   : 0
     reload failed count: 0
     notloaded count    : 0
07/01 18:15:05 Load total sucessfull count :0
     first time count   : 0
     reload failed count: 0
     notloaded count    : 0
07/01 18:15:08 Load total sucessfull count :0
     first time count   : 0
     reload failed count: 0
     notloaded count    : 0
07/01 18:15:11 Load total sucessfull count :0
     first time count   : 0
     reload failed count: 0
     notloaded count    : 0
07/01 18:15:14 Load total sucessfull count :0
     first time count   : 0
     reload failed count: 0
     notloaded count    : 0
07/01 18:15:17 Load total sucessfull count :0
     first time count   : 0
     reload failed count: 0
     notloaded count    : 0
07/01 18:15:20 Load total sucessfull count :0
     first time count   : 0
     reload failed count: 0
     notloaded count    : 0
07/01 18:15:23 Load total sucessfull count :0
     first time count   : 0
     reload failed count: 0
     notloaded count    : 0
07/01 18:15:26 Load total sucessfull count :0
     first time count   : 0
     reload failed count: 0
     notloaded count    : 0
07/01 18:15:29 Load total sucessfull count :0
     first time count   : 0
     reload failed count: 0
     notloaded count    : 0
07/01 18:15:32 Load total sucessfull count :0
     first time count   : 0
     reload failed count: 0
     notloaded count    : 0
07/01 18:15:35 Load total sucessfull count :0
     first time count   : 0
     reload failed count: 0
     notloaded count    : 0
07/01 18:15:38 Load total sucessfull count :0
     first time count   : 0
     reload failed count: 0
     notloaded count    : 0
07/01 18:15:41 Load total sucessfull count :0
     first time count   : 0
     reload failed count: 0
     notloaded count    : 0
07/01 18:15:44 Load total sucessfull count :0
     first time count   : 0
     reload failed count: 0
     notloaded count    : 0
07/01 18:15:47 Load total sucessfull count :0
     first time count   : 0
     reload failed count: 0
     notloaded count    : 0
07/01 18:15:50 Load total sucessfull count :0
     first time count   : 0
     reload failed count: 0
     notloaded count    : 0
07/01 18:15:53 Load total sucessfull count :0
     first time count   : 0
     reload failed count: 0
     notloaded count    : 0
07/01 18:15:56 Load total sucessfull count :0
     first time count   : 0
     reload failed count: 0
     notloaded count    : 0
07/01 18:15:59 Load total sucessfull count :0
     first time count   : 0
     reload failed count: 0
     notloaded count    : 0
07/01 18:16:02 Load total sucessfull count :0
     first time count   : 0
     reload failed count: 0
     notloaded count    : 0
07/01 18:16:05 Load total sucessfull count :0
     first time count   : 0
     reload failed count: 0
     notloaded count    : 0
07/01 18:16:08 Load total sucessfull count :0
     first time count   : 0
     reload failed count: 0
     notloaded count    : 0
07/01 18:16:11 Load total sucessfull count :0
     first time count   : 0
     reload failed count: 0
     notloaded count    : 0
07/01 18:16:14 Load total sucessfull count :0
     first time count   : 0
     reload failed count: 0
     notloaded count    : 0
07/01 18:16:17 Load total sucessfull count :0
     first time count   : 0
     reload failed count: 0
     notloaded count    : 0
07/01 18:16:20 Load total sucessfull count :0
     first time count   : 0
     reload failed count: 0
     notloaded count    : 0
07/01 18:16:23 Load total sucessfull count :0
     first time count   : 0
     reload failed count: 0
     notloaded count    : 0
07/01 18:16:26 Load total sucessfull count :0
     first time count   : 0
     reload failed count: 0
     notloaded count    : 0
07/01 18:16:29 Load total sucessfull count :0
     first time count   : 0
     reload failed count: 0
     notloaded count    : 0
07/01 18:16:32 Load total sucessfull count :0
     first time count   : 0
     reload failed count: 0
     notloaded count    : 0
07/01 18:16:35 Load total sucessfull count :0
     first time count   : 0
     reload failed count: 0
     notloaded count    : 0
07/01 18:16:38 Load total sucessfull count :0
     first time count   : 0
     reload failed count: 0
     notloaded count    : 0
07/01 18:16:41 Load total sucessfull count :0
     first time count   : 0
     reload failed count: 0
     notloaded count    : 0
07/01 18:16:44 Load total sucessfull count :0
     first time count   : 0
     reload failed count: 0
     notloaded count    : 0
07/01 18:16:47 Load total sucessfull count :0
     first time count   : 0
     reload failed count: 0
     notloaded count    : 0
07/01 18:16:50 Load total sucessfull count :0
     first time count   : 0
     reload failed count: 0
     notloaded count    : 0
07/01 18:16:53 Load total sucessfull count :0
     first time count   : 0
     reload failed count: 0
     notloaded count    : 0
07/01 18:16:56 Load total sucessfull count :0
     first time count   : 0
     reload failed count: 0
     notloaded count    : 0
07/01 18:16:59 Load total sucessfull count :0
     first time count   : 0
     reload failed count: 0
     notloaded count    : 0
07/01 18:17:02 Load total sucessfull count :0
     first time count   : 0
     reload failed count: 0
     notloaded count    : 0
07/01 18:17:05 Load total sucessfull count :0
     first time count   : 0
     reload failed count: 0
     notloaded count    : 0
07/01 18:17:08 Load total sucessfull count :0
     first time count   : 0
     reload failed count: 0
     notloaded count    : 0
07/01 18:17:11 Load total sucessfull count :0
     first time count   : 0
     reload failed count: 0
     notloaded count    : 0
07/01 18:17:14 Load total sucessfull count :0
     first time count   : 0
     reload failed count: 0
     notloaded count    : 0
07/01 18:17:17 Load total sucessfull count :0
     first time count   : 0
     reload failed count: 0
     notloaded count    : 0
07/01 18:17:20 Load total sucessfull count :0
     first time count   : 0
     reload failed count: 0
     notloaded count    : 0
07/01 18:17:23 Load total sucessfull count :0
     first time count   : 0
     reload failed count: 0
     notloaded count    : 0
07/01 18:17:26 Load total sucessfull count :0
     first time count   : 0
     reload failed count: 0
     notloaded count    : 0
07/01 18:17:29 Load total sucessfull count :0
     first time count   : 0
     reload failed count: 0
     notloaded count    : 0
07/01 18:17:32 Load total sucessfull count :0
     first time count   : 0
     reload failed count: 0
     notloaded count    : 0
07/01 18:17:35 Load total sucessfull count :0
     first time count   : 0
     reload failed count: 0
     notloaded count    : 0
07/01 18:17:38 Load total sucessfull count :0
     first time count   : 0
     reload failed count: 0
     notloaded count    : 0
07/01 18:17:41 Load total sucessfull count :0
     first time count   : 0
     reload failed count: 0
     notloaded count    : 0
07/01 18:17:44 Load total sucessfull count :0
     first time count   : 0
     reload failed count: 0
     notloaded count    : 0
07/01 18:17:47 Load total sucessfull count :0
     first time count   : 0
     reload failed count: 0
     notloaded count    : 0
07/01 18:17:50 Load total sucessfull count :0
     first time count   : 0
     reload failed count: 0
     notloaded count    : 0
07/01 18:17:53 Load total sucessfull count :0
     first time count   : 0
     reload failed count: 0
     notloaded count    : 0
07/01 18:17:56 Load total sucessfull count :0
     first time count   : 0
     reload failed count: 0
     notloaded count    : 0
07/01 18:17:59 Load total sucessfull count :0
     first time count   : 0
     reload failed count: 0
     notloaded count    : 0
07/01 18:18:02 Load total sucessfull count :0
     first time count   : 0
     reload failed count: 0
     notloaded count    : 0
07/01 18:18:05 Load total sucessfull count :0
     first time count   : 0
     reload failed count: 0
     notloaded count    : 0
07/01 18:18:08 Load total sucessfull count :0
     first time count   : 0
     reload failed count: 0
     notloaded count    : 0
07/01 18:18:11 Load total sucessfull count :0
     first time count   : 0
     reload failed count: 0
     notloaded count    : 0
07/01 18:18:14 Load total sucessfull count :0
     first time count   : 0
     reload failed count: 0
     notloaded count    : 0
07/01 18:18:17 Load total sucessfull count :0
     first time count   : 0
     reload failed count: 0
     notloaded count    : 0
07/01 18:18:20 Load total sucessfull count :0
     first time count   : 0
     reload failed count: 0
     notloaded count    : 0
07/01 18:18:23 Load total sucessfull count :0
     first time count   : 0
     reload failed count: 0
     notloaded count    : 0
07/01 18:18:26 Load total sucessfull count :0
     first time count   : 0
     reload failed count: 0
     notloaded count    : 0
07/01 18:18:29 Load total sucessfull count :0
     first time count   : 0
     reload failed count: 0
     notloaded count    : 0
07/01 18:18:32 Load total sucessfull count :0
     first time count   : 0
     reload failed count: 0
     notloaded count    : 0
07/01 18:18:35 Load total sucessfull count :0
     first time count   : 0
     reload failed count: 0
     notloaded count    : 0
07/01 18:18:38 Load total sucessfull count :0
     first time count   : 0
     reload failed count: 0
     notloaded count    : 0
07/01 18:18:41 Load total sucessfull count :0
     first time count   : 0
     reload failed count: 0
     notloaded count    : 0
07/01 18:18:44 Load total sucessfull count :0
     first time count   : 0
     reload failed count: 0
     notloaded count    : 0
07/01 18:18:47 Load total sucessfull count :0
     first time count   : 0
     reload failed count: 0
     notloaded count    : 0
07/01 18:18:50 Load total sucessfull count :0
     first time count   : 0
     reload failed count: 0
     notloaded count    : 0
07/01 18:18:53 Load total sucessfull count :0
     first time count   : 0
     reload failed count: 0
     notloaded count    : 0
07/01 18:18:56 Load total sucessfull count :0
     first time count   : 0
     reload failed count: 0
     notloaded count    : 0
07/01 18:18:59 Load total sucessfull count :0
     first time count   : 0
     reload failed count: 0
     notloaded count    : 0
07/01 18:19:02 Load total sucessfull count :0
     first time count   : 0
     reload failed count: 0
     notloaded count    : 0
07/01 18:19:05 Load total sucessfull count :0
     first time count   : 0
     reload failed count: 0
     notloaded count    : 0
07/01 18:19:08 Load total sucessfull count :0
     first time count   : 0
     reload failed count: 0
     notloaded count    : 0
07/01 18:19:11 Load total sucessfull count :0
     first time count   : 0
     reload failed count: 0
     notloaded count    : 0
07/01 18:19:14 Load total sucessfull count :0
     first time count   : 0
     reload failed count: 0
     notloaded count    : 0
07/01 18:19:17 Load total sucessfull count :0
     first time count   : 0
     reload failed count: 0
     notloaded count    : 0
07/01 18:19:20 Load total sucessfull count :0
     first time count   : 0
     reload failed count: 0
     notloaded count    : 0
07/01 18:19:23 Load total sucessfull count :0
     first time count   : 0
     reload failed count: 0
     notloaded count    : 0
07/01 18:19:26 Load total sucessfull count :0
     first time count   : 0
     reload failed count: 0
     notloaded count    : 0
07/01 18:19:29 Load total sucessfull count :0
     first time count   : 0
     reload failed count: 0
     notloaded count    : 0
07/01 18:19:32 Load total sucessfull count :0
     first time count   : 0
     reload failed count: 0
     notloaded count    : 0
07/01 18:19:35 Load total sucessfull count :0
     first time count   : 0
     reload failed count: 0
     notloaded count    : 0
07/01 18:19:38 Load total sucessfull count :0
     first time count   : 0
     reload failed count: 0
     notloaded count    : 0
07/01 18:19:41 Load total sucessfull count :0
     first time count   : 0
     reload failed count: 0
     notloaded count    : 0
07/01 18:19:44 Load total sucessfull count :0
     first time count   : 0
     reload failed count: 0
     notloaded count    : 0
07/01 18:19:47 Load total sucessfull count :0
     first time count   : 0
     reload failed count: 0
     notloaded count    : 0
07/01 18:19:50 Load total sucessfull count :0
     first time count   : 0
     reload failed count: 0
     notloaded count    : 0
07/01 18:19:53 Load total sucessfull count :0
     first time count   : 0
     reload failed count: 0
     notloaded count    : 0
07/01 18:19:56 Load total sucessfull count :0
     first time count   : 0
     reload failed count: 0
     notloaded count    : 0
07/01 18:19:59 Load total sucessfull count :0
     first time count   : 0
     reload failed count: 0
     notloaded count    : 0
07/01 18:20:02 Load total sucessfull count :0
     first time count   : 0
     reload failed count: 0
     notloaded count    : 0
07/01 18:20:05 Load total sucessfull count :0
     first time count   : 0
     reload failed count: 0
     notloaded count    : 0
07/01 18:20:08 Load total sucessfull count :0
     first time count   : 0
     reload failed count: 0
     notloaded count    : 0
07/01 18:20:11 Load total sucessfull count :0
     first time count   : 0
     reload failed count: 0
     notloaded count    : 0
07/01 18:20:14 Load total sucessfull count :0
     first time count   : 0
     reload failed count: 0
     notloaded count    : 0
07/01 18:20:17 Load total sucessfull count :0
     first time count   : 0
     reload failed count: 0
     notloaded count    : 0
07/01 18:20:20 Load total sucessfull count :0
     first time count   : 0
     reload failed count: 0
     notloaded count    : 0
07/01 18:20:23 Load total sucessfull count :0
     first time count   : 0
     reload failed count: 0
     notloaded count    : 0
07/01 18:20:26 Load total sucessfull count :0
     first time count   : 0
     reload failed count: 0
     notloaded count    : 0
07/01 18:20:29 Load total sucessfull count :0
     first time count   : 0
     reload failed count: 0
     notloaded count    : 0
07/01 18:20:32 Load total sucessfull count :0
     first time count   : 0
     reload failed count: 0
     notloaded count    : 0
07/01 18:20:35 Load total sucessfull count :0
     first time count   : 0
     reload failed count: 0
     notloaded count    : 0
07/01 18:20:39 Load total sucessfull count :0
     first time count   : 0
     reload failed count: 0
     notloaded count    : 0
07/01 18:20:42 Load total sucessfull count :0
     first time count   : 0
     reload failed count: 0
     notloaded count    : 0
07/01 18:20:45 Load total sucessfull count :0
     first time count   : 0
     reload failed count: 0
     notloaded count    : 0
07/01 18:20:48 Load total sucessfull count :0
     first time count   : 0
     reload failed count: 0
     notloaded count    : 0
07/01 18:20:51 Load total sucessfull count :0
     first time count   : 0
     reload failed count: 0
     notloaded count    : 0
07/01 18:20:54 Load total sucessfull count :0
     first time count   : 0
     reload failed count: 0
     notloaded count    : 0
07/01 18:20:57 Load total sucessfull count :0
     first time count   : 0
     reload failed count: 0
     notloaded count    : 0
07/01 18:21:00 Load total sucessfull count :0
     first time count   : 0
     reload failed count: 0
     notloaded count    : 0
07/01 18:21:03 Load total sucessfull count :0
     first time count   : 0
     reload failed count: 0
     notloaded count    : 0
07/01 18:21:06 Load total sucessfull count :0
     first time count   : 0
     reload failed count: 0
     notloaded count    : 0
07/01 18:21:09 Load total sucessfull count :0
     first time count   : 0
     reload failed count: 0
     notloaded count    : 0
07/01 18:21:12 Load total sucessfull count :0
     first time count   : 0
     reload failed count: 0
     notloaded count    : 0
07/01 18:21:15 Load total sucessfull count :0
     first time count   : 0
     reload failed count: 0
     notloaded count    : 0
07/01 18:21:18 Load total sucessfull count :0
     first time count   : 0
     reload failed count: 0
     notloaded count    : 0
07/01 18:21:21 Load total sucessfull count :0
     first time count   : 0
     reload failed count: 0
     notloaded count    : 0
07/01 18:21:24 Load total sucessfull count :0
     first time count   : 0
     reload failed count: 0
     notloaded count    : 0
07/01 18:21:27 Load total sucessfull count :0
     first time count   : 0
     reload failed count: 0
     notloaded count    : 0
07/01 18:21:30 Load total sucessfull count :0
     first time count   : 0
     reload failed count: 0
     notloaded count    : 0
07/01 18:21:33 Load total sucessfull count :0
     first time count   : 0
     reload failed count: 0
     notloaded count    : 0
07/01 18:21:36 Load total sucessfull count :0
     first time count   : 0
     reload failed count: 0
     notloaded count    : 0
07/01 18:21:39 Load total sucessfull count :0
     first time count   : 0
     reload failed count: 0
     notloaded count    : 0
07/01 18:21:42 Load total sucessfull count :0
     first time count   : 0
     reload failed count: 0
     notloaded count    : 0
07/01 18:21:45 Load total sucessfull count :0
     first time count   : 0
     reload failed count: 0
     notloaded count    : 0
07/01 18:21:48 Load total sucessfull count :0
     first time count   : 0
     reload failed count: 0
     notloaded count    : 0
07/01 18:21:51 Load total sucessfull count :0
     first time count   : 0
     reload failed count: 0
     notloaded count    : 0
07/01 18:21:54 Load total sucessfull count :0
     first time count   : 0
     reload failed count: 0
     notloaded count    : 0
07/01 18:21:57 Load total sucessfull count :0
     first time count   : 0
     reload failed count: 0
     notloaded count    : 0
07/01 18:22:00 Load total sucessfull count :0
     first time count   : 0
     reload failed count: 0
     notloaded count    : 0
07/01 18:22:03 Load total sucessfull count :0
     first time count   : 0
     reload failed count: 0
     notloaded count    : 0
07/01 18:22:06 Load total sucessfull count :0
     first time count   : 0
     reload failed count: 0
     notloaded count    : 0
07/01 18:22:09 Load total sucessfull count :0
     first time count   : 0
     reload failed count: 0
     notloaded count    : 0
07/01 18:22:12 Load total sucessfull count :0
     first time count   : 0
     reload failed count: 0
     notloaded count    : 0
07/01 18:22:15 Load total sucessfull count :0
     first time count   : 0
     reload failed count: 0
     notloaded count    : 0
07/01 18:22:18 Load total sucessfull count :0
     first time count   : 0
     reload failed count: 0
     notloaded count    : 0
07/01 18:22:21 Load total sucessfull count :0
     first time count   : 0
     reload failed count: 0
     notloaded count    : 0
07/01 18:22:24 Load total sucessfull count :0
     first time count   : 0
     reload failed count: 0
     notloaded count    : 0
07/01 18:22:27 Load total sucessfull count :0
     first time count   : 0
     reload failed count: 0
     notloaded count    : 0
07/01 18:22:30 Load total sucessfull count :0
     first time count   : 0
     reload failed count: 0
     notloaded count    : 0
07/01 18:22:33 Load total sucessfull count :0
     first time count   : 0
     reload failed count: 0
     notloaded count    : 0
07/01 18:22:36 Load total sucessfull count :0
     first time count   : 0
     reload failed count: 0
     notloaded count    : 0
07/01 18:22:39 Load total sucessfull count :0
     first time count   : 0
     reload failed count: 0
     notloaded count    : 0
07/01 18:22:42 Load total sucessfull count :0
     first time count   : 0
     reload failed count: 0
     notloaded count    : 0
07/01 18:22:45 Load total sucessfull count :0
     first time count   : 0
     reload failed count: 0
     notloaded count    : 0
07/01 18:22:48 Load total sucessfull count :0
     first time count   : 0
     reload failed count: 0
     notloaded count    : 0
07/01 18:22:51 Load total sucessfull count :0
     first time count   : 0
     reload failed count: 0
     notloaded count    : 0
07/01 18:22:54 Load total sucessfull count :0
     first time count   : 0
     reload failed count: 0
     notloaded count    : 0
07/01 18:22:57 Load total sucessfull count :0
     first time count   : 0
     reload failed count: 0
     notloaded count    : 0
07/01 18:23:00 Load total sucessfull count :0
     first time count   : 0
     reload failed count: 0
     notloaded count    : 0
07/01 18:23:03 Load total sucessfull count :0
     first time count   : 0
     reload failed count: 0
     notloaded count    : 0
07/01 18:23:06 Load total sucessfull count :0
     first time count   : 0
     reload failed count: 0
     notloaded count    : 0
07/01 18:23:09 Load total sucessfull count :0
     first time count   : 0
     reload failed count: 0
     notloaded count    : 0
07/01 18:23:12 Load total sucessfull count :0
     first time count   : 0
     reload failed count: 0
     notloaded count    : 0
07/01 18:23:15 Load total sucessfull count :0
     first time count   : 0
     reload failed count: 0
     notloaded count    : 0
07/01 18:23:18 Load total sucessfull count :0
     first time count   : 0
     reload failed count: 0
     notloaded count    : 0
07/01 18:23:21 Load total sucessfull count :0
     first time count   : 0
     reload failed count: 0
     notloaded count    : 0
07/01 18:23:24 Load total sucessfull count :0
     first time count   : 0
     reload failed count: 0
     notloaded count    : 0
07/01 18:23:27 Load total sucessfull count :0
     first time count   : 0
     reload failed count: 0
     notloaded count    : 0
07/01 18:23:30 Load total sucessfull count :0
     first time count   : 0
     reload failed count: 0
     notloaded count    : 0
07/01 18:23:33 Load total sucessfull count :0
     first time count   : 0
     reload failed count: 0
     notloaded count    : 0
07/01 18:23:36 Load total sucessfull count :0
     first time count   : 0
     reload failed count: 0
     notloaded count    : 0
07/01 18:23:39 Load total sucessfull count :0
     first time count   : 0
     reload failed count: 0
     notloaded count    : 0
07/01 18:23:42 Load total sucessfull count :0
     first time count   : 0
     reload failed count: 0
     notloaded count    : 0
07/01 18:23:45 Load total sucessfull count :0
     first time count   : 0
     reload failed count: 0
     notloaded count    : 0
07/01 18:23:48 Load total sucessfull count :0
     first time count   : 0
     reload failed count: 0
     notloaded count    : 0
07/01 18:23:51 Load total sucessfull count :0
     first time count   : 0
     reload failed count: 0
     notloaded count    : 0
07/01 18:23:54 Load total sucessfull count :0
     first time count   : 0
     reload failed count: 0
     notloaded count    : 0
07/01 18:23:57 Load total sucessfull count :0
     first time count   : 0
     reload failed count: 0
     notloaded count    : 0
07/01 18:24:00 Load total sucessfull count :0
     first time count   : 0
     reload failed count: 0
     notloaded count    : 0
07/01 18:24:03 Load total sucessfull count :0
     first time count   : 0
     reload failed count: 0
     notloaded count    : 0
07/01 18:24:06 Load total sucessfull count :0
     first time count   : 0
     reload failed count: 0
     notloaded count    : 0
07/01 18:24:09 Load total sucessfull count :0
     first time count   : 0
     reload failed count: 0
     notloaded count    : 0
07/01 18:24:12 Load total sucessfull count :0
     first time count   : 0
     reload failed count: 0
     notloaded count    : 0
07/01 18:24:15 Load total sucessfull count :0
     first time count   : 0
     reload failed count: 0
     notloaded count    : 0
07/01 18:24:18 Load total sucessfull count :0
     first time count   : 0
     reload failed count: 0
     notloaded count    : 0
07/01 18:24:21 Load total sucessfull count :0
     first time count   : 0
     reload failed count: 0
     notloaded count    : 0
07/01 18:24:24 Load total sucessfull count :0
     first time count   : 0
     reload failed count: 0
     notloaded count    : 0
07/01 18:24:27 Load total sucessfull count :0
     first time count   : 0
     reload failed count: 0
     notloaded count    : 0
07/01 18:24:30 Load total sucessfull count :0
     first time count   : 0
     reload failed count: 0
     notloaded count    : 0
07/01 18:24:33 Load total sucessfull count :0
     first time count   : 0
     reload failed count: 0
     notloaded count    : 0
07/01 18:24:36 Load total sucessfull count :0
     first time count   : 0
     reload failed count: 0
     notloaded count    : 0
07/01 18:24:39 Load total sucessfull count :0
     first time count   : 0
     reload failed count: 0
     notloaded count    : 0
07/01 18:24:42 Load total sucessfull count :0
     first time count   : 0
     reload failed count: 0
     notloaded count    : 0
07/01 18:24:45 Load total sucessfull count :0
     first time count   : 0
     reload failed count: 0
     notloaded count    : 0
07/01 18:24:48 Load total sucessfull count :0
     first time count   : 0
     reload failed count: 0
     notloaded count    : 0
07/01 18:24:51 Load total sucessfull count :0
     first time count   : 0
     reload failed count: 0
     notloaded count    : 0
07/01 18:24:54 Load total sucessfull count :0
     first time count   : 0
     reload failed count: 0
     notloaded count    : 0
07/01 18:24:57 Load total sucessfull count :0
     first time count   : 0
     reload failed count: 0
     notloaded count    : 0
07/01 18:25:00 Load total sucessfull count :0
     first time count   : 0
     reload failed count: 0
     notloaded count    : 0
07/01 18:25:03 Load total sucessfull count :0
     first time count   : 0
     reload failed count: 0
     notloaded count    : 0
07/01 18:25:06 Load total sucessfull count :0
     first time count   : 0
     reload failed count: 0
     notloaded count    : 0
07/01 18:25:09 Load total sucessfull count :0
     first time count   : 0
     reload failed count: 0
     notloaded count    : 0
07/01 18:25:12 Load total sucessfull count :0
     first time count   : 0
     reload failed count: 0
     notloaded count    : 0
07/01 18:25:15 Load total sucessfull count :0
     first time count   : 0
     reload failed count: 0
     notloaded count    : 0
07/01 18:25:18 Load total sucessfull count :0
     first time count   : 0
     reload failed count: 0
     notloaded count    : 0
07/01 18:25:21 Load total sucessfull count :0
     first time count   : 0
     reload failed count: 0
     notloaded count    : 0
07/01 18:25:24 Load total sucessfull count :0
     first time count   : 0
     reload failed count: 0
     notloaded count    : 0
07/01 18:25:27 Load total sucessfull count :0
     first time count   : 0
     reload failed count: 0
     notloaded count    : 0
07/01 18:25:30 Load total sucessfull count :0
     first time count   : 0
     reload failed count: 0
     notloaded count    : 0
07/01 18:25:33 Load total sucessfull count :0
     first time count   : 0
     reload failed count: 0
     notloaded count    : 0
07/01 18:25:36 Load total sucessfull count :0
     first time count   : 0
     reload failed count: 0
     notloaded count    : 0
07/01 18:25:39 Load total sucessfull count :0
     first time count   : 0
     reload failed count: 0
     notloaded count    : 0
07/01 18:25:42 Load total sucessfull count :0
     first time count   : 0
     reload failed count: 0
     notloaded count    : 0
07/01 18:25:45 Load total sucessfull count :0
     first time count   : 0
     reload failed count: 0
     notloaded count    : 0
07/01 18:25:48 Load total sucessfull count :0
     first time count   : 0
     reload failed count: 0
     notloaded count    : 0
07/01 18:25:51 Load total sucessfull count :0
     first time count   : 0
     reload failed count: 0
     notloaded count    : 0
07/01 18:25:54 Load total sucessfull count :0
     first time count   : 0
     reload failed count: 0
     notloaded count    : 0
07/01 18:25:57 Load total sucessfull count :0
     first time count   : 0
     reload failed count: 0
     notloaded count    : 0
07/01 18:26:00 Load total sucessfull count :0
     first time count   : 0
     reload failed count: 0
     notloaded count    : 0
07/01 18:26:03 Load total sucessfull count :0
     first time count   : 0
     reload failed count: 0
     notloaded count    : 0
07/01 18:26:06 Load total sucessfull count :0
     first time count   : 0
     reload failed count: 0
     notloaded count    : 0
07/01 18:26:09 Load total sucessfull count :0
     first time count   : 0
     reload failed count: 0
     notloaded count    : 0
07/01 18:26:12 Load total sucessfull count :0
     first time count   : 0
     reload failed count: 0
     notloaded count    : 0
07/01 18:26:15 Load total sucessfull count :0
     first time count   : 0
     reload failed count: 0
     notloaded count    : 0
07/01 18:26:18 Load total sucessfull count :0
     first time count   : 0
     reload failed count: 0
     notloaded count    : 0
07/01 18:26:21 Load total sucessfull count :0
     first time count   : 0
     reload failed count: 0
     notloaded count    : 0
07/01 18:26:24 Load total sucessfull count :0
     first time count   : 0
     reload failed count: 0
     notloaded count    : 0
07/01 18:26:27 Load total sucessfull count :0
     first time count   : 0
     reload failed count: 0
     notloaded count    : 0
07/01 18:26:30 Load total sucessfull count :0
     first time count   : 0
     reload failed count: 0
     notloaded count    : 0
07/01 18:26:33 Load total sucessfull count :0
     first time count   : 0
     reload failed count: 0
     notloaded count    : 0
07/01 18:26:36 Load total sucessfull count :0
     first time count   : 0
     reload failed count: 0
     notloaded count    : 0
07/01 18:26:39 Load total sucessfull count :0
     first time count   : 0
     reload failed count: 0
     notloaded count    : 0
07/01 18:26:42 Load total sucessfull count :0
     first time count   : 0
     reload failed count: 0
     notloaded count    : 0
07/01 18:26:45 Load total sucessfull count :0
     first time count   : 0
     reload failed count: 0
     notloaded count    : 0
07/01 18:26:48 Load total sucessfull count :0
     first time count   : 0
     reload failed count: 0
     notloaded count    : 0
07/01 18:26:51 Load total sucessfull count :0
     first time count   : 0
     reload failed count: 0
     notloaded count    : 0
07/01 18:26:54 Load total sucessfull count :0
     first time count   : 0
     reload failed count: 0
     notloaded count    : 0
07/01 18:26:57 Load total sucessfull count :0
     first time count   : 0
     reload failed count: 0
     notloaded count    : 0
07/01 18:27:00 Load total sucessfull count :0
     first time count   : 0
     reload failed count: 0
     notloaded count    : 0
07/01 18:27:03 Load total sucessfull count :0
     first time count   : 0
     reload failed count: 0
     notloaded count    : 0
07/01 18:27:06 Load total sucessfull count :0
     first time count   : 0
     reload failed count: 0
     notloaded count    : 0
07/01 18:27:09 Load total sucessfull count :0
     first time count   : 0
     reload failed count: 0
     notloaded count    : 0
07/01 18:27:12 Load total sucessfull count :0
     first time count   : 0
     reload failed count: 0
     notloaded count    : 0
07/01 18:27:15 Load total sucessfull count :0
     first time count   : 0
     reload failed count: 0
     notloaded count    : 0
07/01 18:27:18 Load total sucessfull count :0
     first time count   : 0
     reload failed count: 0
     notloaded count    : 0
07/01 18:27:21 Load total sucessfull count :0
     first time count   : 0
     reload failed count: 0
     notloaded count    : 0
07/01 18:27:24 Load total sucessfull count :0
     first time count   : 0
     reload failed count: 0
     notloaded count    : 0
07/01 18:27:27 Load total sucessfull count :0
     first time count   : 0
     reload failed count: 0
     notloaded count    : 0
07/01 18:27:30 Load total sucessfull count :0
     first time count   : 0
     reload failed count: 0
     notloaded count    : 0
07/01 18:27:33 Load total sucessfull count :0
     first time count   : 0
     reload failed count: 0
     notloaded count    : 0
07/01 18:27:36 Load total sucessfull count :0
     first time count   : 0
     reload failed count: 0
     notloaded count    : 0
07/01 18:27:39 Load total sucessfull count :0
     first time count   : 0
     reload failed count: 0
     notloaded count    : 0
07/01 18:27:42 Load total sucessfull count :0
     first time count   : 0
     reload failed count: 0
     notloaded count    : 0
07/01 18:27:45 Load total sucessfull count :0
     first time count   : 0
     reload failed count: 0
     notloaded count    : 0
07/01 18:27:48 Load total sucessfull count :0
     first time count   : 0
     reload failed count: 0
     notloaded count    : 0
07/01 18:27:51 Load total sucessfull count :0
     first time count   : 0
     reload failed count: 0
     notloaded count    : 0
07/01 18:27:54 Load total sucessfull count :0
     first time count   : 0
     reload failed count: 0
     notloaded count    : 0
07/01 18:27:57 Load total sucessfull count :0
     first time count   : 0
     reload failed count: 0
     notloaded count    : 0
07/01 18:28:00 Load total sucessfull count :0
     first time count   : 0
     reload failed count: 0
     notloaded count    : 0
07/01 18:28:03 Load total sucessfull count :0
     first time count   : 0
     reload failed count: 0
     notloaded count    : 0
07/01 18:28:06 Load total sucessfull count :0
     first time count   : 0
     reload failed count: 0
     notloaded count    : 0
07/01 18:28:09 Load total sucessfull count :0
     first time count   : 0
     reload failed count: 0
     notloaded count    : 0
07/01 18:28:12 Load total sucessfull count :0
     first time count   : 0
     reload failed count: 0
     notloaded count    : 0
07/01 18:28:15 Load total sucessfull count :0
     first time count   : 0
     reload failed count: 0
     notloaded count    : 0
07/01 18:28:18 Load total sucessfull count :0
     first time count   : 0
     reload failed count: 0
     notloaded count    : 0
07/01 18:28:21 Load total sucessfull count :0
     first time count   : 0
     reload failed count: 0
     notloaded count    : 0
07/01 18:28:24 Load total sucessfull count :0
     first time count   : 0
     reload failed count: 0
     notloaded count    : 0
07/01 18:28:27 Load total sucessfull count :0
     first time count   : 0
     reload failed count: 0
     notloaded count    : 0
07/01 18:28:30 Load total sucessfull count :0
     first time count   : 0
     reload failed count: 0
     notloaded count    : 0
07/01 18:28:33 Load total sucessfull count :0
     first time count   : 0
     reload failed count: 0
     notloaded count    : 0
07/01 18:28:36 Load total sucessfull count :0
     first time count   : 0
     reload failed count: 0
     notloaded count    : 0
07/01 18:28:39 Load total sucessfull count :0
     first time count   : 0
     reload failed count: 0
     notloaded count    : 0
07/01 18:28:42 Load total sucessfull count :0
     first time count   : 0
     reload failed count: 0
     notloaded count    : 0
07/01 18:28:45 Load total sucessfull count :0
     first time count   : 0
     reload failed count: 0
     notloaded count    : 0
07/01 18:28:48 Load total sucessfull count :0
     first time count   : 0
     reload failed count: 0
     notloaded count    : 0
07/01 18:28:51 Load total sucessfull count :0
     first time count   : 0
     reload failed count: 0
     notloaded count    : 0
07/01 18:28:54 Load total sucessfull count :0
     first time count   : 0
     reload failed count: 0
     notloaded count    : 0
07/01 18:28:57 Load total sucessfull count :0
     first time count   : 0
     reload failed count: 0
     notloaded count    : 0
07/01 18:29:01 Load total sucessfull count :0
     first time count   : 0
     reload failed count: 0
     notloaded count    : 0
07/01 18:29:04 Load total sucessfull count :0
     first time count   : 0
     reload failed count: 0
     notloaded count    : 0
07/01 18:29:07 Load total sucessfull count :0
     first time count   : 0
     reload failed count: 0
     notloaded count    : 0
07/01 18:29:10 Load total sucessfull count :0
     first time count   : 0
     reload failed count: 0
     notloaded count    : 0
07/01 18:29:13 Load total sucessfull count :0
     first time count   : 0
     reload failed count: 0
     notloaded count    : 0
07/01 18:29:16 Load total sucessfull count :0
     first time count   : 0
     reload failed count: 0
     notloaded count    : 0
07/01 18:29:19 Load total sucessfull count :0
     first time count   : 0
     reload failed count: 0
     notloaded count    : 0
07/01 18:29:22 Load total sucessfull count :0
     first time count   : 0
     reload failed count: 0
     notloaded count    : 0
07/01 18:29:25 Load total sucessfull count :0
     first time count   : 0
     reload failed count: 0
     notloaded count    : 0
07/01 18:29:28 Load total sucessfull count :0
     first time count   : 0
     reload failed count: 0
     notloaded count    : 0
07/01 18:29:31 Load total sucessfull count :0
     first time count   : 0
     reload failed count: 0
     notloaded count    : 0
07/01 18:29:34 Load total sucessfull count :0
     first time count   : 0
     reload failed count: 0
     notloaded count    : 0
07/01 18:29:37 Load total sucessfull count :0
     first time count   : 0
     reload failed count: 0
     notloaded count    : 0
07/01 18:29:40 Load total sucessfull count :0
     first time count   : 0
     reload failed count: 0
     notloaded count    : 0
07/01 18:29:43 Load total sucessfull count :0
     first time count   : 0
     reload failed count: 0
     notloaded count    : 0
07/01 18:29:46 Load total sucessfull count :0
     first time count   : 0
     reload failed count: 0
     notloaded count    : 0
07/01 18:29:49 Load total sucessfull count :0
     first time count   : 0
     reload failed count: 0
     notloaded count    : 0
07/01 18:29:52 Load total sucessfull count :0
     first time count   : 0
     reload failed count: 0
     notloaded count    : 0
07/01 18:29:55 Load total sucessfull count :0
     first time count   : 0
     reload failed count: 0
     notloaded count    : 0
07/01 18:29:58 Load total sucessfull count :0
     first time count   : 0
     reload failed count: 0
     notloaded count    : 0
07/01 18:30:01 Load total sucessfull count :0
     first time count   : 0
     reload failed count: 0
     notloaded count    : 0
07/01 18:30:04 Load total sucessfull count :0
     first time count   : 0
     reload failed count: 0
     notloaded count    : 0
07/01 18:30:07 Load total sucessfull count :0
     first time count   : 0
     reload failed count: 0
     notloaded count    : 0
07/01 18:30:10 Load total sucessfull count :0
     first time count   : 0
     reload failed count: 0
     notloaded count    : 0
07/01 18:30:13 Load total sucessfull count :0
     first time count   : 0
     reload failed count: 0
     notloaded count    : 0
07/01 18:30:16 Load total sucessfull count :0
     first time count   : 0
     reload failed count: 0
     notloaded count    : 0
07/01 18:30:19 Load total sucessfull count :0
     first time count   : 0
     reload failed count: 0
     notloaded count    : 0
07/01 18:30:22 Load total sucessfull count :0
     first time count   : 0
     reload failed count: 0
     notloaded count    : 0
07/01 18:30:25 Load total sucessfull count :0
     first time count   : 0
     reload failed count: 0
     notloaded count    : 0
07/01 18:30:28 Load total sucessfull count :0
     first time count   : 0
     reload failed count: 0
     notloaded count    : 0
07/01 18:30:31 Load total sucessfull count :0
     first time count   : 0
     reload failed count: 0
     notloaded count    : 0
07/01 18:30:34 Load total sucessfull count :0
     first time count   : 0
     reload failed count: 0
     notloaded count    : 0
07/01 18:30:37 Load total sucessfull count :0
     first time count   : 0
     reload failed count: 0
     notloaded count    : 0
07/01 18:30:40 Load total sucessfull count :0
     first time count   : 0
     reload failed count: 0
     notloaded count    : 0
07/01 18:30:43 Load total sucessfull count :0
     first time count   : 0
     reload failed count: 0
     notloaded count    : 0
07/01 18:30:46 Load total sucessfull count :0
     first time count   : 0
     reload failed count: 0
     notloaded count    : 0
07/01 18:30:49 Load total sucessfull count :0
     first time count   : 0
     reload failed count: 0
     notloaded count    : 0
07/01 18:30:52 Load total sucessfull count :0
     first time count   : 0
     reload failed count: 0
     notloaded count    : 0
07/01 18:30:55 Load total sucessfull count :0
     first time count   : 0
     reload failed count: 0
     notloaded count    : 0
07/01 18:30:58 Load total sucessfull count :0
     first time count   : 0
     reload failed count: 0
     notloaded count    : 0
07/01 18:31:01 Load total sucessfull count :0
     first time count   : 0
     reload failed count: 0
     notloaded count    : 0
07/01 18:31:04 Load total sucessfull count :0
     first time count   : 0
     reload failed count: 0
     notloaded count    : 0
07/01 18:31:07 Load total sucessfull count :0
     first time count   : 0
     reload failed count: 0
     notloaded count    : 0
07/01 18:31:10 Load total sucessfull count :0
     first time count   : 0
     reload failed count: 0
     notloaded count    : 0
07/01 18:31:13 Load total sucessfull count :0
     first time count   : 0
     reload failed count: 0
     notloaded count    : 0
07/01 18:31:16 Load total sucessfull count :0
     first time count   : 0
     reload failed count: 0
     notloaded count    : 0
07/01 18:31:19 Load total sucessfull count :0
     first time count   : 0
     reload failed count: 0
     notloaded count    : 0
07/01 18:31:22 Load total sucessfull count :0
     first time count   : 0
     reload failed count: 0
     notloaded count    : 0
07/01 18:31:25 Load total sucessfull count :0
     first time count   : 0
     reload failed count: 0
     notloaded count    : 0
07/01 18:31:28 Load total sucessfull count :0
     first time count   : 0
     reload failed count: 0
     notloaded count    : 0
07/01 18:31:31 Load total sucessfull count :0
     first time count   : 0
     reload failed count: 0
     notloaded count    : 0
07/01 18:31:34 Load total sucessfull count :0
     first time count   : 0
     reload failed count: 0
     notloaded count    : 0
07/01 18:31:37 Load total sucessfull count :0
     first time count   : 0
     reload failed count: 0
     notloaded count    : 0
07/01 18:31:40 Load total sucessfull count :0
     first time count   : 0
     reload failed count: 0
     notloaded count    : 0
07/01 18:31:43 Load total sucessfull count :0
     first time count   : 0
     reload failed count: 0
     notloaded count    : 0
07/01 18:31:46 Load total sucessfull count :0
     first time count   : 0
     reload failed count: 0
     notloaded count    : 0
07/01 18:31:49 Load total sucessfull count :0
     first time count   : 0
     reload failed count: 0
     notloaded count    : 0
07/01 18:31:52 Load total sucessfull count :0
     first time count   : 0
     reload failed count: 0
     notloaded count    : 0
07/01 18:31:55 Load total sucessfull count :0
     first time count   : 0
     reload failed count: 0
     notloaded count    : 0
07/01 18:31:58 Load total sucessfull count :0
     first time count   : 0
     reload failed count: 0
     notloaded count    : 0
07/01 18:32:01 Load total sucessfull count :0
     first time count   : 0
     reload failed count: 0
     notloaded count    : 0
07/01 18:32:04 Load total sucessfull count :0
     first time count   : 0
     reload failed count: 0
     notloaded count    : 0
07/01 18:32:07 Load total sucessfull count :0
     first time count   : 0
     reload failed count: 0
     notloaded count    : 0
07/01 18:32:10 Load total sucessfull count :0
     first time count   : 0
     reload failed count: 0
     notloaded count    : 0
07/01 18:32:13 Load total sucessfull count :0
     first time count   : 0
     reload failed count: 0
     notloaded count    : 0
07/01 18:32:16 Load total sucessfull count :0
     first time count   : 0
     reload failed count: 0
     notloaded count    : 0
07/01 18:32:19 Load total sucessfull count :0
     first time count   : 0
     reload failed count: 0
     notloaded count    : 0
07/01 18:32:22 Load total sucessfull count :0
     first time count   : 0
     reload failed count: 0
     notloaded count    : 0
07/01 18:32:25 Load total sucessfull count :0
     first time count   : 0
     reload failed count: 0
     notloaded count    : 0
07/01 18:32:28 Load total sucessfull count :0
     first time count   : 0
     reload failed count: 0
     notloaded count    : 0
07/01 18:32:31 Load total sucessfull count :0
     first time count   : 0
     reload failed count: 0
     notloaded count    : 0
07/01 18:32:34 Load total sucessfull count :0
     first time count   : 0
     reload failed count: 0
     notloaded count    : 0
07/01 18:32:37 Load total sucessfull count :0
     first time count   : 0
     reload failed count: 0
     notloaded count    : 0
07/01 18:32:40 Load total sucessfull count :0
     first time count   : 0
     reload failed count: 0
     notloaded count    : 0
07/01 18:32:43 Load total sucessfull count :0
     first time count   : 0
     reload failed count: 0
     notloaded count    : 0
07/01 18:32:46 Load total sucessfull count :0
     first time count   : 0
     reload failed count: 0
     notloaded count    : 0
07/01 18:32:49 Load total sucessfull count :0
     first time count   : 0
     reload failed count: 0
     notloaded count    : 0
07/01 18:32:52 Load total sucessfull count :0
     first time count   : 0
     reload failed count: 0
     notloaded count    : 0
07/01 18:32:55 Load total sucessfull count :0
     first time count   : 0
     reload failed count: 0
     notloaded count    : 0
07/01 18:32:58 Load total sucessfull count :0
     first time count   : 0
     reload failed count: 0
     notloaded count    : 0
07/01 18:33:01 Load total sucessfull count :0
     first time count   : 0
     reload failed count: 0
     notloaded count    : 0
07/01 18:33:04 Load total sucessfull count :0
     first time count   : 0
     reload failed count: 0
     notloaded count    : 0
07/01 18:33:07 Load total sucessfull count :0
     first time count   : 0
     reload failed count: 0
     notloaded count    : 0
07/01 18:33:10 Load total sucessfull count :0
     first time count   : 0
     reload failed count: 0
     notloaded count    : 0
07/01 18:33:13 Load total sucessfull count :0
     first time count   : 0
     reload failed count: 0
     notloaded count    : 0
07/01 18:33:16 Load total sucessfull count :0
     first time count   : 0
     reload failed count: 0
     notloaded count    : 0
07/01 18:33:19 Load total sucessfull count :0
     first time count   : 0
     reload failed count: 0
     notloaded count    : 0
07/01 18:33:22 Load total sucessfull count :0
     first time count   : 0
     reload failed count: 0
     notloaded count    : 0
07/01 18:33:25 Load total sucessfull count :0
     first time count   : 0
     reload failed count: 0
     notloaded count    : 0
07/01 18:33:28 Load total sucessfull count :0
     first time count   : 0
     reload failed count: 0
     notloaded count    : 0
07/01 18:33:31 Load total sucessfull count :0
     first time count   : 0
     reload failed count: 0
     notloaded count    : 0
07/01 18:33:34 Load total sucessfull count :0
     first time count   : 0
     reload failed count: 0
     notloaded count    : 0
07/01 18:33:37 Load total sucessfull count :0
     first time count   : 0
     reload failed count: 0
     notloaded count    : 0
07/01 18:33:40 Load total sucessfull count :0
     first time count   : 0
     reload failed count: 0
     notloaded count    : 0
07/01 18:33:43 Load total sucessfull count :0
     first time count   : 0
     reload failed count: 0
     notloaded count    : 0
07/01 18:33:46 Load total sucessfull count :0
     first time count   : 0
     reload failed count: 0
     notloaded count    : 0
07/01 18:33:49 Load total sucessfull count :0
     first time count   : 0
     reload failed count: 0
     notloaded count    : 0
07/01 18:33:52 Load total sucessfull count :0
     first time count   : 0
     reload failed count: 0
     notloaded count    : 0
07/01 18:33:55 Load total sucessfull count :0
     first time count   : 0
     reload failed count: 0
     notloaded count    : 0
07/01 18:33:58 Load total sucessfull count :0
     first time count   : 0
     reload failed count: 0
     notloaded count    : 0
07/01 18:34:01 Load total sucessfull count :0
     first time count   : 0
     reload failed count: 0
     notloaded count    : 0
07/01 18:34:04 Load total sucessfull count :0
     first time count   : 0
     reload failed count: 0
     notloaded count    : 0
07/01 18:34:07 Load total sucessfull count :0
     first time count   : 0
     reload failed count: 0
     notloaded count    : 0
07/01 18:34:10 Load total sucessfull count :0
     first time count   : 0
     reload failed count: 0
     notloaded count    : 0
07/01 18:34:13 Load total sucessfull count :0
     first time count   : 0
     reload failed count: 0
     notloaded count    : 0
07/01 18:34:16 Load total sucessfull count :0
     first time count   : 0
     reload failed count: 0
     notloaded count    : 0
07/01 18:34:19 Load total sucessfull count :0
     first time count   : 0
     reload failed count: 0
     notloaded count    : 0
07/01 18:34:22 Load total sucessfull count :0
     first time count   : 0
     reload failed count: 0
     notloaded count    : 0
07/01 18:34:25 Load total sucessfull count :0
     first time count   : 0
     reload failed count: 0
     notloaded count    : 0
07/01 18:34:28 Load total sucessfull count :0
     first time count   : 0
     reload failed count: 0
     notloaded count    : 0
07/01 18:34:31 Load total sucessfull count :0
     first time count   : 0
     reload failed count: 0
     notloaded count    : 0
07/01 18:34:34 Load total sucessfull count :0
     first time count   : 0
     reload failed count: 0
     notloaded count    : 0
07/01 18:34:37 Load total sucessfull count :0
     first time count   : 0
     reload failed count: 0
     notloaded count    : 0
07/01 18:34:40 Load total sucessfull count :0
     first time count   : 0
     reload failed count: 0
     notloaded count    : 0
07/01 18:34:43 Load total sucessfull count :0
     first time count   : 0
     reload failed count: 0
     notloaded count    : 0
07/01 18:34:46 Load total sucessfull count :0
     first time count   : 0
     reload failed count: 0
     notloaded count    : 0
07/01 18:34:49 Load total sucessfull count :0
     first time count   : 0
     reload failed count: 0
     notloaded count    : 0
07/01 18:34:52 Load total sucessfull count :0
     first time count   : 0
     reload failed count: 0
     notloaded count    : 0
07/01 18:34:55 Load total sucessfull count :0
     first time count   : 0
     reload failed count: 0
     notloaded count    : 0
07/01 18:34:58 Load total sucessfull count :0
     first time count   : 0
     reload failed count: 0
     notloaded count    : 0
07/01 18:35:01 Load total sucessfull count :0
     first time count   : 0
     reload failed count: 0
     notloaded count    : 0
07/01 18:35:04 Load total sucessfull count :0
     first time count   : 0
     reload failed count: 0
     notloaded count    : 0
07/01 18:35:07 Load total sucessfull count :0
     first time count   : 0
     reload failed count: 0
     notloaded count    : 0
07/01 18:35:10 Load total sucessfull count :0
     first time count   : 0
     reload failed count: 0
     notloaded count    : 0
07/01 18:35:13 Load total sucessfull count :0
     first time count   : 0
     reload failed count: 0
     notloaded count    : 0
07/01 18:35:16 Load total sucessfull count :0
     first time count   : 0
     reload failed count: 0
     notloaded count    : 0
07/01 18:35:19 Load total sucessfull count :0
     first time count   : 0
     reload failed count: 0
     notloaded count    : 0
07/01 18:35:22 Load total sucessfull count :0
     first time count   : 0
     reload failed count: 0
     notloaded count    : 0
07/01 18:35:25 Load total sucessfull count :0
     first time count   : 0
     reload failed count: 0
     notloaded count    : 0
07/01 18:35:28 Load total sucessfull count :0
     first time count   : 0
     reload failed count: 0
     notloaded count    : 0
07/01 18:35:31 Load total sucessfull count :0
     first time count   : 0
     reload failed count: 0
     notloaded count    : 0
07/01 18:35:34 Load total sucessfull count :0
     first time count   : 0
     reload failed count: 0
     notloaded count    : 0
07/01 18:35:37 Load total sucessfull count :0
     first time count   : 0
     reload failed count: 0
     notloaded count    : 0
07/01 18:35:40 Load total sucessfull count :0
     first time count   : 0
     reload failed count: 0
     notloaded count    : 0
07/01 18:35:43 Load total sucessfull count :0
     first time count   : 0
     reload failed count: 0
     notloaded count    : 0
07/01 18:35:46 Load total sucessfull count :0
     first time count   : 0
     reload failed count: 0
     notloaded count    : 0
07/01 18:35:49 Load total sucessfull count :0
     first time count   : 0
     reload failed count: 0
     notloaded count    : 0
07/01 18:35:52 Load total sucessfull count :0
     first time count   : 0
     reload failed count: 0
     notloaded count    : 0
07/01 18:35:55 Load total sucessfull count :0
     first time count   : 0
     reload failed count: 0
     notloaded count    : 0
07/01 18:35:58 Load total sucessfull count :0
     first time count   : 0
     reload failed count: 0
     notloaded count    : 0
07/01 18:36:01 Load total sucessfull count :0
     first time count   : 0
     reload failed count: 0
     notloaded count    : 0
07/01 18:36:04 Load total sucessfull count :0
     first time count   : 0
     reload failed count: 0
     notloaded count    : 0
07/01 18:36:07 Load total sucessfull count :0
     first time count   : 0
     reload failed count: 0
     notloaded count    : 0
07/01 18:36:10 Load total sucessfull count :0
     first time count   : 0
     reload failed count: 0
     notloaded count    : 0
07/01 18:36:13 Load total sucessfull count :0
     first time count   : 0
     reload failed count: 0
     notloaded count    : 0
07/01 18:36:16 Load total sucessfull count :0
     first time count   : 0
     reload failed count: 0
     notloaded count    : 0
07/01 18:36:19 Load total sucessfull count :0
     first time count   : 0
     reload failed count: 0
     notloaded count    : 0
07/01 18:36:22 Load total sucessfull count :0
     first time count   : 0
     reload failed count: 0
     notloaded count    : 0
07/01 18:36:25 Load total sucessfull count :0
     first time count   : 0
     reload failed count: 0
     notloaded count    : 0
07/01 18:36:28 Load total sucessfull count :0
     first time count   : 0
     reload failed count: 0
     notloaded count    : 0
07/01 18:36:31 Load total sucessfull count :0
     first time count   : 0
     reload failed count: 0
     notloaded count    : 0
07/01 18:36:34 Load total sucessfull count :0
     first time count   : 0
     reload failed count: 0
     notloaded count    : 0
07/01 18:36:37 Load total sucessfull count :0
     first time count   : 0
     reload failed count: 0
     notloaded count    : 0
07/01 18:36:40 Load total sucessfull count :0
     first time count   : 0
     reload failed count: 0
     notloaded count    : 0
07/01 18:36:43 Load total sucessfull count :0
     first time count   : 0
     reload failed count: 0
     notloaded count    : 0
07/01 18:36:46 Load total sucessfull count :0
     first time count   : 0
     reload failed count: 0
     notloaded count    : 0
07/01 18:36:49 Load total sucessfull count :0
     first time count   : 0
     reload failed count: 0
     notloaded count    : 0
07/01 18:36:52 Load total sucessfull count :0
     first time count   : 0
     reload failed count: 0
     notloaded count    : 0
07/01 18:36:56 Load total sucessfull count :0
     first time count   : 0
     reload failed count: 0
     notloaded count    : 0
07/01 18:36:59 Load total sucessfull count :0
     first time count   : 0
     reload failed count: 0
     notloaded count    : 0
07/01 18:37:02 Load total sucessfull count :0
     first time count   : 0
     reload failed count: 0
     notloaded count    : 0
07/01 18:37:05 Load total sucessfull count :0
     first time count   : 0
     reload failed count: 0
     notloaded count    : 0
07/01 18:37:08 Load total sucessfull count :0
     first time count   : 0
     reload failed count: 0
     notloaded count    : 0
07/01 18:37:11 Load total sucessfull count :0
     first time count   : 0
     reload failed count: 0
     notloaded count    : 0
07/01 18:37:14 Load total sucessfull count :0
     first time count   : 0
     reload failed count: 0
     notloaded count    : 0
07/01 18:37:17 Load total sucessfull count :0
     first time count   : 0
     reload failed count: 0
     notloaded count    : 0
07/01 18:37:20 Load total sucessfull count :0
     first time count   : 0
     reload failed count: 0
     notloaded count    : 0
07/01 18:37:23 Load total sucessfull count :0
     first time count   : 0
     reload failed count: 0
     notloaded count    : 0
07/01 18:37:26 Load total sucessfull count :0
     first time count   : 0
     reload failed count: 0
     notloaded count    : 0
07/01 18:37:29 Load total sucessfull count :0
     first time count   : 0
     reload failed count: 0
     notloaded count    : 0
07/01 18:37:32 Load total sucessfull count :0
     first time count   : 0
     reload failed count: 0
     notloaded count    : 0
07/01 18:37:35 Load total sucessfull count :0
     first time count   : 0
     reload failed count: 0
     notloaded count    : 0
07/01 18:37:38 Load total sucessfull count :0
     first time count   : 0
     reload failed count: 0
     notloaded count    : 0
07/01 18:37:41 Load total sucessfull count :0
     first time count   : 0
     reload failed count: 0
     notloaded count    : 0
07/01 18:37:44 Load total sucessfull count :0
     first time count   : 0
     reload failed count: 0
     notloaded count    : 0
07/01 18:37:47 Load total sucessfull count :0
     first time count   : 0
     reload failed count: 0
     notloaded count    : 0
07/01 18:37:50 Load total sucessfull count :0
     first time count   : 0
     reload failed count: 0
     notloaded count    : 0
07/01 18:37:53 Load total sucessfull count :0
     first time count   : 0
     reload failed count: 0
     notloaded count    : 0
07/01 18:37:56 Load total sucessfull count :0
     first time count   : 0
     reload failed count: 0
     notloaded count    : 0
07/01 18:37:59 Load total sucessfull count :0
     first time count   : 0
     reload failed count: 0
     notloaded count    : 0
07/01 18:38:02 Load total sucessfull count :0
     first time count   : 0
     reload failed count: 0
     notloaded count    : 0
07/01 18:38:05 Load total sucessfull count :0
     first time count   : 0
     reload failed count: 0
     notloaded count    : 0
07/01 18:38:08 Load total sucessfull count :0
     first time count   : 0
     reload failed count: 0
     notloaded count    : 0
07/01 18:38:11 Load total sucessfull count :0
     first time count   : 0
     reload failed count: 0
     notloaded count    : 0
07/01 18:38:14 Load total sucessfull count :0
     first time count   : 0
     reload failed count: 0
     notloaded count    : 0
07/01 18:38:17 Load total sucessfull count :0
     first time count   : 0
     reload failed count: 0
     notloaded count    : 0
07/01 18:38:20 Load total sucessfull count :0
     first time count   : 0
     reload failed count: 0
     notloaded count    : 0
07/01 18:38:23 Load total sucessfull count :0
     first time count   : 0
     reload failed count: 0
     notloaded count    : 0
07/01 18:38:26 Load total sucessfull count :0
     first time count   : 0
     reload failed count: 0
     notloaded count    : 0
07/01 18:38:29 Load total sucessfull count :0
     first time count   : 0
     reload failed count: 0
     notloaded count    : 0
07/01 18:38:32 Load total sucessfull count :0
     first time count   : 0
     reload failed count: 0
     notloaded count    : 0
07/01 18:38:35 Load total sucessfull count :0
     first time count   : 0
     reload failed count: 0
     notloaded count    : 0
07/01 18:38:38 Load total sucessfull count :0
     first time count   : 0
     reload failed count: 0
     notloaded count    : 0
07/01 18:38:41 Load total sucessfull count :0
     first time count   : 0
     reload failed count: 0
     notloaded count    : 0
07/01 18:38:44 Load total sucessfull count :0
     first time count   : 0
     reload failed count: 0
     notloaded count    : 0
07/01 18:38:47 Load total sucessfull count :0
     first time count   : 0
     reload failed count: 0
     notloaded count    : 0
07/01 18:38:50 Load total sucessfull count :0
     first time count   : 0
     reload failed count: 0
     notloaded count    : 0
07/01 18:38:53 Load total sucessfull count :0
     first time count   : 0
     reload failed count: 0
     notloaded count    : 0
07/01 18:38:56 Load total sucessfull count :0
     first time count   : 0
     reload failed count: 0
     notloaded count    : 0
07/01 18:38:59 Load total sucessfull count :0
     first time count   : 0
     reload failed count: 0
     notloaded count    : 0
07/01 18:39:02 Load total sucessfull count :0
     first time count   : 0
     reload failed count: 0
     notloaded count    : 0
07/01 18:39:05 Load total sucessfull count :0
     first time count   : 0
     reload failed count: 0
     notloaded count    : 0
07/01 18:39:08 Load total sucessfull count :0
     first time count   : 0
     reload failed count: 0
     notloaded count    : 0
07/01 18:39:11 Load total sucessfull count :0
     first time count   : 0
     reload failed count: 0
     notloaded count    : 0
07/01 18:39:14 Load total sucessfull count :0
     first time count   : 0
     reload failed count: 0
     notloaded count    : 0
07/01 18:39:17 Load total sucessfull count :0
     first time count   : 0
     reload failed count: 0
     notloaded count    : 0
07/01 18:39:20 Load total sucessfull count :0
     first time count   : 0
     reload failed count: 0
     notloaded count    : 0
07/01 18:39:23 Load total sucessfull count :0
     first time count   : 0
     reload failed count: 0
     notloaded count    : 0
07/01 18:39:26 Load total sucessfull count :0
     first time count   : 0
     reload failed count: 0
     notloaded count    : 0
07/01 18:39:29 Load total sucessfull count :0
     first time count   : 0
     reload failed count: 0
     notloaded count    : 0
07/01 18:39:32 Load total sucessfull count :0
     first time count   : 0
     reload failed count: 0
     notloaded count    : 0
07/01 18:39:35 Load total sucessfull count :0
     first time count   : 0
     reload failed count: 0
     notloaded count    : 0
07/01 18:39:38 Load total sucessfull count :0
     first time count   : 0
     reload failed count: 0
     notloaded count    : 0
07/01 18:39:41 Load total sucessfull count :0
     first time count   : 0
     reload failed count: 0
     notloaded count    : 0
07/01 18:39:44 Load total sucessfull count :0
     first time count   : 0
     reload failed count: 0
     notloaded count    : 0
07/01 18:39:47 Load total sucessfull count :0
     first time count   : 0
     reload failed count: 0
     notloaded count    : 0
07/01 18:39:50 Load total sucessfull count :0
     first time count   : 0
     reload failed count: 0
     notloaded count    : 0
07/01 18:39:53 Load total sucessfull count :0
     first time count   : 0
     reload failed count: 0
     notloaded count    : 0
07/01 18:39:56 Load total sucessfull count :0
     first time count   : 0
     reload failed count: 0
     notloaded count    : 0
07/01 18:39:59 Load total sucessfull count :0
     first time count   : 0
     reload failed count: 0
     notloaded count    : 0
07/01 18:40:02 Load total sucessfull count :0
     first time count   : 0
     reload failed count: 0
     notloaded count    : 0
07/01 18:40:05 Load total sucessfull count :0
     first time count   : 0
     reload failed count: 0
     notloaded count    : 0
07/01 18:40:08 Load total sucessfull count :0
     first time count   : 0
     reload failed count: 0
     notloaded count    : 0
07/01 18:40:11 Load total sucessfull count :0
     first time count   : 0
     reload failed count: 0
     notloaded count    : 0
07/01 18:40:14 Load total sucessfull count :0
     first time count   : 0
     reload failed count: 0
     notloaded count    : 0
07/01 18:40:17 Load total sucessfull count :0
     first time count   : 0
     reload failed count: 0
     notloaded count    : 0
07/01 18:40:20 Load total sucessfull count :0
     first time count   : 0
     reload failed count: 0
     notloaded count    : 0
07/01 18:40:23 Load total sucessfull count :0
     first time count   : 0
     reload failed count: 0
     notloaded count    : 0
07/01 18:40:26 Load total sucessfull count :0
     first time count   : 0
     reload failed count: 0
     notloaded count    : 0
07/01 18:40:29 Load total sucessfull count :0
     first time count   : 0
     reload failed count: 0
     notloaded count    : 0
07/01 18:40:32 Load total sucessfull count :0
     first time count   : 0
     reload failed count: 0
     notloaded count    : 0
07/01 18:40:35 Load total sucessfull count :0
     first time count   : 0
     reload failed count: 0
     notloaded count    : 0
07/01 18:40:38 Load total sucessfull count :0
     first time count   : 0
     reload failed count: 0
     notloaded count    : 0
07/01 18:40:41 Load total sucessfull count :0
     first time count   : 0
     reload failed count: 0
     notloaded count    : 0
07/01 18:40:44 Load total sucessfull count :0
     first time count   : 0
     reload failed count: 0
     notloaded count    : 0
07/01 18:40:47 Load total sucessfull count :0
     first time count   : 0
     reload failed count: 0
     notloaded count    : 0
07/01 18:40:50 Load total sucessfull count :0
     first time count   : 0
     reload failed count: 0
     notloaded count    : 0
07/01 18:40:53 Load total sucessfull count :0
     first time count   : 0
     reload failed count: 0
     notloaded count    : 0
07/01 18:40:56 Load total sucessfull count :0
     first time count   : 0
     reload failed count: 0
     notloaded count    : 0
07/01 18:40:59 Load total sucessfull count :0
     first time count   : 0
     reload failed count: 0
     notloaded count    : 0
07/01 18:41:02 Load total sucessfull count :0
     first time count   : 0
     reload failed count: 0
     notloaded count    : 0
07/01 18:41:05 Load total sucessfull count :0
     first time count   : 0
     reload failed count: 0
     notloaded count    : 0
07/01 18:41:08 Load total sucessfull count :0
     first time count   : 0
     reload failed count: 0
     notloaded count    : 0
