07/01 18:03:09 Loading QuickServer v1.4.7 ...07/01 18:03:09  Done
07/01 18:03:09 - Unable to find required classes (javax.activation.DataHandler and javax.mail.internet.MimeMultipart). Attachment support is disabled.
07/01 18:03:10 
-------------------------------
 Name : SoapServer v 0.2.10
 Port : 8090
-------------------------------

08/01 13:39:10 Loading QuickServer v1.4.7 ...08/01 13:39:10  Done
08/01 13:39:13 - Unable to find required classes (javax.activation.DataHandler and javax.mail.internet.MimeMultipart). Attachment support is disabled.
08/01 13:39:18 
-------------------------------
 Name : SoapServer v 0.2.10
 Port : 8090
-------------------------------

08/01 13:39:19 Debug :false ,MSISDN :983000010, status :1, reasion : ,3
08/01 13:39:19 Debug :false ,MSISDN :983000012, status :1, reasion : ,3
08/01 13:39:19 Debug :false ,MSISDN :123456783, status :1, reasion : ,3
08/01 13:39:19 Debug :false ,MSISDN :123456782, status :1, reasion : ,3
08/01 13:39:19 Debug :false ,MSISDN :123456781, status :1, reasion : ,3
08/01 13:39:19 Debug :false ,MSISDN :983000012, status :1, reasion : ,3
08/01 13:39:19 Debug :false ,MSISDN :983000010, status :1, reasion : ,3
08/01 13:39:19 Debug :false ,MSISDN :123456783, status :1, reasion : ,3
08/01 13:39:19 Debug :false ,MSISDN :123456782, status :1, reasion : ,3
08/01 13:39:19 Debug :false ,MSISDN :123456781, status :1, reasion : ,3
08/01 13:39:20  MSISDN :983000010, status :2, reasion : NO_SMSC_AVARIABLE,3
08/01 13:39:20  MSISDN :983000012, status :2, reasion : NO_SMSC_AVARIABLE,3
08/01 13:39:20  MSISDN :123456781, status :2, reasion : NO_SMSC_AVARIABLE,3
08/01 13:39:20  MSISDN :123456783, status :2, reasion : NO_SMSC_AVARIABLE,3
08/01 13:39:20  MSISDN :983000012, status :2, reasion : NO_SMSC_AVARIABLE,3
08/01 13:39:20  MSISDN :123456782, status :2, reasion : NO_SMSC_AVARIABLE,3
08/01 13:39:20  MSISDN :123456781, status :2, reasion : NO_SMSC_AVARIABLE,3
08/01 13:39:20  MSISDN :123456782, status :2, reasion : NO_SMSC_AVARIABLE,3
08/01 13:39:20  MSISDN :983000010, status :2, reasion : NO_SMSC_AVARIABLE,3
08/01 13:39:20  MSISDN :123456783, status :2, reasion : NO_SMSC_AVARIABLE,3
08/01 13:39:23 Debug :false ,MSISDN :983000010, status :1, reasion : ,3
08/01 13:39:23 Debug :false ,MSISDN :123456783, status :1, reasion : ,3
08/01 13:39:23 Debug :false ,MSISDN :123456782, status :1, reasion : ,3
08/01 13:39:23 Debug :false ,MSISDN :123456781, status :1, reasion : ,3
08/01 13:39:23 Debug :false ,MSISDN :983000012, status :1, reasion : ,3
08/01 13:39:23 Debug :false ,MSISDN :983000010, status :1, reasion : ,3
08/01 13:39:23 Debug :false ,MSISDN :123456783, status :1, reasion : ,3
08/01 13:39:23 Debug :false ,MSISDN :123456782, status :1, reasion : ,3
08/01 13:39:23 Debug :false ,MSISDN :123456781, status :1, reasion : ,3
08/01 13:39:23 Debug :false ,MSISDN :983000012, status :1, reasion : ,3
08/01 13:39:24  MSISDN :123456781, status :2, reasion : NO_SMSC_AVARIABLE,3
08/01 13:39:24  MSISDN :983000010, status :2, reasion : NO_SMSC_AVARIABLE,3
08/01 13:39:24  MSISDN :123456781, status :2, reasion : NO_SMSC_AVARIABLE,3
08/01 13:39:24  MSISDN :123456782, status :2, reasion : NO_SMSC_AVARIABLE,3
08/01 13:39:24  MSISDN :123456783, status :2, reasion : NO_SMSC_AVARIABLE,3
08/01 13:39:24  MSISDN :123456783, status :2, reasion : NO_SMSC_AVARIABLE,3
08/01 13:39:24  MSISDN :983000012, status :2, reasion : NO_SMSC_AVARIABLE,3
08/01 13:39:24  MSISDN :983000010, status :2, reasion : NO_SMSC_AVARIABLE,3
08/01 13:39:24  MSISDN :983000012, status :2, reasion : NO_SMSC_AVARIABLE,3
08/01 13:39:24  MSISDN :123456782, status :2, reasion : NO_SMSC_AVARIABLE,3
08/01 13:40:46 Debug :false ,MSISDN :983000012, status :1, reasion : ,3
08/01 13:40:46 Debug :false ,MSISDN :983000010, status :1, reasion : ,3
08/01 13:40:46 Debug :false ,MSISDN :123456783, status :1, reasion : ,3
08/01 13:40:46 Debug :false ,MSISDN :123456782, status :1, reasion : ,3
08/01 13:40:46 Debug :false ,MSISDN :123456781, status :1, reasion : ,3
08/01 13:40:46  MSISDN :983000010, status :2, reasion : NO_SMSC_AVARIABLE,3
08/01 13:40:46  MSISDN :983000012, status :2, reasion : NO_SMSC_AVARIABLE,3
08/01 13:40:46  MSISDN :123456782, status :2, reasion : NO_SMSC_AVARIABLE,3
08/01 13:40:46  MSISDN :123456783, status :2, reasion : NO_SMSC_AVARIABLE,3
08/01 13:40:46  MSISDN :123456781, status :2, reasion : NO_SMSC_AVARIABLE,3
08/01 13:40:49 Debug :false ,MSISDN :983000012, status :1, reasion : ,3
08/01 13:40:49 Debug :false ,MSISDN :983000010, status :1, reasion : ,3
08/01 13:40:49 Debug :false ,MSISDN :123456783, status :1, reasion : ,3
08/01 13:40:49 Debug :false ,MSISDN :123456782, status :1, reasion : ,3
08/01 13:40:49 Debug :false ,MSISDN :123456781, status :1, reasion : ,3
08/01 13:40:49  MSISDN :983000012, status :2, reasion : NO_SMSC_AVARIABLE,3
08/01 13:40:49  MSISDN :123456781, status :2, reasion : NO_SMSC_AVARIABLE,3
08/01 13:40:49  MSISDN :983000010, status :2, reasion : NO_SMSC_AVARIABLE,3
08/01 13:40:49  MSISDN :123456782, status :2, reasion : NO_SMSC_AVARIABLE,3
08/01 13:40:49  MSISDN :123456783, status :2, reasion : NO_SMSC_AVARIABLE,3
08/01 13:49:02 Debug :false ,MSISDN :983000010, status :1, reasion : ,3
08/01 13:49:02 Debug :false ,MSISDN :123456783, status :1, reasion : ,3
08/01 13:49:02 Debug :false ,MSISDN :123456782, status :1, reasion : ,3
08/01 13:49:02 Debug :false ,MSISDN :123456781, status :1, reasion : ,3
08/01 13:49:02 Debug :false ,MSISDN :983000012, status :1, reasion : ,3
08/01 13:49:02  MSISDN :983000010, status :2, reasion : NO_SMSC_AVARIABLE,3
08/01 13:49:02  MSISDN :123456783, status :2, reasion : NO_SMSC_AVARIABLE,3
08/01 13:49:02  MSISDN :983000012, status :2, reasion : NO_SMSC_AVARIABLE,3
08/01 13:49:02  MSISDN :123456781, status :2, reasion : NO_SMSC_AVARIABLE,3
08/01 13:49:02  MSISDN :123456782, status :2, reasion : NO_SMSC_AVARIABLE,3
08/01 13:49:05 Debug :false ,MSISDN :983000010, status :1, reasion : ,3
08/01 13:49:05 Debug :false ,MSISDN :983000012, status :1, reasion : ,3
08/01 13:49:05 Debug :false ,MSISDN :123456781, status :1, reasion : ,3
08/01 13:49:05 Debug :false ,MSISDN :123456782, status :1, reasion : ,3
08/01 13:49:05  MSISDN :983000012, status :2, reasion : NO_SMSC_AVARIABLE,3
08/01 13:49:05  MSISDN :123456781, status :2, reasion : NO_SMSC_AVARIABLE,3
08/01 13:49:05 Debug :false ,MSISDN :123456783, status :1, reasion : ,3
08/01 13:49:05  MSISDN :983000010, status :2, reasion : NO_SMSC_AVARIABLE,3
08/01 13:49:05  MSISDN :123456782, status :2, reasion : NO_SMSC_AVARIABLE,3
08/01 13:49:05  MSISDN :123456783, status :2, reasion : NO_SMSC_AVARIABLE,3
08/01 13:50:24 Loading QuickServer v1.4.7 ...08/01 13:50:24  Done
08/01 13:50:26 - Unable to find required classes (javax.activation.DataHandler and javax.mail.internet.MimeMultipart). Attachment support is disabled.
08/01 13:50:29 
-------------------------------
 Name : SoapServer v 0.2.10
 Port : 8090
-------------------------------

08/01 13:52:22 Debug :false ,MSISDN :983000010, status :1, reasion : ,3
08/01 13:52:22 Debug :false ,MSISDN :983000012, status :1, reasion : ,3
08/01 13:52:22 Debug :false ,MSISDN :123456783, status :1, reasion : ,3
08/01 13:52:22 Debug :false ,MSISDN :123456782, status :1, reasion : ,3
08/01 13:52:22 Debug :false ,MSISDN :123456781, status :1, reasion : ,3
08/01 13:52:22  MSISDN :983000010, status :2, reasion : NO_SMSC_AVARIABLE,3
08/01 13:52:22  MSISDN :123456783, status :2, reasion : NO_SMSC_AVARIABLE,3
08/01 13:52:22  MSISDN :983000012, status :2, reasion : NO_SMSC_AVARIABLE,3
08/01 13:52:22  MSISDN :123456782, status :2, reasion : NO_SMSC_AVARIABLE,3
08/01 13:52:22  MSISDN :123456781, status :2, reasion : NO_SMSC_AVARIABLE,3
08/01 13:52:25 Debug :false ,MSISDN :983000010, status :1, reasion : ,3
08/01 13:52:25 Debug :false ,MSISDN :983000012, status :1, reasion : ,3
08/01 13:52:25 Debug :false ,MSISDN :123456781, status :1, reasion : ,3
08/01 13:52:25 Debug :false ,MSISDN :123456782, status :1, reasion : ,3
08/01 13:52:25  MSISDN :983000012, status :2, reasion : NO_SMSC_AVARIABLE,3
08/01 13:52:25  MSISDN :983000010, status :2, reasion : NO_SMSC_AVARIABLE,3
08/01 13:52:25 Debug :false ,MSISDN :123456783, status :1, reasion : ,3
08/01 13:52:25  MSISDN :123456781, status :2, reasion : NO_SMSC_AVARIABLE,3
08/01 13:52:25  MSISDN :123456783, status :2, reasion : NO_SMSC_AVARIABLE,3
08/01 13:52:25  MSISDN :123456782, status :2, reasion : NO_SMSC_AVARIABLE,3
08/01 13:56:35 Debug :false ,MSISDN :983000010, status :1, reasion : ,3
08/01 15:23:34 Debug :false ,MSISDN :983000012, status :1, reasion : ,3
08/01 15:23:34 Debug :false ,MSISDN :123456781, status :1, reasion : ,3
08/01 15:23:39  MSISDN :123456781, status :2, reasion : NO_SMSC_AVARIABLE,3
08/01 15:23:39 Debug :false ,MSISDN :123456782, status :1, reasion : ,3
08/01 15:23:39  MSISDN :123456782, status :2, reasion : NO_SMSC_AVARIABLE,3
08/01 15:23:39 Debug :false ,MSISDN :123456783, status :1, reasion : ,3
08/01 15:23:40  MSISDN :123456783, status :2, reasion : NO_SMSC_AVARIABLE,3
08/01 15:23:41 Debug :false ,MSISDN :123456781, status :1, reasion : ,3
08/01 15:23:41  MSISDN :123456781, status :2, reasion : NO_SMSC_AVARIABLE,3
08/01 15:23:41 Debug :false ,MSISDN :123456782, status :1, reasion : ,3
08/01 15:23:41  MSISDN :123456782, status :2, reasion : NO_SMSC_AVARIABLE,3
08/01 15:23:41 Debug :false ,MSISDN :123456783, status :1, reasion : ,3
08/01 15:23:41  MSISDN :123456783, status :2, reasion : NO_SMSC_AVARIABLE,3
08/01 15:40:57 Debug :false ,MSISDN :983000010, status :1, reasion : ,3
08/01 15:40:58 Debug :false ,MSISDN :123456783, status :1, reasion : ,3
08/01 15:40:58 Debug :false ,MSISDN :123456782, status :1, reasion : ,3
08/01 15:40:58 Debug :false ,MSISDN :123456781, status :1, reasion : ,3
08/01 15:40:58 Debug :false ,MSISDN :983000012, status :1, reasion : ,3
08/01 15:44:00 Debug :false ,MSISDN :123456782, status :1, reasion : ,3
08/01 15:44:51  MSISDN :123456782, status :2, reasion : NO_SMSC_AVARIABLE,3
08/01 16:02:40  MSISDN :123456781, status :2, reasion : NO_SMSC_AVARIABLE,3
08/01 16:02:43 Debug :false ,MSISDN :123456781, status :1, reasion : ,3
08/01 16:11:07  MSISDN :983000010, status :2, reasion : NO_SMSC_AVARIABLE,3
08/01 16:11:09 Debug :false ,MSISDN :983000010, status :1, reasion : ,3
08/01 16:11:09  MSISDN :983000010, status :2, reasion : NO_SMSC_AVARIABLE,3
08/01 16:11:09  MSISDN :123456783, status :2, reasion : NO_SMSC_AVARIABLE,3
08/01 16:11:12 Debug :false ,MSISDN :123456783, status :1, reasion : ,3
08/01 16:11:12  MSISDN :123456783, status :2, reasion : NO_SMSC_AVARIABLE,3
08/01 16:11:13  MSISDN :983000012, status :2, reasion : NO_SMSC_AVARIABLE,3
08/01 16:11:21 Debug :false ,MSISDN :983000012, status :1, reasion : ,3
08/01 16:11:21  MSISDN :983000012, status :2, reasion : NO_SMSC_AVARIABLE,3
08/01 16:11:30  MSISDN :123456782, status :2, reasion : NO_SMSC_AVARIABLE,3
08/01 16:11:34  MSISDN :123456781, status :2, reasion : NO_SMSC_AVARIABLE,3
08/01 16:29:32 Debug :false ,MSISDN :983000010, status :1, reasion : ,3
08/01 16:29:32 Debug :false ,MSISDN :123456783, status :1, reasion : ,3
08/01 16:29:32 Debug :false ,MSISDN :123456782, status :1, reasion : ,3
08/01 16:29:32 Debug :false ,MSISDN :123456781, status :1, reasion : ,3
08/01 16:29:32 Debug :false ,MSISDN :983000012, status :1, reasion : ,3
08/01 16:29:32  MSISDN :123456783, status :2, reasion : NO_SMSC_AVARIABLE,3
08/01 16:29:32  MSISDN :983000012, status :2, reasion : NO_SMSC_AVARIABLE,3
08/01 16:29:32  MSISDN :983000010, status :2, reasion : NO_SMSC_AVARIABLE,3
08/01 16:29:32  MSISDN :123456782, status :2, reasion : NO_SMSC_AVARIABLE,3
08/01 16:29:32  MSISDN :123456781, status :2, reasion : NO_SMSC_AVARIABLE,3
08/01 16:29:35 Debug :false ,MSISDN :983000010, status :1, reasion : ,3
08/01 16:29:35 Debug :false ,MSISDN :983000012, status :1, reasion : ,3
08/01 16:29:35 Debug :false ,MSISDN :123456781, status :1, reasion : ,3
08/01 16:29:35 Debug :false ,MSISDN :123456782, status :1, reasion : ,3
08/01 16:29:35  MSISDN :123456781, status :2, reasion : NO_SMSC_AVARIABLE,3
08/01 16:29:35 Debug :false ,MSISDN :123456783, status :1, reasion : ,3
08/01 16:29:35  MSISDN :983000012, status :2, reasion : NO_SMSC_AVARIABLE,3
08/01 16:29:35  MSISDN :983000010, status :2, reasion : NO_SMSC_AVARIABLE,3
08/01 16:29:35  MSISDN :123456783, status :2, reasion : NO_SMSC_AVARIABLE,3
08/01 16:29:35  MSISDN :123456782, status :2, reasion : NO_SMSC_AVARIABLE,3
08/01 17:40:16 Loading QuickServer v1.4.7 ...08/01 17:40:16  Done
08/01 17:40:17 - Unable to find required classes (javax.activation.DataHandler and javax.mail.internet.MimeMultipart). Attachment support is disabled.
08/01 17:40:20 
-------------------------------
 Name : SoapServer v 0.2.10
 Port : 8090
-------------------------------

08/01 17:40:21 Debug :false ,MSISDN :983000010, status :1, reasion : ,3
08/01 17:40:21 Debug :false ,MSISDN :983000012, status :1, reasion : ,3
08/01 17:40:21 Debug :false ,MSISDN :123456781, status :1, reasion : ,3
08/01 17:40:21 Debug :false ,MSISDN :123456783, status :1, reasion : ,3
08/01 17:40:21 Debug :false ,MSISDN :123456782, status :1, reasion : ,3
08/01 17:40:23  MSISDN :123456782, status :2, reasion : NO_SMSC_AVARIABLE,3
08/01 17:40:23  MSISDN :123456781, status :2, reasion : NO_SMSC_AVARIABLE,3
08/01 17:40:23  MSISDN :983000012, status :2, reasion : NO_SMSC_AVARIABLE,3
08/01 17:40:23  MSISDN :983000010, status :2, reasion : NO_SMSC_AVARIABLE,3
08/01 17:40:23  MSISDN :123456783, status :2, reasion : NO_SMSC_AVARIABLE,3
08/01 17:40:26 Debug :false ,MSISDN :983000010, status :1, reasion : ,3
08/01 17:40:26 Debug :false ,MSISDN :983000012, status :1, reasion : ,3
08/01 17:40:26 Debug :false ,MSISDN :123456781, status :1, reasion : ,3
08/01 17:40:26 Debug :false ,MSISDN :123456782, status :1, reasion : ,3
08/01 17:40:26  MSISDN :983000010, status :2, reasion : NO_SMSC_AVARIABLE,3
08/01 17:40:26 Debug :false ,MSISDN :123456783, status :1, reasion : ,3
08/01 17:40:26  MSISDN :983000012, status :2, reasion : NO_SMSC_AVARIABLE,3
08/01 17:40:26  MSISDN :123456781, status :2, reasion : NO_SMSC_AVARIABLE,3
08/01 17:40:26  MSISDN :123456782, status :2, reasion : NO_SMSC_AVARIABLE,3
08/01 17:40:26  MSISDN :123456783, status :2, reasion : NO_SMSC_AVARIABLE,3
08/01 17:40:44 Debug :false ,MSISDN :983000010, status :1, reasion : ,3
08/01 17:40:44 Debug :false ,MSISDN :983000012, status :1, reasion : ,3
08/01 17:40:44 Debug :false ,MSISDN :123456781, status :1, reasion : ,3
08/01 17:40:44  MSISDN :983000010, status :2, reasion : NO_SMSC_AVARIABLE,3
08/01 17:40:44 Debug :false ,MSISDN :123456782, status :1, reasion : ,3
08/01 17:40:44  MSISDN :983000012, status :2, reasion : NO_SMSC_AVARIABLE,3
08/01 17:40:44 Debug :false ,MSISDN :123456783, status :1, reasion : ,3
08/01 17:40:44  MSISDN :123456781, status :2, reasion : NO_SMSC_AVARIABLE,3
08/01 17:40:44  MSISDN :123456782, status :2, reasion : NO_SMSC_AVARIABLE,3
08/01 17:40:44  MSISDN :123456783, status :2, reasion : NO_SMSC_AVARIABLE,3
08/01 17:40:47 Debug :false ,MSISDN :983000010, status :1, reasion : ,3
08/01 17:40:47 Debug :false ,MSISDN :983000012, status :1, reasion : ,3
08/01 17:40:47 Debug :false ,MSISDN :983000010, status :1, reasion : ,3
08/01 17:40:47 Debug :false ,MSISDN :983000012, status :1, reasion : ,3
08/01 17:40:47  MSISDN :983000010, status :2, reasion : NO_SMSC_AVARIABLE,3
08/01 17:40:47  MSISDN :983000012, status :2, reasion : NO_SMSC_AVARIABLE,3
08/01 17:40:47 Debug :false ,MSISDN :123456781, status :1, reasion : ,3
08/01 17:40:47  MSISDN :983000010, status :2, reasion : NO_SMSC_AVARIABLE,3
08/01 17:40:47 Debug :false ,MSISDN :123456782, status :1, reasion : ,3
08/01 17:40:47  MSISDN :983000012, status :2, reasion : NO_SMSC_AVARIABLE,3
08/01 17:40:47 Debug :false ,MSISDN :123456783, status :1, reasion : ,3
08/01 17:40:47  MSISDN :123456781, status :2, reasion : NO_SMSC_AVARIABLE,3
08/01 17:40:47  MSISDN :123456782, status :2, reasion : NO_SMSC_AVARIABLE,3
08/01 17:40:47  MSISDN :123456783, status :2, reasion : NO_SMSC_AVARIABLE,3
08/01 17:48:06 Loading QuickServer v1.4.7 ...08/01 17:48:06  Done
08/01 17:48:06 - Unable to find required classes (javax.activation.DataHandler and javax.mail.internet.MimeMultipart). Attachment support is disabled.
08/01 17:48:08 
-------------------------------
 Name : SoapServer v 0.2.10
 Port : 8090
-------------------------------

08/01 17:48:10 Debug :false ,MSISDN :983000010, status :1, reasion : ,3
08/01 17:48:10 Debug :false ,MSISDN :983000012, status :1, reasion : ,3
08/01 17:48:10 Debug :false ,MSISDN :123456781, status :1, reasion : ,3
08/01 17:48:10  MSISDN :983000010, status :2, reasion : NO_SMSC_AVARIABLE,3
08/01 17:48:10 Debug :false ,MSISDN :123456782, status :1, reasion : ,3
08/01 17:48:10 Debug :false ,MSISDN :123456783, status :1, reasion : ,3
08/01 17:48:10  MSISDN :123456781, status :2, reasion : NO_SMSC_AVARIABLE,3
08/01 17:48:10  MSISDN :123456782, status :2, reasion : NO_SMSC_AVARIABLE,3
08/01 17:48:10  MSISDN :123456783, status :2, reasion : NO_SMSC_AVARIABLE,3
08/01 17:48:10  MSISDN :983000012, status :2, reasion : NO_SMSC_AVARIABLE,3
08/01 17:48:13 Debug :false ,MSISDN :983000010, status :1, reasion : ,3
08/01 17:48:13 Debug :false ,MSISDN :983000012, status :1, reasion : ,3
08/01 17:48:13 Debug :false ,MSISDN :123456781, status :1, reasion : ,3
08/01 17:48:13 Debug :false ,MSISDN :123456782, status :1, reasion : ,3
08/01 17:48:13  MSISDN :983000010, status :2, reasion : NO_SMSC_AVARIABLE,3
08/01 17:48:13 Debug :false ,MSISDN :123456783, status :1, reasion : ,3
08/01 17:48:13  MSISDN :983000012, status :2, reasion : NO_SMSC_AVARIABLE,3
08/01 17:48:13  MSISDN :123456781, status :2, reasion : NO_SMSC_AVARIABLE,3
08/01 17:48:13  MSISDN :123456782, status :2, reasion : NO_SMSC_AVARIABLE,3
08/01 17:48:13  MSISDN :123456783, status :2, reasion : NO_SMSC_AVARIABLE,3
08/01 17:48:34 Debug :false ,MSISDN :983000010, status :1, reasion : ,3
08/01 17:48:34 Debug :false ,MSISDN :983000012, status :1, reasion : ,3
08/01 17:48:34 Debug :false ,MSISDN :123456781, status :1, reasion : ,3
08/01 17:48:34 Debug :false ,MSISDN :123456782, status :1, reasion : ,3
08/01 17:48:34  MSISDN :983000010, status :2, reasion : NO_SMSC_AVARIABLE,3
08/01 17:48:34 Debug :false ,MSISDN :123456783, status :1, reasion : ,3
08/01 17:48:34  MSISDN :983000012, status :2, reasion : NO_SMSC_AVARIABLE,3
08/01 17:48:34  MSISDN :123456782, status :2, reasion : NO_SMSC_AVARIABLE,3
08/01 17:48:34  MSISDN :123456781, status :2, reasion : NO_SMSC_AVARIABLE,3
08/01 17:48:34  MSISDN :123456783, status :2, reasion : NO_SMSC_AVARIABLE,3
08/01 17:48:37 Debug :false ,MSISDN :983000010, status :1, reasion : ,3
08/01 17:48:37 Debug :false ,MSISDN :983000012, status :1, reasion : ,3
08/01 17:48:37 Debug :false ,MSISDN :123456781, status :1, reasion : ,3
08/01 17:48:37 Debug :false ,MSISDN :123456782, status :1, reasion : ,3
08/01 17:48:37  MSISDN :983000010, status :2, reasion : NO_SMSC_AVARIABLE,3
08/01 17:48:37 Debug :false ,MSISDN :123456783, status :1, reasion : ,3
08/01 17:48:37  MSISDN :983000012, status :2, reasion : NO_SMSC_AVARIABLE,3
08/01 17:48:37  MSISDN :123456781, status :2, reasion : NO_SMSC_AVARIABLE,3
08/01 17:48:37  MSISDN :123456782, status :2, reasion : NO_SMSC_AVARIABLE,3
08/01 17:48:37  MSISDN :123456783, status :2, reasion : NO_SMSC_AVARIABLE,3
