07/01 18:03:11 MOProcessor started
07/01 18:03:11 Duration from last print: 2 s
	Total of Processed: 0
	Total of Successed: 0
07/01 18:03:11 Thread 0 :Split Thread 0 started
07/01 18:04:51 Duration from last print: 100 s
	Total of Processed: 0
	Total of Successed: 0
07/01 18:04:51 Duration from last warn: 100 s
	L3 CRITICAL: Total of Processed is zero for 102 s
	L3 CRITICAL: Total of Successed is zero for 102 s
07/01 18:06:31 Duration from last print: 100 s
	Total of Processed: 0
	Total of Successed: 0
07/01 18:06:31 Duration from last warn: 100 s
	L3 CRITICAL: Total of Processed is zero for 202 s
	L3 CRITICAL: Total of Successed is zero for 202 s
07/01 18:08:11 Duration from last print: 100 s
	Total of Processed: 0
	Total of Successed: 0
07/01 18:08:11 Duration from last warn: 100 s
	L3 CRITICAL: Total of Processed is zero for 302 s
	L3 CRITICAL: Total of Successed is zero for 302 s
07/01 18:09:51 Duration from last print: 100 s
	Total of Processed: 0
	Total of Successed: 0
07/01 18:09:51 Duration from last warn: 100 s
	L3 CRITICAL: Total of Processed is zero for 402 s
	L3 CRITICAL: Total of Successed is zero for 402 s
07/01 18:11:31 Duration from last print: 100 s
	Total of Processed: 0
	Total of Successed: 0
07/01 18:11:31 Duration from last warn: 100 s
	L3 CRITICAL: Total of Processed is zero for 502 s
	L3 CRITICAL: Total of Successed is zero for 502 s
07/01 18:13:11 Duration from last print: 100 s
	Total of Processed: 0
	Total of Successed: 0
07/01 18:13:11 Duration from last warn: 100 s
	L3 CRITICAL: Total of Processed is zero for 602 s
	L3 CRITICAL: Total of Successed is zero for 602 s
07/01 18:14:51 Duration from last print: 100 s
	Total of Processed: 0
	Total of Successed: 0
07/01 18:14:51 Duration from last warn: 100 s
	L3 CRITICAL: Total of Processed is zero for 702 s
	L3 CRITICAL: Total of Successed is zero for 702 s
07/01 18:16:31 Duration from last print: 100 s
	Total of Processed: 0
	Total of Successed: 0
07/01 18:16:31 Duration from last warn: 100 s
	L3 CRITICAL: Total of Processed is zero for 802 s
	L3 CRITICAL: Total of Successed is zero for 802 s
07/01 18:18:11 Duration from last print: 100 s
	Total of Processed: 0
	Total of Successed: 0
07/01 18:18:11 Duration from last warn: 100 s
	L3 CRITICAL: Total of Processed is zero for 902 s
	L3 CRITICAL: Total of Successed is zero for 902 s
07/01 18:19:51 Duration from last print: 100 s
	Total of Processed: 0
	Total of Successed: 0
07/01 18:19:51 Duration from last warn: 100 s
	L3 CRITICAL: Total of Processed is zero for 1002 s
	L3 CRITICAL: Total of Successed is zero for 1002 s
07/01 18:21:31 Duration from last print: 100 s
	Total of Processed: 0
	Total of Successed: 0
07/01 18:21:31 Duration from last warn: 100 s
	L3 CRITICAL: Total of Processed is zero for 1102 s
	L3 CRITICAL: Total of Successed is zero for 1102 s
07/01 18:23:11 Duration from last print: 100 s
	Total of Processed: 0
	Total of Successed: 0
07/01 18:23:11 Duration from last warn: 100 s
	L3 CRITICAL: Total of Processed is zero for 1202 s
	L3 CRITICAL: Total of Successed is zero for 1202 s
07/01 18:24:51 Duration from last print: 100 s
	Total of Processed: 0
	Total of Successed: 0
07/01 18:24:51 Duration from last warn: 100 s
	L3 CRITICAL: Total of Processed is zero for 1302 s
	L3 CRITICAL: Total of Successed is zero for 1302 s
07/01 18:26:31 Duration from last print: 100 s
	Total of Processed: 0
	Total of Successed: 0
07/01 18:26:31 Duration from last warn: 100 s
	L3 CRITICAL: Total of Processed is zero for 1402 s
	L3 CRITICAL: Total of Successed is zero for 1402 s
07/01 18:28:11 Duration from last print: 100 s
	Total of Processed: 0
	Total of Successed: 0
07/01 18:28:11 Duration from last warn: 100 s
	L3 CRITICAL: Total of Processed is zero for 1502 s
	L3 CRITICAL: Total of Successed is zero for 1502 s
07/01 18:29:51 Duration from last print: 100 s
	Total of Processed: 0
	Total of Successed: 0
07/01 18:29:51 Duration from last warn: 100 s
	L3 CRITICAL: Total of Processed is zero for 1602 s
	L3 CRITICAL: Total of Successed is zero for 1602 s
07/01 18:31:32 Duration from last print: 100 s
	Total of Processed: 0
	Total of Successed: 0
07/01 18:31:32 Duration from last warn: 100 s
	L3 CRITICAL: Total of Processed is zero for 1702 s
	L3 CRITICAL: Total of Successed is zero for 1702 s
07/01 18:33:12 Duration from last print: 100 s
	Total of Processed: 0
	Total of Successed: 0
07/01 18:33:12 Duration from last warn: 100 s
	L3 CRITICAL: Total of Processed is zero for 1802 s
	L3 CRITICAL: Total of Successed is zero for 1802 s
07/01 18:34:52 Duration from last print: 100 s
	Total of Processed: 0
	Total of Successed: 0
07/01 18:34:52 Duration from last warn: 100 s
	L3 CRITICAL: Total of Processed is zero for 1902 s
	L3 CRITICAL: Total of Successed is zero for 1902 s
07/01 18:36:32 Duration from last print: 100 s
	Total of Processed: 0
	Total of Successed: 0
07/01 18:36:32 Duration from last warn: 100 s
	L3 CRITICAL: Total of Processed is zero for 2002 s
	L3 CRITICAL: Total of Successed is zero for 2002 s
07/01 18:38:12 Duration from last print: 100 s
	Total of Processed: 0
	Total of Successed: 0
07/01 18:38:12 Duration from last warn: 100 s
	L3 CRITICAL: Total of Processed is zero for 2102 s
	L3 CRITICAL: Total of Successed is zero for 2102 s
07/01 18:39:52 Duration from last print: 100 s
	Total of Processed: 0
	Total of Successed: 0
07/01 18:39:52 Duration from last warn: 100 s
	L3 CRITICAL: Total of Processed is zero for 2202 s
	L3 CRITICAL: Total of Successed is zero for 2202 s
